#
# There is insufficient memory for the Java Runtime Environment to continue.
# Native memory allocation (malloc) failed to allocate 412016 bytes for Chunk::new
# Possible reasons:
#   The system is out of physical RAM or swap space
#   In 32 bit mode, the process size limit was hit
# Possible solutions:
#   Reduce memory load on the system
#   Increase physical memory or swap space
#   Check if swap backing store is full
#   Use 64 bit Java on a 64 bit OS
#   Decrease Java heap size (-Xmx/-Xms)
#   Decrease number of Java threads
#   Decrease Java thread stack sizes (-Xss)
#   Set larger code cache with -XX:ReservedCodeCacheSize=
# This output file may be truncated or incomplete.
#
#  Out of Memory Error (allocation.cpp:323), pid=9220, tid=5564
#
# JRE version: Java(TM) SE Runtime Environment (7.0_75-b13) (build 1.7.0_75-b13)
# Java VM: Java HotSpot(TM) 64-Bit Server VM (24.75-b04 mixed mode windows-amd64 compressed oops)
# Failed to write core dump. Minidumps are not enabled by default on client versions of Windows
#

---------------  T H R E A D  ---------------

Current thread (0x000000000897e800):  JavaThread "C2 CompilerThread0" daemon [_thread_in_native, id=5564, stack(0x0000000009ee0000,0x0000000009fe0000)]

Stack: [0x0000000009ee0000,0x0000000009fe0000]
[error occurred during error reporting (printing stack bounds), id 0xc0000005]


[error occurred during error reporting (printing native stack), id 0xc0000005]


Current CompileTask:
C2:    827  210             com.android.dx.ssa.Dominators::run (506 bytes)


---------------  P R O C E S S  ---------------

Java Threads: ( => current thread )
  0x0000000008983000 JavaThread "Service Thread" daemon [_thread_blocked, id=1324, stack(0x000000000a0e0000,0x000000000a1e0000)]
  0x0000000008980800 JavaThread "C2 CompilerThread1" daemon [_thread_in_native, id=8856, stack(0x0000000009fe0000,0x000000000a0e0000)]
=>0x000000000897e800 JavaThread "C2 CompilerThread0" daemon [_thread_in_native, id=5564, stack(0x0000000009ee0000,0x0000000009fe0000)]
  0x000000000897e000 JavaThread "Attach Listener" daemon [_thread_blocked, id=2500, stack(0x0000000009de0000,0x0000000009ee0000)]
  0x000000000897b000 JavaThread "Signal Dispatcher" daemon [_thread_blocked, id=11516, stack(0x0000000009ce0000,0x0000000009de0000)]
  0x0000000002acc000 JavaThread "Finalizer" daemon [_thread_blocked, id=2584, stack(0x0000000009be0000,0x0000000009ce0000)]
  0x0000000002ac2000 JavaThread "Reference Handler" daemon [_thread_blocked, id=324, stack(0x0000000009ae0000,0x0000000009be0000)]
  0x00000000029e2800 JavaThread "main" [_thread_in_Java, id=8072, stack(0x00000000028e0000,0x00000000029e0000)]

Other Threads:
  0x0000000008952800 VMThread [stack: 0x00000000099e0000,0x0000000009ae0000] [id=1812]
  0x0000000008994800 WatcherThread [stack: 0x000000000a1e0000,0x000000000a2e0000] [id=12196]

VM state:not at safepoint (normal execution)

VM Mutex/Monitor currently owned by a thread: None

Heap
 PSYoungGen      total 38400K, used 30675K [0x00000000eaa80000, 0x00000000ed500000, 0x0000000100000000)
  eden space 33280K, 92% used [0x00000000eaa80000,0x00000000ec874ea8,0x00000000ecb00000)
  from space 5120K, 0% used [0x00000000ed000000,0x00000000ed000000,0x00000000ed500000)
  to   space 5120K, 0% used [0x00000000ecb00000,0x00000000ecb00000,0x00000000ed000000)
 ParOldGen       total 86528K, used 0K [0x00000000c0000000, 0x00000000c5480000, 0x00000000eaa80000)
  object space 86528K, 0% used [0x00000000c0000000,0x00000000c0000000,0x00000000c5480000)
 PSPermGen       total 21504K, used 5050K [0x00000000bae00000, 0x00000000bc300000, 0x00000000c0000000)
  object space 21504K, 23% used [0x00000000bae00000,0x00000000bb2eeac8,0x00000000bc300000)

Card table byte_map: [0x0000000005ba0000,0x0000000005dd0000] byte_map_base: 0x00000000055c9000

Polling page: 0x0000000001030000

Code Cache  [0x0000000002ae0000, 0x0000000002d50000, 0x0000000005ae0000)
 total_blobs=424 nmethods=214 adapters=162 free_code_cache=48357Kb largest_free_block=49476416

Compilation events (10 events):
Event: 0.780 Thread 0x000000000897e800 nmethod 207 0x0000000002b9ee50 code [0x0000000002b9efc0, 0x0000000002b9f208]
Event: 0.780 Thread 0x000000000897e800  208             java.util.Collections$UnmodifiableCollection$1::hasNext (10 bytes)
Event: 0.780 Thread 0x000000000897e800 nmethod 208 0x0000000002b98f10 code [0x0000000002b99060, 0x0000000002b99118]
Event: 0.780 Thread 0x000000000897e800  209             com.android.dx.util.Bits::clear (21 bytes)
Event: 0.780 Thread 0x000000000897e800 nmethod 209 0x0000000002b9ebd0 code [0x0000000002b9ed00, 0x0000000002b9ed98]
Event: 0.780 Thread 0x000000000897e800  210             com.android.dx.ssa.Dominators::run (506 bytes)
Event: 0.799 Thread 0x0000000008980800 nmethod 192 0x0000000002ba6f50 code [0x0000000002ba72e0, 0x0000000002ba97f8]
Event: 0.799 Thread 0x0000000008980800  211             com.android.dx.ssa.SsaRenamer$BlockRenamer::process (191 bytes)
Event: 0.814 Thread 0x0000000008980800 nmethod 211 0x0000000002bac810 code [0x0000000002baca80, 0x0000000002bad970]
Event: 0.815 Thread 0x0000000008980800  212             com.android.dx.cf.code.BasicBlocker::getBlockList (208 bytes)

GC Heap History (0 events):
No events

Deoptimization events (10 events):
Event: 0.643 Thread 0x00000000029e2800 Uncommon trap: reason=class_check action=maybe_recompile pc=0x0000000002b5aef0 method=com.android.dx.ssa.SsaMethod.deleteInsns(Ljava/util/Set;)V @ 54
Event: 0.643 Thread 0x00000000029e2800 Uncommon trap: reason=class_check action=maybe_recompile pc=0x0000000002b595fc method=com.android.dx.ssa.SsaBasicBlock.forEachInsn(Lcom/android/dx/ssa/SsaInsn$Visitor;)V @ 23
Event: 0.643 Thread 0x00000000029e2800 Uncommon trap: reason=class_check action=maybe_recompile pc=0x0000000002b5aef0 method=com.android.dx.ssa.SsaMethod.deleteInsns(Ljava/util/Set;)V @ 54
Event: 0.643 Thread 0x00000000029e2800 Uncommon trap: reason=class_check action=maybe_recompile pc=0x0000000002b5aef0 method=com.android.dx.ssa.SsaMethod.deleteInsns(Ljava/util/Set;)V @ 54
Event: 0.644 Thread 0x00000000029e2800 Uncommon trap: reason=uninitialized action=reinterpret pc=0x0000000002b64994 method=com.android.dx.dex.cf.CfTranslator.translate0(Lcom/android/dx/cf/direct/DirectClassFile;[BLcom/android/dx/dex/cf/CfOptions;Lcom/android/dx/dex/DexOptions;Lcom/android/dx/deš†µpªYå?
Event: 0.667 Thread 0x00000000029e2800 Uncommon trap: reason=class_check action=maybe_recompile pc=0x0000000002b7cb90 method=com.android.dx.rop.type.Type.equals(Ljava/lang/Object;)Z @ 8
Event: 0.668 Thread 0x00000000029e2800 Uncommon trap: reason=class_check action=maybe_recompile pc=0x0000000002b7cb90 method=com.android.dx.rop.type.Type.equals(Ljava/lang/Object;)Z @ 8
Event: 0.669 Thread 0x00000000029e2800 Uncommon trap: reason=class_check action=maybe_recompile pc=0x0000000002b7cb90 method=com.android.dx.rop.type.Type.equals(Ljava/lang/Object;)Z @ 8
Event: 0.672 Thread 0x00000000029e2800 Uncommon trap: reason=class_check action=maybe_recompile pc=0x0000000002b7cb90 method=com.android.dx.rop.type.Type.equals(Ljava/lang/Object;)Z @ 8
Event: 0.714 Thread 0x00000000029e2800 Uncommon trap: reason=null_check action=make_not_entrant pc=0x0000000002b88c10 method=com.android.dx.rop.code.LocalItem.equals(Ljava/lang/Object;)Z @ 1

Internal exceptions (10 events):
Event: 0.642 Thread 0x00000000029e2800 Threw 0x00000000ebfaf028 at C:\re\jdk7u75\1940\hotspot\src\share\vm\prims\jvm.cpp:1281
Event: 0.643 Thread 0x00000000029e2800 Threw 0x00000000ebfb5f38 at C:\re\jdk7u75\1940\hotspot\src\share\vm\prims\jvm.cpp:1281
Event: 0.651 Thread 0x00000000029e2800 Threw 0x00000000ebff3530 at C:\re\jdk7u75\1940\hotspot\src\share\vm\prims\jvm.cpp:1281
Event: 0.651 Thread 0x00000000029e2800 Threw 0x00000000ebff8220 at C:\re\jdk7u75\1940\hotspot\src\share\vm\prims\jvm.cpp:1281
Event: 0.663 Thread 0x00000000029e2800 Threw 0x00000000ec0677f8 at C:\re\jdk7u75\1940\hotspot\src\share\vm\prims\jvm.cpp:1281
Event: 0.665 Thread 0x00000000029e2800 Threw 0x00000000ec079438 at C:\re\jdk7u75\1940\hotspot\src\share\vm\prims\jvm.cpp:1281
Event: 0.714 Thread 0x00000000029e2800 Implicit null exception at 0x0000000002b888a3 to 0x0000000002b88bf5
Event: 0.724 Thread 0x00000000029e2800 Threw 0x00000000ec2ddf10 at C:\re\jdk7u75\1940\hotspot\src\share\vm\prims\jvm.cpp:1281
Event: 0.794 Thread 0x00000000029e2800 Threw 0x00000000ec6391b8 at C:\re\jdk7u75\1940\hotspot\src\share\vm\prims\jvm.cpp:1281
Event: 0.797 Thread 0x00000000029e2800 Threw 0x00000000ec65edf8 at C:\re\jdk7u75\1940\hotspot\src\share\vm\prims\jvm.cpp:1281

Events (10 events):
Event: 0.672 Thread 0x00000000029e2800 DEOPT UNPACKING pc=0x0000000002b175a4 sp=0x00000000029de0f8 mode 2
Event: 0.714 Thread 0x00000000029e2800 Uncommon trap: trap_request=0xfffffff4 fr.pc=0x0000000002b88c10
Event: 0.714 Thread 0x00000000029e2800 DEOPT PACKING pc=0x0000000002b88c10 sp=0x00000000029de530
Event: 0.714 Thread 0x00000000029e2800 DEOPT UNPACKING pc=0x0000000002b175a4 sp=0x00000000029de470 mode 2
Event: 0.724 loading class 0x00000000089be230
Event: 0.724 loading class 0x00000000089be230 done
Event: 0.794 loading class 0x000000000a416240
Event: 0.794 loading class 0x000000000a416240 done
Event: 0.797 loading class 0x000000000a40bf50
Event: 0.797 loading class 0x000000000a40bf50 done


Dynamic libraries:
0x00007ff650270000 - 0x00007ff6502a3000 	C:\Program Files\Java\jdk1.7.0_75\bin\java.exe
0x00007ffd74d70000 - 0x00007ffd74f1c000 	C:\WINDOWS\SYSTEM32\ntdll.dll
0x00007ffd748e0000 - 0x00007ffd74a1e000 	C:\WINDOWS\system32\KERNEL32.DLL
0x00007ffd72020000 - 0x00007ffd72135000 	C:\WINDOWS\system32\KERNELBASE.dll
0x00007ffd70960000 - 0x00007ffd709ee000 	C:\WINDOWS\system32\apphelp.dll
0x00007ffd5a2e0000 - 0x00007ffd5a333000 	C:\WINDOWS\AppPatch\AppPatch64\AcGenral.DLL
0x00007ffd72680000 - 0x00007ffd7272a000 	C:\WINDOWS\system32\msvcrt.dll
0x00007ffd71cd0000 - 0x00007ffd71cfe000 	C:\WINDOWS\SYSTEM32\SspiCli.dll
0x00007ffd74c50000 - 0x00007ffd74ca4000 	C:\WINDOWS\system32\SHLWAPI.dll
0x00007ffd72e00000 - 0x00007ffd72f77000 	C:\WINDOWS\system32\USER32.dll
0x00007ffd72ae0000 - 0x00007ffd72c74000 	C:\WINDOWS\system32\ole32.dll
0x00007ffd731e0000 - 0x00007ffd746f8000 	C:\WINDOWS\system32\SHELL32.dll
0x00007ffd714a0000 - 0x00007ffd714c1000 	C:\WINDOWS\SYSTEM32\USERENV.dll
0x00007ffd747c0000 - 0x00007ffd7486a000 	C:\WINDOWS\system32\ADVAPI32.dll
0x00007ffd61350000 - 0x00007ffd6136e000 	C:\WINDOWS\SYSTEM32\MPR.dll
0x00007ffd72730000 - 0x00007ffd72871000 	C:\WINDOWS\system32\RPCRT4.dll
0x00007ffd74880000 - 0x00007ffd748d9000 	C:\WINDOWS\SYSTEM32\sechost.dll
0x00007ffd74a30000 - 0x00007ffd74c41000 	C:\WINDOWS\SYSTEM32\combase.dll
0x00007ffd72980000 - 0x00007ffd72ad1000 	C:\WINDOWS\system32\GDI32.dll
0x00007ffd71ea0000 - 0x00007ffd71eb5000 	C:\WINDOWS\SYSTEM32\profapi.dll
0x00007ffd709f0000 - 0x00007ffd70aa2000 	C:\WINDOWS\SYSTEM32\SHCORE.dll
0x00007ffd72940000 - 0x00007ffd72976000 	C:\WINDOWS\system32\IMM32.DLL
0x00007ffd72c80000 - 0x00007ffd72dd2000 	C:\WINDOWS\system32\MSCTF.dll
0x00007ffd6f830000 - 0x00007ffd6faab000 	C:\WINDOWS\WinSxS\amd64_microsoft.windows.common-controls_6595b64144ccf1df_6.0.9600.17415_none_6240486fecbd8abb\COMCTL32.dll
0x0000000076110000 - 0x00000000761e2000 	C:\Program Files\Java\jdk1.7.0_75\jre\bin\msvcr100.dll
0x0000000076940000 - 0x0000000077114000 	C:\Program Files\Java\jdk1.7.0_75\jre\bin\server\jvm.dll
0x00007ffd6a1b0000 - 0x00007ffd6a1b9000 	C:\WINDOWS\SYSTEM32\WSOCK32.dll
0x00007ffd6fca0000 - 0x00007ffd6fcc2000 	C:\WINDOWS\SYSTEM32\WINMM.dll
0x00007ffd731d0000 - 0x00007ffd731d7000 	C:\WINDOWS\system32\PSAPI.DLL
0x00007ffd74cb0000 - 0x00007ffd74d0a000 	C:\WINDOWS\system32\WS2_32.dll
0x00007ffd6f790000 - 0x00007ffd6f7ba000 	C:\WINDOWS\SYSTEM32\WINMMBASE.dll
0x00007ffd73010000 - 0x00007ffd73019000 	C:\WINDOWS\system32\NSI.dll
0x00007ffd71fd0000 - 0x00007ffd7201f000 	C:\WINDOWS\SYSTEM32\cfgmgr32.dll
0x00007ffd70c90000 - 0x00007ffd70cb8000 	C:\WINDOWS\SYSTEM32\DEVOBJ.dll
0x0000000050470000 - 0x000000005047f000 	C:\Program Files\Java\jdk1.7.0_75\jre\bin\verify.dll
0x0000000076910000 - 0x0000000076938000 	C:\Program Files\Java\jdk1.7.0_75\jre\bin\java.dll
0x0000000050450000 - 0x0000000050465000 	C:\Program Files\Java\jdk1.7.0_75\jre\bin\zip.dll

VM Arguments:
jvm_args: -Xmx1024M -Dfile.encoding=windows-1252 -Duser.country=US -Duser.language=en -Duser.variant 
java_command: com.android.dx.command.Main --dex --output C:\Users\jasonhk1020\Documents\GitHub\Hmmm\app\build\intermediates\dex\debug C:\Users\jasonhk1020\Documents\GitHub\Hmmm\app\build\intermediates\classes\debug C:\Users\jasonhk1020\Documents\GitHub\Hmmm\app\build\intermediates\pre-dexed\debug\classes-066690b2b5b1fb936cbb92603d9f7933b9347f9b.jar C:\Users\jasonhk1020\Documents\GitHub\Hmmm\app\build\intermediates\pre-dexed\debug\support-annotations-22.1.1-d513078ce9974b71179ef3871712260855159bb0.jar C:\Users\jasonhk1020\Documents\GitHub\Hmmm\app\build\intermediates\pre-dexed\debug\classes-5fe36934b74a4f5a41c5e8fdd9c4f3b5185404eb.jar C:\Users\jasonhk1020\Documents\GitHub\Hmmm\app\build\intermediates\pre-dexed\debug\classes-be3be9538af65f3f8e674728095c7e4eeb802344.jar C:\Users\jasonhk1020\Documents\GitHub\Hmmm\app\build\intermediates\pre-dexed\debug\classes-1c381797dd24e16374851acb2cc1b087392ebf5f.jar C:\Users\jasonhk1020\Documents\GitHub\Hmmm\app\build\intermediates\pre-dexed\debug\classes-cac28231d57148c62eec2acbab6c7ffd7e31b39f.jar C:\Users\jasonhk1020\Documents\GitHub\Hmmm\app\build\intermediates\pre-dexed\debug\classes-f72fbbffab5b9a51a3a316d5d5b20d69fd1a618d.jar C:\Users\jasonhk1020\Documents\GitHub\Hmmm\app\build\intermediates\pre-dexed\debug\jackson-annotations-2.2.2-d6698349758c63df3f786a497b2841d844547de6.jar C:\Users\jasonhk1020\Documents\GitHub\Hmmm\app\build\intermediates\pre-dexed\debug\firebase-client-android-2.2.3-e5b3e71d61ed1f4038b6a4c62b91c75ba60aeee0.jar C:\Users\jasonhk1020\Documents\GitHub\Hmmm\app\build\intermediates\pre-dexed\debug\tubesock-0.0.11-3c3b7d10595fc2836979d38fa76de74468bf89b3.jar C:\Users\jasonhk1020\Documents\GitHub\Hmmm\app\build\intermediates\pre-dexed\debug\classes-92911fd1552da7615d717d65eb63ba9307ce6ef0.jar C:\Users\jasonhk1020\Documents\GitHub\Hmmm\app\build\intermediates\pre-dexed\debug\classes-13cef7d651a18b087d1ebcdeaa6f15c1fd0ce794.jar C:\Users\jasonhk1020\Documents\GitHub\Hmmm\app\build\intermediates\pre-dexed\debug\c
Launcher Type: SUN_STANDARD

Environment Variables:
PATH=C:\ProgramData\Oracle\Java\javapath;C:\Program Files (x86)\Common Files\Intel\Shared Files\cpp\bin\Intel64;C:\Program Files (x86)\NVIDIA Corporation\PhysX\Common;C:\Program Files (x86)\Intel\iCLS Client\;C:\Program Files\Intel\iCLS Client\;C:\WINDOWS\system32;C:\WINDOWS;C:\WINDOWS\System32\Wbem;C:\WINDOWS\System32\WindowsPowerShell\v1.0\;C:\Program Files\Intel\Intel(R) Management Engine Components\DAL;C:\Program Files\Intel\Intel(R) Management Engine Components\IPT;C:\Program Files (x86)\Intel\Intel(R) Management Engine Components\DAL;C:\Program Files (x86)\Intel\Intel(R) Management Engine Components\IPT;C:\Program Files (x86)\QuickTime\QTSystem\;C:\Program Files (x86)\Skype\Phone\;C:\Program Files\nodejs\;C:\Users\jasonhk1020\AppData\Roaming\npm
USERNAME=jasonhk1020
OS=Windows_NT
PROCESSOR_IDENTIFIER=Intel64 Family 6 Model 58 Stepping 9, GenuineIntel



---------------  S Y S T E M  ---------------

OS: Windows 8.1 , 64 bit Build 9600 

CPU:total 4 (4 cores per cpu, 1 threads per core) family 6 model 58 stepping 9, cmov, cx8, fxsr, mmx, sse, sse2, sse3, ssse3, sse4.1, sse4.2, popcnt, avx, aes, erms, tsc, tscinvbit, tscinv

Memory: 4k page, physical 8342752k(1038468k free), swap 33508576k(7728k free)

vm_info: Java HotSpot(TM) 64-Bit Server VM (24.75-b04) for windows-amd64 JRE (1.7.0_75-b13), built on Dec 18 2014 17:15:01 by "java_re" with unknown MS VC++:1600

time: Sat May 09 17:48:16 2015
elapsed time: 0 seconds

