#
# There is insufficient memory for the Java Runtime Environment to continue.
# Native memory allocation (malloc) failed to allocate 819536 bytes for Chunk::new
# Possible reasons:
#   The system is out of physical RAM or swap space
#   In 32 bit mode, the process size limit was hit
# Possible solutions:
#   Reduce memory load on the system
#   Increase physical memory or swap space
#   Check if swap backing store is full
#   Use 64 bit Java on a 64 bit OS
#   Decrease Java heap size (-Xmx/-Xms)
#   Decrease number of Java threads
#   Decrease Java thread stack sizes (-Xss)
#   Set larger code cache with -XX:ReservedCodeCacheSize=
# This output file may be truncated or incomplete.
#
#  Out of Memory Error (allocation.cpp:323), pid=9188, tid=9328
#
# JRE version: Java(TM) SE Runtime Environment (7.0_75-b13) (build 1.7.0_75-b13)
# Java VM: Java HotSpot(TM) 64-Bit Server VM (24.75-b04 mixed mode windows-amd64 compressed oops)
# Failed to write core dump. Minidumps are not enabled by default on client versions of Windows
#

---------------  T H R E A D  ---------------

Current thread (0x0000000008304000):  JavaThread "C2 CompilerThread0" daemon [_thread_in_native, id=9328, stack(0x0000000009880000,0x0000000009980000)]

Stack: [0x0000000009880000,0x0000000009980000]
[error occurred during error reporting (printing stack bounds), id 0xc0000005]


Current CompileTask:
C2:   3251  462   !         com.android.dx.cf.code.BytecodeArray::parseInstruction (2764 bytes)


---------------  P R O C E S S  ---------------

Java Threads: ( => current thread )
  0x0000000008310800 JavaThread "Service Thread" daemon [_thread_blocked, id=8244, stack(0x0000000009a80000,0x0000000009b80000)]
  0x000000000830e000 JavaThread "C2 CompilerThread1" daemon [_thread_blocked, id=5556, stack(0x0000000009980000,0x0000000009a80000)]
=>0x0000000008304000 JavaThread "C2 CompilerThread0" daemon [_thread_in_native, id=9328, stack(0x0000000009880000,0x0000000009980000)]
  0x0000000008303000 JavaThread "Attach Listener" daemon [_thread_blocked, id=3988, stack(0x0000000009780000,0x0000000009880000)]
  0x00000000082ff800 JavaThread "Signal Dispatcher" daemon [_thread_blocked, id=8076, stack(0x0000000009680000,0x0000000009780000)]
  0x00000000082cf000 JavaThread "Finalizer" daemon [_thread_blocked, id=7084, stack(0x0000000009580000,0x0000000009680000)]
  0x00000000082c5800 JavaThread "Reference Handler" daemon [_thread_blocked, id=1088, stack(0x0000000009480000,0x0000000009580000)]
  0x0000000002370800 JavaThread "main" [_thread_in_Java, id=9112, stack(0x0000000002240000,0x0000000002340000)]

Other Threads:
  0x00000000082c1800 VMThread [stack: 0x0000000009380000,0x0000000009480000] [id=11348]
  0x000000000831f000 WatcherThread [stack: 0x0000000009b80000,0x0000000009c80000] [id=10528]

VM state:not at safepoint (normal execution)

VM Mutex/Monitor currently owned by a thread: None

Heap
 PSYoungGen      total 38400K, used 37792K [0x00000000eaa80000, 0x00000000ef580000, 0x0000000100000000)
  eden space 33280K, 98% used [0x00000000eaa80000,0x00000000eca6b3d8,0x00000000ecb00000)
  from space 5120K, 99% used [0x00000000ed000000,0x00000000ed4fce30,0x00000000ed500000)
  to   space 5120K, 0% used [0x00000000ecb00000,0x00000000ecb00000,0x00000000ed000000)
 ParOldGen       total 86528K, used 4893K [0x00000000c0000000, 0x00000000c5480000, 0x00000000eaa80000)
  object space 86528K, 5% used [0x00000000c0000000,0x00000000c04c76f8,0x00000000c5480000)
 PSPermGen       total 21504K, used 5622K [0x00000000bae00000, 0x00000000bc300000, 0x00000000c0000000)
  object space 21504K, 26% used [0x00000000bae00000,0x00000000bb37d8d0,0x00000000bc300000)

Card table byte_map: [0x0000000005530000,0x0000000005760000] byte_map_base: 0x0000000004f59000

Polling page: 0x0000000000950000

Code Cache  [0x0000000002470000, 0x00000000026e0000, 0x0000000005470000)
 total_blobs=700 nmethods=466 adapters=186 free_code_cache=47094Kb largest_free_block=48175232

Compilation events (10 events):
Event: 3.161 Thread 0x000000000830e000  463             com.android.dx.rop.code.RegisterSpec::hashCode (16 bytes)
Event: 3.165 Thread 0x000000000830e000 nmethod 463 0x0000000002652a50 code [0x0000000002652ba0, 0x0000000002652f58]
Event: 3.165 Thread 0x000000000830e000  464             com.android.dx.rop.code.RegisterSpec::<init> (8 bytes)
Event: 3.165 Thread 0x000000000830e000 nmethod 464 0x00000000025bbd50 code [0x00000000025bbe80, 0x00000000025bbf18]
Event: 3.165 Thread 0x000000000830e000  465             com.android.dx.rop.code.RegisterSpec::<init> (48 bytes)
Event: 3.165 Thread 0x000000000830e000 nmethod 465 0x00000000025bbad0 code [0x00000000025bbc00, 0x00000000025bbc98]
Event: 3.165 Thread 0x000000000830e000  466             com.android.dx.cf.code.Frame::getSubroutines (5 bytes)
Event: 3.166 Thread 0x000000000830e000 nmethod 466 0x000000000264f7d0 code [0x000000000264f900, 0x000000000264f958]
Event: 3.166 Thread 0x000000000830e000  467             com.android.dx.cf.code.ExecutionStack::copy (59 bytes)
Event: 3.168 Thread 0x000000000830e000 nmethod 467 0x0000000002650f90 code [0x0000000002651100, 0x0000000002651518]

GC Heap History (4 events):
Event: 2.012 GC heap before
{Heap before GC invocations=1 (full 0):
 PSYoungGen      total 38400K, used 33280K [0x00000000eaa80000, 0x00000000ed500000, 0x0000000100000000)
  eden space 33280K, 100% used [0x00000000eaa80000,0x00000000ecb00000,0x00000000ecb00000)
  from space 5120K, 0% used [0x00000000ed000000,0x00000000ed000000,0x00000000ed500000)
  to   space 5120K, 0% used [0x00000000ecb00000,0x00000000ecb00000,0x00000000ed000000)
 ParOldGen       total 86528K, used 0K [0x00000000c0000000, 0x00000000c5480000, 0x00000000eaa80000)
  object space 86528K, 0% used [0x00000000c0000000,0x00000000c0000000,0x00000000c5480000)
 PSPermGen       total 21504K, used 5532K [0x00000000bae00000, 0x00000000bc300000, 0x00000000c0000000)
  object space 21504K, 25% used [0x00000000bae00000,0x00000000bb367018,0x00000000bc300000)
Event: 2.048 GC heap after
Heap after GC invocations=1 (full 0):
 PSYoungGen      total 38400K, used 5100K [0x00000000eaa80000, 0x00000000ed500000, 0x0000000100000000)
  eden space 33280K, 0% used [0x00000000eaa80000,0x00000000eaa80000,0x00000000ecb00000)
  from space 5120K, 99% used [0x00000000ecb00000,0x00000000ecffb200,0x00000000ed000000)
  to   space 5120K, 0% used [0x00000000ed000000,0x00000000ed000000,0x00000000ed500000)
 ParOldGen       total 86528K, used 2376K [0x00000000c0000000, 0x00000000c5480000, 0x00000000eaa80000)
  object space 86528K, 2% used [0x00000000c0000000,0x00000000c0252388,0x00000000c5480000)
 PSPermGen       total 21504K, used 5532K [0x00000000bae00000, 0x00000000bc300000, 0x00000000c0000000)
  object space 21504K, 25% used [0x00000000bae00000,0x00000000bb367018,0x00000000bc300000)
}
Event: 2.659 GC heap before
{Heap before GC invocations=2 (full 0):
 PSYoungGen      total 38400K, used 38380K [0x00000000eaa80000, 0x00000000ed500000, 0x0000000100000000)
  eden space 33280K, 100% used [0x00000000eaa80000,0x00000000ecb00000,0x00000000ecb00000)
  from space 5120K, 99% used [0x00000000ecb00000,0x00000000ecffb200,0x00000000ed000000)
  to   space 5120K, 0% used [0x00000000ed000000,0x00000000ed000000,0x00000000ed500000)
 ParOldGen       total 86528K, used 2376K [0x00000000c0000000, 0x00000000c5480000, 0x00000000eaa80000)
  object space 86528K, 2% used [0x00000000c0000000,0x00000000c0252388,0x00000000c5480000)
 PSPermGen       total 21504K, used 5594K [0x00000000bae00000, 0x00000000bc300000, 0x00000000c0000000)
  object space 21504K, 26% used [0x00000000bae00000,0x00000000bb3769e8,0x00000000bc300000)
Event: 2.666 GC heap after
Heap after GC invocations=2 (full 0):
 PSYoungGen      total 38400K, used 5107K [0x00000000eaa80000, 0x00000000ef580000, 0x0000000100000000)
  eden space 33280K, 0% used [0x00000000eaa80000,0x00000000eaa80000,0x00000000ecb00000)
  from space 5120K, 99% used [0x00000000ed000000,0x00000000ed4fce30,0x00000000ed500000)
  to   space 5120K, 0% used [0x00000000ecb00000,0x00000000ecb00000,0x00000000ed000000)
 ParOldGen       total 86528K, used 4893K [0x00000000c0000000, 0x00000000c5480000, 0x00000000eaa80000)
  object space 86528K, 5% used [0x00000000c0000000,0x00000000c04c76f8,0x00000000c5480000)
 PSPermGen       total 21504K, used 5594K [0x00000000bae00000, 0x00000000bc300000, 0x00000000c0000000)
  object space 21504K, 26% used [0x00000000bae00000,0x00000000bb3769e8,0x00000000bc300000)
}

Deoptimization events (10 events):
Event: 2.682 Thread 0x0000000002370800 Uncommon trap: reason=bimorphic action=maybe_recompile pc=0x0000000002601c38 method=com.android.dx.cf.code.RopperMachine.run(Lcom/android/dx/cf/code/Frame;II)V @ 978
Event: 2.682 Thread 0x0000000002370800 Uncommon trap: reason=bimorphic action=maybe_recompile pc=0x0000000002601c38 method=com.android.dx.cf.code.RopperMachine.run(Lcom/android/dx/cf/code/Frame;II)V @ 978
Event: 2.682 Thread 0x0000000002370800 Uncommon trap: reason=bimorphic action=maybe_recompile pc=0x0000000002601c38 method=com.android.dx.cf.code.RopperMachine.run(Lcom/android/dx/cf/code/Frame;II)V @ 978
Event: 2.682 Thread 0x0000000002370800 Uncommon trap: reason=bimorphic action=maybe_recompile pc=0x0000000002601c38 method=com.android.dx.cf.code.RopperMachine.run(Lcom/android/dx/cf/code/Frame;II)V @ 978
Event: 2.787 Thread 0x0000000002370800 Uncommon trap: reason=class_check action=maybe_recompile pc=0x00000000025af9c0 method=com.android.dx.ssa.SsaMethod.isRegALocal(Lcom/android/dx/rop/code/RegisterSpec;)Z @ 16
Event: 2.788 Thread 0x0000000002370800 Uncommon trap: reason=class_check action=maybe_recompile pc=0x00000000025e72d0 method=com.android.dx.ssa.PhiTypeResolver.run()V @ 151
Event: 2.872 Thread 0x0000000002370800 Uncommon trap: reason=null_check action=make_not_entrant pc=0x00000000026415e4 method=com.android.dx.cf.code.Ropper$CatchInfo.getSetup(Lcom/android/dx/rop/type/Type;)Lcom/android/dx/cf/code/Ropper$ExceptionHandlerSetup; @ 10
Event: 3.041 Thread 0x0000000002370800 Uncommon trap: reason=unreached action=reinterpret pc=0x00000000025f5a00 method=com.android.dx.cf.code.Merger.mergeLocals(Lcom/android/dx/cf/code/OneLocalsArray;Lcom/android/dx/cf/code/OneLocalsArray;)Lcom/android/dx/cf/code/OneLocalsArray; @ 2
Event: 3.076 Thread 0x0000000002370800 Uncommon trap: reason=unreached action=reinterpret pc=0x000000000266dcc8 method=com.android.dx.cf.code.Ropper.processBlock(Lcom/android/dx/cf/code/ByteBlock;Lcom/android/dx/cf/code/Frame;[I)V @ 513
Event: 3.161 Thread 0x0000000002370800 Uncommon trap: reason=null_check action=make_not_entrant pc=0x0000000002679cc8 method=com.android.dx.dex.file.MethodIdsSection.intern(Lcom/android/dx/rop/cst/CstBaseMethodRef;)Lcom/android/dx/dex/file/MethodIdItem; @ 26

Internal exceptions (10 events):
Event: 1.404 Thread 0x0000000002370800 Threw 0x00000000ec1708a8 at C:\re\jdk7u75\1940\hotspot\src\share\vm\prims\jvm.cpp:1281
Event: 1.672 Thread 0x0000000002370800 Implicit null exception at 0x0000000002553ddf to 0x0000000002554a55
Event: 1.995 Thread 0x0000000002370800 Implicit null exception at 0x000000000255a01b to 0x000000000255a719
Event: 2.118 Thread 0x0000000002370800 Threw 0x00000000eb4b6ed0 at C:\re\jdk7u75\1940\hotspot\src\share\vm\prims\jvm.cpp:1281
Event: 2.121 Thread 0x0000000002370800 Threw 0x00000000eb4fc898 at C:\re\jdk7u75\1940\hotspot\src\share\vm\prims\jvm.cpp:1281
Event: 2.211 Thread 0x0000000002370800 Threw 0x00000000eb733b98 at C:\re\jdk7u75\1940\hotspot\src\share\vm\prims\jvm.cpp:1281
Event: 2.406 Thread 0x0000000002370800 Threw 0x00000000ec06c0b0 at C:\re\jdk7u75\1940\hotspot\src\share\vm\prims\jvm.cpp:1281
Event: 2.681 Thread 0x0000000002370800 Threw 0x00000000ead0cef0 at C:\re\jdk7u75\1940\hotspot\src\share\vm\prims\jvm.cpp:1281
Event: 2.872 Thread 0x0000000002370800 Implicit null exception at 0x000000000263e380 to 0x00000000026415b9
Event: 3.154 Thread 0x0000000002370800 Threw 0x00000000ec72b120 at C:\re\jdk7u75\1940\hotspot\src\share\vm\prims\jvm.cpp:1281

Events (10 events):
Event: 3.041 Thread 0x0000000002370800 DEOPT PACKING pc=0x00000000025f5a00 sp=0x000000000233e7f0
Event: 3.041 Thread 0x0000000002370800 DEOPT UNPACKING pc=0x00000000024a75a4 sp=0x000000000233e7d0 mode 2
Event: 3.076 Thread 0x0000000002370800 Uncommon trap: trap_request=0xffffffad fr.pc=0x000000000266dcc8
Event: 3.076 Thread 0x0000000002370800 DEOPT PACKING pc=0x000000000266dcc8 sp=0x000000000233ea70
Event: 3.076 Thread 0x0000000002370800 DEOPT UNPACKING pc=0x00000000024a75a4 sp=0x000000000233ea28 mode 2
Event: 3.154 loading class 0x0000000009e55660
Event: 3.154 loading class 0x0000000009e55660 done
Event: 3.161 Thread 0x0000000002370800 Uncommon trap: trap_request=0xfffffff4 fr.pc=0x0000000002679cc8
Event: 3.161 Thread 0x0000000002370800 DEOPT PACKING pc=0x0000000002679cc8 sp=0x000000000233ed90
Event: 3.161 Thread 0x0000000002370800 DEOPT UNPACKING pc=0x00000000024a75a4 sp=0x000000000233ecd8 mode 2


Dynamic libraries:
0x00007ff7edae0000 - 0x00007ff7edb13000 	C:\Program Files\Java\jdk1.7.0_75\bin\java.exe
0x00007ffd74d70000 - 0x00007ffd74f1c000 	C:\WINDOWS\SYSTEM32\ntdll.dll
0x00007ffd748e0000 - 0x00007ffd74a1e000 	C:\WINDOWS\system32\KERNEL32.DLL
0x00007ffd72020000 - 0x00007ffd72135000 	C:\WINDOWS\system32\KERNELBASE.dll
0x00007ffd70960000 - 0x00007ffd709ee000 	C:\WINDOWS\system32\apphelp.dll
0x00007ffd6f730000 - 0x00007ffd6f783000 	C:\WINDOWS\AppPatch\AppPatch64\AcGenral.DLL
0x00007ffd72680000 - 0x00007ffd7272a000 	C:\WINDOWS\system32\msvcrt.dll
0x00007ffd71cd0000 - 0x00007ffd71cfe000 	C:\WINDOWS\SYSTEM32\SspiCli.dll
0x00007ffd74c50000 - 0x00007ffd74ca4000 	C:\WINDOWS\system32\SHLWAPI.dll
0x00007ffd72e00000 - 0x00007ffd72f77000 	C:\WINDOWS\system32\USER32.dll
0x00007ffd72ae0000 - 0x00007ffd72c74000 	C:\WINDOWS\system32\ole32.dll
0x00007ffd731e0000 - 0x00007ffd746f8000 	C:\WINDOWS\system32\SHELL32.dll
0x00007ffd714a0000 - 0x00007ffd714c1000 	C:\WINDOWS\SYSTEM32\USERENV.dll
0x00007ffd747c0000 - 0x00007ffd7486a000 	C:\WINDOWS\system32\ADVAPI32.dll
0x00007ffd61350000 - 0x00007ffd6136e000 	C:\WINDOWS\SYSTEM32\MPR.dll
0x00007ffd72730000 - 0x00007ffd72871000 	C:\WINDOWS\system32\RPCRT4.dll
0x00007ffd74880000 - 0x00007ffd748d9000 	C:\WINDOWS\SYSTEM32\sechost.dll
0x00007ffd74a30000 - 0x00007ffd74c41000 	C:\WINDOWS\SYSTEM32\combase.dll
0x00007ffd72980000 - 0x00007ffd72ad1000 	C:\WINDOWS\system32\GDI32.dll
0x00007ffd71ea0000 - 0x00007ffd71eb5000 	C:\WINDOWS\SYSTEM32\profapi.dll
0x00007ffd709f0000 - 0x00007ffd70aa2000 	C:\WINDOWS\SYSTEM32\SHCORE.dll
0x00007ffd72940000 - 0x00007ffd72976000 	C:\WINDOWS\system32\IMM32.DLL
0x00007ffd72c80000 - 0x00007ffd72dd2000 	C:\WINDOWS\system32\MSCTF.dll
0x00007ffd6f830000 - 0x00007ffd6faab000 	C:\WINDOWS\WinSxS\amd64_microsoft.windows.common-controls_6595b64144ccf1df_6.0.9600.17415_none_6240486fecbd8abb\COMCTL32.dll
0x00000000763c0000 - 0x0000000076492000 	C:\Program Files\Java\jdk1.7.0_75\jre\bin\msvcr100.dll
0x0000000076850000 - 0x0000000077024000 	C:\Program Files\Java\jdk1.7.0_75\jre\bin\server\jvm.dll
0x00007ffd6a1b0000 - 0x00007ffd6a1b9000 	C:\WINDOWS\SYSTEM32\WSOCK32.dll
0x00007ffd6fca0000 - 0x00007ffd6fcc2000 	C:\WINDOWS\SYSTEM32\WINMM.dll
0x00007ffd731d0000 - 0x00007ffd731d7000 	C:\WINDOWS\system32\PSAPI.DLL
0x00007ffd74cb0000 - 0x00007ffd74d0a000 	C:\WINDOWS\system32\WS2_32.dll
0x00007ffd6f790000 - 0x00007ffd6f7ba000 	C:\WINDOWS\SYSTEM32\WINMMBASE.dll
0x00007ffd73010000 - 0x00007ffd73019000 	C:\WINDOWS\system32\NSI.dll
0x00007ffd71fd0000 - 0x00007ffd7201f000 	C:\WINDOWS\SYSTEM32\cfgmgr32.dll
0x00007ffd70c90000 - 0x00007ffd70cb8000 	C:\WINDOWS\SYSTEM32\DEVOBJ.dll
0x00000000513e0000 - 0x00000000513ef000 	C:\Program Files\Java\jdk1.7.0_75\jre\bin\verify.dll
0x00000000513b0000 - 0x00000000513d8000 	C:\Program Files\Java\jdk1.7.0_75\jre\bin\java.dll
0x0000000051390000 - 0x00000000513a5000 	C:\Program Files\Java\jdk1.7.0_75\jre\bin\zip.dll
0x0000000051370000 - 0x0000000051389000 	C:\Program Files\Java\jdk1.7.0_75\jre\bin\net.dll
0x00007ffd715b0000 - 0x00007ffd71609000 	C:\WINDOWS\system32\mswsock.dll
0x0000000051350000 - 0x0000000051361000 	C:\Program Files\Java\jdk1.7.0_75\jre\bin\nio.dll

VM Arguments:
jvm_args: -Xmx1024M -Dfile.encoding=windows-1252 -Duser.country=US -Duser.language=en -Duser.variant 
java_command: com.android.dx.command.Main --dex --output C:\Users\jasonhk1020\Desktop\Hmmm\app\build\intermediates\pre-dexed\debug\classes-91a6095f500727e98a58a8f126c85ff21b8ef2a3.jar C:\Users\jasonhk1020\Desktop\Hmmm\app\build\intermediates\exploded-aar\com.google.android.gms\play-services-games\7.3.0\classes.jar
Launcher Type: SUN_STANDARD

Environment Variables:
PATH=C:\ProgramData\Oracle\Java\javapath;C:\Program Files (x86)\Common Files\Intel\Shared Files\cpp\bin\Intel64;C:\Program Files (x86)\NVIDIA Corporation\PhysX\Common;C:\Program Files (x86)\Intel\iCLS Client\;C:\Program Files\Intel\iCLS Client\;C:\WINDOWS\system32;C:\WINDOWS;C:\WINDOWS\System32\Wbem;C:\WINDOWS\System32\WindowsPowerShell\v1.0\;C:\Program Files\Intel\Intel(R) Management Engine Components\DAL;C:\Program Files\Intel\Intel(R) Management Engine Components\IPT;C:\Program Files (x86)\Intel\Intel(R) Management Engine Components\DAL;C:\Program Files (x86)\Intel\Intel(R) Management Engine Components\IPT;C:\Program Files\MATLAB\R2012b\bin;C:\Program Files (x86)\QuickTime\QTSystem\;C:\Program Files (x86)\Skype\Phone\;C:\Program Files\nodejs\;C:\Users\jasonhk1020\AppData\Roaming\npm
USERNAME=jasonhk1020
OS=Windows_NT
PROCESSOR_IDENTIFIER=Intel64 Family 6 Model 58 Stepping 9, GenuineIntel



---------------  S Y S T E M  ---------------

OS: Windows 8.1 , 64 bit Build 9600 

CPU:total 4 (4 cores per cpu, 1 threads per core) family 6 model 58 stepping 9, cmov, cx8, fxsr, mmx, sse, sse2, sse3, ssse3, sse4.1, sse4.2, popcnt, avx, aes, erms, tsc, tscinvbit, tscinv

Memory: 4k page, physical 8342752k(1631000k free), swap 33508576k(5344k free)

vm_info: Java HotSpot(TM) 64-Bit Server VM (24.75-b04) for windows-amd64 JRE (1.7.0_75-b13), built on Dec 18 2014 17:15:01 by "java_re" with unknown MS VC++:1600

time: Fri May 08 20:10:40 2015
elapsed time: 3 seconds

