#
# There is insufficient memory for the Java Runtime Environment to continue.
# Native memory allocation (malloc) failed to allocate 86576 bytes for Chunk::new
# Possible reasons:
#   The system is out of physical RAM or swap space
#   In 32 bit mode, the process size limit was hit
# Possible solutions:
#   Reduce memory load on the system
#   Increase physical memory or swap space
#   Check if swap backing store is full
#   Use 64 bit Java on a 64 bit OS
#   Decrease Java heap size (-Xmx/-Xms)
#   Decrease number of Java threads
#   Decrease Java thread stack sizes (-Xss)
#   Set larger code cache with -XX:ReservedCodeCacheSize=
# This output file may be truncated or incomplete.
#
#  Out of Memory Error (allocation.cpp:323), pid=2528, tid=5320
#
# JRE version: Java(TM) SE Runtime Environment (7.0_75-b13) (build 1.7.0_75-b13)
# Java VM: Java HotSpot(TM) 64-Bit Server VM (24.75-b04 mixed mode windows-amd64 compressed oops)
# Failed to write core dump. Minidumps are not enabled by default on client versions of Windows
#

---------------  T H R E A D  ---------------

Current thread (0x00000000083ec800):  JavaThread "C2 CompilerThread0" daemon [_thread_in_native, id=5320, stack(0x0000000009950000,0x0000000009a50000)]

Stack: [0x0000000009950000,0x0000000009a50000]
[error occurred during error reporting (printing stack bounds), id 0xc0000005]

Native frames: (J=compiled Java code, j=interpreted, Vv=VM code, C=native code)
C  0x0000000200000002


Current CompileTask:
C2:   2471  383   !         com.android.dx.cf.cst.ConstantPoolParser::parse0 (731 bytes)


---------------  P R O C E S S  ---------------

Java Threads: ( => current thread )
  0x00000000083f4800 JavaThread "Service Thread" daemon [_thread_blocked, id=5648, stack(0x0000000009b50000,0x0000000009c50000)]
  0x00000000083ee800 JavaThread "C2 CompilerThread1" daemon [_thread_in_native, id=3836, stack(0x0000000009a50000,0x0000000009b50000)]
=>0x00000000083ec800 JavaThread "C2 CompilerThread0" daemon [_thread_in_native, id=5320, stack(0x0000000009950000,0x0000000009a50000)]
  0x00000000083eb800 JavaThread "Attach Listener" daemon [_thread_blocked, id=6248, stack(0x0000000009850000,0x0000000009950000)]
  0x00000000083e8800 JavaThread "Signal Dispatcher" daemon [_thread_blocked, id=8564, stack(0x0000000009750000,0x0000000009850000)]
  0x00000000083af000 JavaThread "Finalizer" daemon [_thread_blocked, id=11944, stack(0x0000000009650000,0x0000000009750000)]
  0x00000000083a5800 JavaThread "Reference Handler" daemon [_thread_blocked, id=5492, stack(0x0000000009550000,0x0000000009650000)]
  0x0000000002450800 JavaThread "main" [_thread_in_Java, id=2456, stack(0x00000000022d0000,0x00000000023d0000)]

Other Threads:
  0x00000000083a1800 VMThread [stack: 0x0000000009450000,0x0000000009550000] [id=7912]
  0x0000000008403000 WatcherThread [stack: 0x0000000009c50000,0x0000000009d50000] [id=10180]

VM state:not at safepoint (normal execution)

VM Mutex/Monitor currently owned by a thread: None

Heap
 PSYoungGen      total 38400K, used 33794K [0x00000000eaa80000, 0x00000000ed500000, 0x0000000100000000)
  eden space 33280K, 86% used [0x00000000eaa80000,0x00000000ec6831a0,0x00000000ecb00000)
  from space 5120K, 99% used [0x00000000ecb00000,0x00000000ecffd710,0x00000000ed000000)
  to   space 5120K, 0% used [0x00000000ed000000,0x00000000ed000000,0x00000000ed500000)
 ParOldGen       total 86528K, used 1513K [0x00000000c0000000, 0x00000000c5480000, 0x00000000eaa80000)
  object space 86528K, 1% used [0x00000000c0000000,0x00000000c017a770,0x00000000c5480000)
 PSPermGen       total 21504K, used 5628K [0x00000000bae00000, 0x00000000bc300000, 0x00000000c0000000)
  object space 21504K, 26% used [0x00000000bae00000,0x00000000bb37f140,0x00000000bc300000)

Card table byte_map: [0x0000000005610000,0x0000000005840000] byte_map_base: 0x0000000005039000

Polling page: 0x00000000009c0000

Code Cache  [0x0000000002550000, 0x00000000027c0000, 0x0000000005550000)
 total_blobs=618 nmethods=384 adapters=186 free_code_cache=47595Kb largest_free_block=48700352

Compilation events (10 events):
Event: 2.447 Thread 0x00000000083ee800 nmethod 381 0x00000000026cbf50 code [0x00000000026cc0a0, 0x00000000026cc1d8]
Event: 2.447 Thread 0x00000000083ee800  382             com.android.dx.ssa.SCCP::replaceConstants (209 bytes)
Event: 2.448 Thread 0x00000000083ec800 nmethod 380 0x00000000026d3c50 code [0x00000000026d3dc0, 0x00000000026d40f8]
Event: 2.448 Thread 0x00000000083ec800  383   !         com.android.dx.cf.cst.ConstantPoolParser::parse0 (731 bytes)
Event: 2.453 Thread 0x00000000083ee800 nmethod 382 0x00000000026d81d0 code [0x00000000026d83c0, 0x00000000026d8ab0]
Event: 2.453 Thread 0x00000000083ee800  384             com.android.dx.ssa.SCCP::<init> (142 bytes)
Event: 2.458 Thread 0x00000000083ee800 nmethod 384 0x00000000026cca90 code [0x00000000026ccc40, 0x00000000026cd438]
Event: 2.458 Thread 0x00000000083ee800  385             com.android.dx.cf.attrib.BaseAttribute::getName (5 bytes)
Event: 2.459 Thread 0x00000000083ee800 nmethod 385 0x00000000026aea50 code [0x00000000026aeb80, 0x00000000026aebd8]
Event: 2.459 Thread 0x00000000083ee800  386   !         com.android.dx.cf.code.RopperMachine::run (1550 bytes)

GC Heap History (2 events):
Event: 1.959 GC heap before
{Heap before GC invocations=1 (full 0):
 PSYoungGen      total 38400K, used 33280K [0x00000000eaa80000, 0x00000000ed500000, 0x0000000100000000)
  eden space 33280K, 100% used [0x00000000eaa80000,0x00000000ecb00000,0x00000000ecb00000)
  from space 5120K, 0% used [0x00000000ed000000,0x00000000ed000000,0x00000000ed500000)
  to   space 5120K, 0% used [0x00000000ecb00000,0x00000000ecb00000,0x00000000ed000000)
 ParOldGen       total 86528K, used 0K [0x00000000c0000000, 0x00000000c5480000, 0x00000000eaa80000)
  object space 86528K, 0% used [0x00000000c0000000,0x00000000c0000000,0x00000000c5480000)
 PSPermGen       total 21504K, used 5566K [0x00000000bae00000, 0x00000000bc300000, 0x00000000c0000000)
  object space 21504K, 25% used [0x00000000bae00000,0x00000000bb36f8e0,0x00000000bc300000)
Event: 2.020 GC heap after
Heap after GC invocations=1 (full 0):
 PSYoungGen      total 38400K, used 5109K [0x00000000eaa80000, 0x00000000ed500000, 0x0000000100000000)
  eden space 33280K, 0% used [0x00000000eaa80000,0x00000000eaa80000,0x00000000ecb00000)
  from space 5120K, 99% used [0x00000000ecb00000,0x00000000ecffd710,0x00000000ed000000)
  to   space 5120K, 0% used [0x00000000ed000000,0x00000000ed000000,0x00000000ed500000)
 ParOldGen       total 86528K, used 1513K [0x00000000c0000000, 0x00000000c5480000, 0x00000000eaa80000)
  object space 86528K, 1% used [0x00000000c0000000,0x00000000c017a770,0x00000000c5480000)
 PSPermGen       total 21504K, used 5566K [0x00000000bae00000, 0x00000000bc300000, 0x00000000c0000000)
  object space 21504K, 25% used [0x00000000bae00000,0x00000000bb36f8e0,0x00000000bc300000)
}

Deoptimization events (10 events):
Event: 2.036 Thread 0x0000000002450800 Uncommon trap: reason=class_check action=maybe_recompile pc=0x00000000025f6cf8 method=java.util.HashMap.put(Ljava/lang/Object;Ljava/lang/Object;)Ljava/lang/Object; @ 83
Event: 2.042 Thread 0x0000000002450800 Uncommon trap: reason=unreached action=reinterpret pc=0x00000000025d9c44 method=com.android.dx.rop.cst.Constant.compareTo(Lcom/android/dx/rop/cst/Constant;)I @ 12
Event: 2.227 Thread 0x0000000002450800 Uncommon trap: reason=null_check action=make_not_entrant pc=0x000000000260fb9c method=com.android.dx.ssa.SsaRenamer.getLocalForNewReg(I)Lcom/android/dx/rop/code/LocalItem; @ 19
Event: 2.316 Thread 0x0000000002450800 Uncommon trap: reason=unreached action=reinterpret pc=0x0000000002657698 method=com.android.dx.cf.code.Ropper.processBlock(Lcom/android/dx/cf/code/ByteBlock;Lcom/android/dx/cf/code/Frame;[I)V @ 513
Event: 2.316 Thread 0x0000000002450800 Uncommon trap: reason=unreached action=reinterpret pc=0x00000000026941fc method=com.android.dx.cf.code.BaseMachine.getLocalTarget(Z)Lcom/android/dx/rop/code/RegisterSpec; @ 131
Event: 2.356 Thread 0x0000000002450800 Uncommon trap: reason=bimorphic action=maybe_recompile pc=0x00000000026774cc method=com.android.dx.cf.code.BytecodeArray.parseInstruction(ILcom/android/dx/cf/code/BytecodeArray$Visitor;)I @ 1130
Event: 2.356 Thread 0x0000000002450800 Uncommon trap: reason=bimorphic action=maybe_recompile pc=0x0000000002677120 method=com.android.dx.cf.code.BytecodeArray.parseInstruction(ILcom/android/dx/cf/code/BytecodeArray$Visitor;)I @ 939
Event: 2.356 Thread 0x0000000002450800 Uncommon trap: reason=bimorphic action=maybe_recompile pc=0x000000000267719c method=com.android.dx.cf.code.BytecodeArray.parseInstruction(ILcom/android/dx/cf/code/BytecodeArray$Visitor;)I @ 955
Event: 2.356 Thread 0x0000000002450800 Uncommon trap: reason=bimorphic action=maybe_recompile pc=0x00000000026774cc method=com.android.dx.cf.code.BytecodeArray.parseInstruction(ILcom/android/dx/cf/code/BytecodeArray$Visitor;)I @ 1130
Event: 2.367 Thread 0x0000000002450800 Uncommon trap: reason=unreached action=reinterpret pc=0x0000000002661aac method=com.android.dx.ssa.MoveParamCombiner$1.visitNonMoveInsn(Lcom/android/dx/ssa/NormalSsaInsn;)V @ 27

Internal exceptions (10 events):
Event: 1.821 Thread 0x0000000002450800 Threw 0x00000000ec88d548 at C:\re\jdk7u75\1940\hotspot\src\share\vm\prims\jvm.cpp:1281
Event: 1.832 Thread 0x0000000002450800 Threw 0x00000000ec92bbf8 at C:\re\jdk7u75\1940\hotspot\src\share\vm\prims\jvm.cpp:1281
Event: 1.832 Thread 0x0000000002450800 Threw 0x00000000ec9314c0 at C:\re\jdk7u75\1940\hotspot\src\share\vm\prims\jvm.cpp:1281
Event: 1.833 Thread 0x0000000002450800 Threw 0x00000000ec936b10 at C:\re\jdk7u75\1940\hotspot\src\share\vm\prims\jvm.cpp:1281
Event: 1.845 Thread 0x0000000002450800 Threw 0x00000000ec9bbe40 at C:\re\jdk7u75\1940\hotspot\src\share\vm\prims\jvm.cpp:1281
Event: 1.922 Thread 0x0000000002450800 Implicit null exception at 0x000000000264dc73 to 0x000000000264e351
Event: 2.227 Thread 0x0000000002450800 Implicit null exception at 0x000000000260e9c8 to 0x000000000260fb6d
Event: 2.244 Thread 0x0000000002450800 Threw 0x00000000eb5e3490 at C:\re\jdk7u75\1940\hotspot\src\share\vm\prims\jvm.cpp:1281
Event: 2.245 Thread 0x0000000002450800 Threw 0x00000000eb5f5450 at C:\re\jdk7u75\1940\hotspot\src\share\vm\prims\jvm.cpp:1281
Event: 2.349 Thread 0x0000000002450800 Threw 0x00000000ebc9b310 at C:\re\jdk7u75\1940\hotspot\src\share\vm\prims\jvm.cpp:1281

Events (10 events):
Event: 2.356 Thread 0x0000000002450800 DEOPT UNPACKING pc=0x00000000025875a4 sp=0x00000000023ce798 mode 2
Event: 2.356 Thread 0x0000000002450800 Uncommon trap: trap_request=0xffffffc6 fr.pc=0x000000000267719c
Event: 2.356 Thread 0x0000000002450800 DEOPT PACKING pc=0x000000000267719c sp=0x00000000023ce7f0
Event: 2.356 Thread 0x0000000002450800 DEOPT UNPACKING pc=0x00000000025875a4 sp=0x00000000023ce798 mode 2
Event: 2.356 Thread 0x0000000002450800 Uncommon trap: trap_request=0xffffffc6 fr.pc=0x00000000026774cc
Event: 2.356 Thread 0x0000000002450800 DEOPT PACKING pc=0x00000000026774cc sp=0x00000000023ce7f0
Event: 2.356 Thread 0x0000000002450800 DEOPT UNPACKING pc=0x00000000025875a4 sp=0x00000000023ce798 mode 2
Event: 2.367 Thread 0x0000000002450800 Uncommon trap: trap_request=0xffffffad fr.pc=0x0000000002661aac
Event: 2.367 Thread 0x0000000002450800 DEOPT PACKING pc=0x0000000002661aac sp=0x00000000023ce940
Event: 2.367 Thread 0x0000000002450800 DEOPT UNPACKING pc=0x00000000025875a4 sp=0x00000000023ce898 mode 2


Dynamic libraries:
0x00007ff7edae0000 - 0x00007ff7edb13000 	C:\Program Files\Java\jdk1.7.0_75\bin\java.exe
0x00007ffd74d70000 - 0x00007ffd74f1c000 	C:\WINDOWS\SYSTEM32\ntdll.dll
0x00007ffd748e0000 - 0x00007ffd74a1e000 	C:\WINDOWS\system32\KERNEL32.DLL
0x00007ffd72020000 - 0x00007ffd72135000 	C:\WINDOWS\system32\KERNELBASE.dll
0x00007ffd70960000 - 0x00007ffd709ee000 	C:\WINDOWS\system32\apphelp.dll
0x00007ffd6f730000 - 0x00007ffd6f783000 	C:\WINDOWS\AppPatch\AppPatch64\AcGenral.DLL
0x00007ffd72680000 - 0x00007ffd7272a000 	C:\WINDOWS\system32\msvcrt.dll
0x00007ffd71cd0000 - 0x00007ffd71cfe000 	C:\WINDOWS\SYSTEM32\SspiCli.dll
0x00007ffd74c50000 - 0x00007ffd74ca4000 	C:\WINDOWS\system32\SHLWAPI.dll
0x00007ffd72e00000 - 0x00007ffd72f77000 	C:\WINDOWS\system32\USER32.dll
0x00007ffd72ae0000 - 0x00007ffd72c74000 	C:\WINDOWS\system32\ole32.dll
0x00007ffd731e0000 - 0x00007ffd746f8000 	C:\WINDOWS\system32\SHELL32.dll
0x00007ffd714a0000 - 0x00007ffd714c1000 	C:\WINDOWS\SYSTEM32\USERENV.dll
0x00007ffd747c0000 - 0x00007ffd7486a000 	C:\WINDOWS\system32\ADVAPI32.dll
0x00007ffd61350000 - 0x00007ffd6136e000 	C:\WINDOWS\SYSTEM32\MPR.dll
0x00007ffd72730000 - 0x00007ffd72871000 	C:\WINDOWS\system32\RPCRT4.dll
0x00007ffd74880000 - 0x00007ffd748d9000 	C:\WINDOWS\SYSTEM32\sechost.dll
0x00007ffd74a30000 - 0x00007ffd74c41000 	C:\WINDOWS\SYSTEM32\combase.dll
0x00007ffd72980000 - 0x00007ffd72ad1000 	C:\WINDOWS\system32\GDI32.dll
0x00007ffd71ea0000 - 0x00007ffd71eb5000 	C:\WINDOWS\SYSTEM32\profapi.dll
0x00007ffd709f0000 - 0x00007ffd70aa2000 	C:\WINDOWS\SYSTEM32\SHCORE.dll
0x00007ffd72940000 - 0x00007ffd72976000 	C:\WINDOWS\system32\IMM32.DLL
0x00007ffd72c80000 - 0x00007ffd72dd2000 	C:\WINDOWS\system32\MSCTF.dll
0x00007ffd6f830000 - 0x00007ffd6faab000 	C:\WINDOWS\WinSxS\amd64_microsoft.windows.common-controls_6595b64144ccf1df_6.0.9600.17415_none_6240486fecbd8abb\COMCTL32.dll
0x00000000763c0000 - 0x0000000076492000 	C:\Program Files\Java\jdk1.7.0_75\jre\bin\msvcr100.dll
0x0000000076850000 - 0x0000000077024000 	C:\Program Files\Java\jdk1.7.0_75\jre\bin\server\jvm.dll
0x00007ffd6a1b0000 - 0x00007ffd6a1b9000 	C:\WINDOWS\SYSTEM32\WSOCK32.dll
0x00007ffd6fca0000 - 0x00007ffd6fcc2000 	C:\WINDOWS\SYSTEM32\WINMM.dll
0x00007ffd731d0000 - 0x00007ffd731d7000 	C:\WINDOWS\system32\PSAPI.DLL
0x00007ffd74cb0000 - 0x00007ffd74d0a000 	C:\WINDOWS\system32\WS2_32.dll
0x00007ffd6f790000 - 0x00007ffd6f7ba000 	C:\WINDOWS\SYSTEM32\WINMMBASE.dll
0x00007ffd73010000 - 0x00007ffd73019000 	C:\WINDOWS\system32\NSI.dll
0x00007ffd71fd0000 - 0x00007ffd7201f000 	C:\WINDOWS\SYSTEM32\cfgmgr32.dll
0x00007ffd70c90000 - 0x00007ffd70cb8000 	C:\WINDOWS\SYSTEM32\DEVOBJ.dll
0x00000000513e0000 - 0x00000000513ef000 	C:\Program Files\Java\jdk1.7.0_75\jre\bin\verify.dll
0x00000000513b0000 - 0x00000000513d8000 	C:\Program Files\Java\jdk1.7.0_75\jre\bin\java.dll
0x0000000051390000 - 0x00000000513a5000 	C:\Program Files\Java\jdk1.7.0_75\jre\bin\zip.dll
0x0000000051370000 - 0x0000000051389000 	C:\Program Files\Java\jdk1.7.0_75\jre\bin\net.dll
0x00007ffd715b0000 - 0x00007ffd71609000 	C:\WINDOWS\system32\mswsock.dll
0x0000000051350000 - 0x0000000051361000 	C:\Program Files\Java\jdk1.7.0_75\jre\bin\nio.dll
0x00007ffd6be50000 - 0x00007ffd6bfda000 	C:\WINDOWS\SYSTEM32\dbghelp.dll

VM Arguments:
jvm_args: -Xmx1024M -Dfile.encoding=windows-1252 -Duser.country=US -Duser.language=en -Duser.variant 
java_command: com.android.dx.command.Main --dex --output C:\Users\jasonhk1020\Desktop\Hmmm\app\build\intermediates\pre-dexed\debug\classes-17d0eb844c8f74a50e13e3764861807c3c094c39.jar C:\Users\jasonhk1020\Desktop\Hmmm\app\build\intermediates\exploded-aar\com.android.support\appcompat-v7\22.1.1\classes.jar
Launcher Type: SUN_STANDARD

Environment Variables:
PATH=C:\ProgramData\Oracle\Java\javapath;C:\Program Files (x86)\Common Files\Intel\Shared Files\cpp\bin\Intel64;C:\Program Files (x86)\NVIDIA Corporation\PhysX\Common;C:\Program Files (x86)\Intel\iCLS Client\;C:\Program Files\Intel\iCLS Client\;C:\WINDOWS\system32;C:\WINDOWS;C:\WINDOWS\System32\Wbem;C:\WINDOWS\System32\WindowsPowerShell\v1.0\;C:\Program Files\Intel\Intel(R) Management Engine Components\DAL;C:\Program Files\Intel\Intel(R) Management Engine Components\IPT;C:\Program Files (x86)\Intel\Intel(R) Management Engine Components\DAL;C:\Program Files (x86)\Intel\Intel(R) Management Engine Components\IPT;C:\Program Files\MATLAB\R2012b\bin;C:\Program Files (x86)\QuickTime\QTSystem\;C:\Program Files (x86)\Skype\Phone\;C:\Program Files\nodejs\;C:\Users\jasonhk1020\AppData\Roaming\npm
USERNAME=jasonhk1020
OS=Windows_NT
PROCESSOR_IDENTIFIER=Intel64 Family 6 Model 58 Stepping 9, GenuineIntel



---------------  S Y S T E M  ---------------

OS: Windows 8.1 , 64 bit Build 9600 

CPU:total 4 (4 cores per cpu, 1 threads per core) family 6 model 58 stepping 9, cmov, cx8, fxsr, mmx, sse, sse2, sse3, ssse3, sse4.1, sse4.2, popcnt, avx, aes, erms, tsc, tscinvbit, tscinv

Memory: 4k page, physical 8342752k(1750380k free), swap 33508576k(5400k free)

vm_info: Java HotSpot(TM) 64-Bit Server VM (24.75-b04) for windows-amd64 JRE (1.7.0_75-b13), built on Dec 18 2014 17:15:01 by "java_re" with unknown MS VC++:1600

time: Fri May 08 20:10:08 2015
elapsed time: 2 seconds

