#
# There is insufficient memory for the Java Runtime Environment to continue.
# Native memory allocation (malloc) failed to allocate 666816 bytes for Chunk::new
# Possible reasons:
#   The system is out of physical RAM or swap space
#   In 32 bit mode, the process size limit was hit
# Possible solutions:
#   Reduce memory load on the system
#   Increase physical memory or swap space
#   Check if swap backing store is full
#   Use 64 bit Java on a 64 bit OS
#   Decrease Java heap size (-Xmx/-Xms)
#   Decrease number of Java threads
#   Decrease Java thread stack sizes (-Xss)
#   Set larger code cache with -XX:ReservedCodeCacheSize=
# This output file may be truncated or incomplete.
#
#  Out of Memory Error (allocation.cpp:323), pid=9448, tid=4828
#
# JRE version: Java(TM) SE Runtime Environment (7.0_75-b13) (build 1.7.0_75-b13)
# Java VM: Java HotSpot(TM) 64-Bit Server VM (24.75-b04 mixed mode windows-amd64 compressed oops)
# Failed to write core dump. Minidumps are not enabled by default on client versions of Windows
#

---------------  T H R E A D  ---------------

Current thread (0x00000000082b4000):  JavaThread "C2 CompilerThread0" daemon [_thread_in_native, id=4828, stack(0x0000000009830000,0x0000000009930000)]

Stack: [0x0000000009830000,0x0000000009930000]
[error occurred during error reporting (printing stack bounds), id 0xc0000005]


[error occurred during error reporting (printing native stack), id 0xc0000005]


Current CompileTask:
C2:   1982  267   !         com.android.dx.cf.code.Ropper::processBlock (1101 bytes)


---------------  P R O C E S S  ---------------

Java Threads: ( => current thread )
  0x00000000082c0800 JavaThread "Service Thread" daemon [_thread_blocked, id=10972, stack(0x0000000009a30000,0x0000000009b30000)]
  0x00000000082be000 JavaThread "C2 CompilerThread1" daemon [_thread_in_native, id=10604, stack(0x0000000009930000,0x0000000009a30000)]
=>0x00000000082b4000 JavaThread "C2 CompilerThread0" daemon [_thread_in_native, id=4828, stack(0x0000000009830000,0x0000000009930000)]
  0x00000000082b3000 JavaThread "Attach Listener" daemon [_thread_blocked, id=6940, stack(0x0000000009730000,0x0000000009830000)]
  0x00000000082b0000 JavaThread "Signal Dispatcher" daemon [_thread_blocked, id=12096, stack(0x0000000009630000,0x0000000009730000)]
  0x000000000827f000 JavaThread "Finalizer" daemon [_thread_blocked, id=11972, stack(0x0000000009530000,0x0000000009630000)]
  0x0000000008276000 JavaThread "Reference Handler" daemon [_thread_blocked, id=8800, stack(0x0000000009430000,0x0000000009530000)]
  0x00000000023e0800 JavaThread "main" [_thread_in_vm, id=7980, stack(0x00000000022e0000,0x00000000023e0000)]

Other Threads:
  0x0000000008272000 VMThread [stack: 0x0000000009330000,0x0000000009430000] [id=11160]
  0x00000000082cf000 WatcherThread [stack: 0x0000000009b30000,0x0000000009c30000] [id=2344]

VM state:not at safepoint (normal execution)

VM Mutex/Monitor currently owned by a thread: None

Heap
 PSYoungGen      total 38400K, used 6087K [0x00000000eaa80000, 0x00000000ed500000, 0x0000000100000000)
  eden space 33280K, 3% used [0x00000000eaa80000,0x00000000eab79a50,0x00000000ecb00000)
  from space 5120K, 99% used [0x00000000ecb00000,0x00000000ecff81b0,0x00000000ed000000)
  to   space 5120K, 0% used [0x00000000ed000000,0x00000000ed000000,0x00000000ed500000)
 ParOldGen       total 86528K, used 1696K [0x00000000c0000000, 0x00000000c5480000, 0x00000000eaa80000)
  object space 86528K, 1% used [0x00000000c0000000,0x00000000c01a8080,0x00000000c5480000)
 PSPermGen       total 21504K, used 5545K [0x00000000bae00000, 0x00000000bc300000, 0x00000000c0000000)
  object space 21504K, 25% used [0x00000000bae00000,0x00000000bb36a458,0x00000000bc300000)

Card table byte_map: [0x00000000054e0000,0x0000000005710000] byte_map_base: 0x0000000004f09000

Polling page: 0x0000000000a10000

Code Cache  [0x00000000024e0000, 0x0000000002750000, 0x00000000054e0000)
 total_blobs=500 nmethods=266 adapters=186 free_code_cache=48088Kb largest_free_block=49216448

Compilation events (10 events):
Event: 1.970 Thread 0x00000000082be000 nmethod 260 0x00000000025ce350 code [0x00000000025ce560, 0x00000000025ced80]
Event: 1.970 Thread 0x00000000082be000  264             com.android.dx.ssa.SsaMethod::blockIndexToRopLabel (21 bytes)
Event: 1.971 Thread 0x00000000082be000 nmethod 264 0x00000000025e9490 code [0x00000000025e95e0, 0x00000000025e96b8]
Event: 1.971 Thread 0x00000000082be000  265             com.android.dx.rop.cst.CstBaseMethodRef::compareTo0 (29 bytes)
Event: 1.971 Thread 0x00000000082b4000 nmethod 263 0x00000000025e8990 code [0x00000000025e8ae0, 0x00000000025e8cf8]
Event: 1.971 Thread 0x00000000082b4000  266             com.android.dx.rop.code.RegisterSpec::make (7 bytes)
Event: 1.972 Thread 0x00000000082b4000 nmethod 266 0x00000000025ce050 code [0x00000000025ce1a0, 0x00000000025ce208]
Event: 1.972 Thread 0x00000000082b4000  267   !         com.android.dx.cf.code.Ropper::processBlock (1101 bytes)
Event: 1.974 Thread 0x00000000082be000 nmethod 265 0x00000000025eefd0 code [0x00000000025ef180, 0x00000000025ef8d8]
Event: 1.979 Thread 0x00000000082be000  268             com.android.dx.ssa.BasicRegisterMapper::addMapping (68 bytes)

GC Heap History (2 events):
Event: 1.913 GC heap before
{Heap before GC invocations=1 (full 0):
 PSYoungGen      total 38400K, used 33280K [0x00000000eaa80000, 0x00000000ed500000, 0x0000000100000000)
  eden space 33280K, 100% used [0x00000000eaa80000,0x00000000ecb00000,0x00000000ecb00000)
  from space 5120K, 0% used [0x00000000ed000000,0x00000000ed000000,0x00000000ed500000)
  to   space 5120K, 0% used [0x00000000ecb00000,0x00000000ecb00000,0x00000000ed000000)
 ParOldGen       total 86528K, used 0K [0x00000000c0000000, 0x00000000c5480000, 0x00000000eaa80000)
  object space 86528K, 0% used [0x00000000c0000000,0x00000000c0000000,0x00000000c5480000)
 PSPermGen       total 21504K, used 5543K [0x00000000bae00000, 0x00000000bc300000, 0x00000000c0000000)
  object space 21504K, 25% used [0x00000000bae00000,0x00000000bb369f80,0x00000000bc300000)
Event: 1.970 GC heap after
Heap after GC invocations=1 (full 0):
 PSYoungGen      total 38400K, used 5088K [0x00000000eaa80000, 0x00000000ed500000, 0x0000000100000000)
  eden space 33280K, 0% used [0x00000000eaa80000,0x00000000eaa80000,0x00000000ecb00000)
  from space 5120K, 99% used [0x00000000ecb00000,0x00000000ecff81b0,0x00000000ed000000)
  to   space 5120K, 0% used [0x00000000ed000000,0x00000000ed000000,0x00000000ed500000)
 ParOldGen       total 86528K, used 1696K [0x00000000c0000000, 0x00000000c5480000, 0x00000000eaa80000)
  object space 86528K, 1% used [0x00000000c0000000,0x00000000c01a8080,0x00000000c5480000)
 PSPermGen       total 21504K, used 5543K [0x00000000bae00000, 0x00000000bc300000, 0x00000000c0000000)
  object space 21504K, 25% used [0x00000000bae00000,0x00000000bb369f80,0x00000000bc300000)
}

Deoptimization events (10 events):
Event: 1.356 Thread 0x00000000023e0800 Uncommon trap: reason=null_check action=make_not_entrant pc=0x0000000002599e38 method=com.android.dx.rop.code.RegisterSpec.equals(Ljava/lang/Object;)Z @ 1
Event: 1.680 Thread 0x00000000023e0800 Uncommon trap: reason=null_check action=make_not_entrant pc=0x00000000025a2b90 method=com.android.dx.rop.type.Type.equals(Ljava/lang/Object;)Z @ 8
Event: 1.704 Thread 0x00000000023e0800 Uncommon trap: reason=unreached action=reinterpret pc=0x00000000025af074 method=com.android.dx.ssa.LocalVariableExtractor.processBlock(I)V @ 251
Event: 1.705 Thread 0x00000000023e0800 Uncommon trap: reason=unreached action=reinterpret pc=0x00000000025bc3cc method=com.android.dx.rop.code.LocalVariableExtractor.processBlock(I)V @ 195
Event: 1.717 Thread 0x00000000023e0800 Uncommon trap: reason=unreached action=reinterpret pc=0x00000000025b6f00 method=com.android.dx.ssa.SsaRenamer$BlockRenamer.process()V @ 90
Event: 1.717 Thread 0x00000000023e0800 Uncommon trap: reason=class_check action=maybe_recompile pc=0x000000000256e7bc method=com.android.dx.ssa.NormalSsaInsn.accept(Lcom/android/dx/ssa/SsaInsn$Visitor;)V @ 9
Event: 1.718 Thread 0x00000000023e0800 Uncommon trap: reason=class_check action=maybe_recompile pc=0x000000000256e7bc method=com.android.dx.ssa.NormalSsaInsn.accept(Lcom/android/dx/ssa/SsaInsn$Visitor;)V @ 9
Event: 1.718 Thread 0x00000000023e0800 Uncommon trap: reason=class_check action=maybe_recompile pc=0x000000000256e7bc method=com.android.dx.ssa.NormalSsaInsn.accept(Lcom/android/dx/ssa/SsaInsn$Visitor;)V @ 9
Event: 1.718 Thread 0x00000000023e0800 Uncommon trap: reason=class_check action=maybe_recompile pc=0x000000000256e7bc method=com.android.dx.ssa.NormalSsaInsn.accept(Lcom/android/dx/ssa/SsaInsn$Visitor;)V @ 9
Event: 1.718 Thread 0x00000000023e0800 Uncommon trap: reason=class_check action=maybe_recompile pc=0x0000000002554db4 method=com.android.dx.ssa.NormalSsaInsn.accept(Lcom/android/dx/ssa/SsaInsn$Visitor;)V @ 9

Internal exceptions (10 events):
Event: 0.575 Thread 0x00000000023e0800 Threw 0x00000000eb5231f0 at C:\re\jdk7u75\1940\hotspot\src\share\vm\prims\jvm.cpp:1281
Event: 0.576 Thread 0x00000000023e0800 Threw 0x00000000eb525550 at C:\re\jdk7u75\1940\hotspot\src\share\vm\prims\jvm.cpp:1281
Event: 0.650 Thread 0x00000000023e0800 Implicit null exception at 0x000000000255e495 to 0x000000000255e7d9
Event: 0.952 Thread 0x00000000023e0800 Threw 0x00000000ebac64a8 at C:\re\jdk7u75\1940\hotspot\src\share\vm\prims\jvm.cpp:1281
Event: 1.029 Thread 0x00000000023e0800 Threw 0x00000000ebb2c1c8 at C:\re\jdk7u75\1940\hotspot\src\share\vm\prims\jvm.cpp:1281
Event: 1.193 Thread 0x00000000023e0800 Threw 0x00000000ebe33eb0 at C:\re\jdk7u75\1940\hotspot\src\share\vm\prims\jvm.cpp:1281
Event: 1.339 Thread 0x00000000023e0800 Implicit null exception at 0x0000000002593a41 to 0x0000000002594cbd
Event: 1.356 Thread 0x00000000023e0800 Implicit null exception at 0x0000000002598ec6 to 0x0000000002599e0d
Event: 1.680 Thread 0x00000000023e0800 Implicit null exception at 0x00000000025a2a92 to 0x00000000025a2b82
Event: 1.738 Thread 0x00000000023e0800 Threw 0x00000000ec4c4c10 at C:\re\jdk7u75\1940\hotspot\src\share\vm\prims\jvm.cpp:1281

Events (10 events):
Event: 1.723 loading class 0x00000000082d2720
Event: 1.723 loading class 0x00000000082d2720 done
Event: 1.723 loading class 0x00000000082d26f0
Event: 1.723 loading class 0x00000000082d26f0 done
Event: 1.723 Executing VM operation: Deoptimize
Event: 1.731 Executing VM operation: Deoptimize done
Event: 1.738 loading class 0x0000000009d8a630
Event: 1.738 loading class 0x0000000009d8a630 done
Event: 1.913 Executing VM operation: ParallelGCFailedAllocation
Event: 1.970 Executing VM operation: ParallelGCFailedAllocation done


Dynamic libraries:
0x00007ff7edae0000 - 0x00007ff7edb13000 	C:\Program Files\Java\jdk1.7.0_75\bin\java.exe
0x00007ffd74d70000 - 0x00007ffd74f1c000 	C:\WINDOWS\SYSTEM32\ntdll.dll
0x00007ffd748e0000 - 0x00007ffd74a1e000 	C:\WINDOWS\system32\KERNEL32.DLL
0x00007ffd72020000 - 0x00007ffd72135000 	C:\WINDOWS\system32\KERNELBASE.dll
0x00007ffd70960000 - 0x00007ffd709ee000 	C:\WINDOWS\system32\apphelp.dll
0x00007ffd6f730000 - 0x00007ffd6f783000 	C:\WINDOWS\AppPatch\AppPatch64\AcGenral.DLL
0x00007ffd72680000 - 0x00007ffd7272a000 	C:\WINDOWS\system32\msvcrt.dll
0x00007ffd71cd0000 - 0x00007ffd71cfe000 	C:\WINDOWS\SYSTEM32\SspiCli.dll
0x00007ffd74c50000 - 0x00007ffd74ca4000 	C:\WINDOWS\system32\SHLWAPI.dll
0x00007ffd72e00000 - 0x00007ffd72f77000 	C:\WINDOWS\system32\USER32.dll
0x00007ffd72ae0000 - 0x00007ffd72c74000 	C:\WINDOWS\system32\ole32.dll
0x00007ffd731e0000 - 0x00007ffd746f8000 	C:\WINDOWS\system32\SHELL32.dll
0x00007ffd714a0000 - 0x00007ffd714c1000 	C:\WINDOWS\SYSTEM32\USERENV.dll
0x00007ffd747c0000 - 0x00007ffd7486a000 	C:\WINDOWS\system32\ADVAPI32.dll
0x00007ffd61350000 - 0x00007ffd6136e000 	C:\WINDOWS\SYSTEM32\MPR.dll
0x00007ffd72730000 - 0x00007ffd72871000 	C:\WINDOWS\system32\RPCRT4.dll
0x00007ffd74880000 - 0x00007ffd748d9000 	C:\WINDOWS\SYSTEM32\sechost.dll
0x00007ffd74a30000 - 0x00007ffd74c41000 	C:\WINDOWS\SYSTEM32\combase.dll
0x00007ffd72980000 - 0x00007ffd72ad1000 	C:\WINDOWS\system32\GDI32.dll
0x00007ffd71ea0000 - 0x00007ffd71eb5000 	C:\WINDOWS\SYSTEM32\profapi.dll
0x00007ffd709f0000 - 0x00007ffd70aa2000 	C:\WINDOWS\SYSTEM32\SHCORE.dll
0x00007ffd72940000 - 0x00007ffd72976000 	C:\WINDOWS\system32\IMM32.DLL
0x00007ffd72c80000 - 0x00007ffd72dd2000 	C:\WINDOWS\system32\MSCTF.dll
0x00007ffd6f830000 - 0x00007ffd6faab000 	C:\WINDOWS\WinSxS\amd64_microsoft.windows.common-controls_6595b64144ccf1df_6.0.9600.17415_none_6240486fecbd8abb\COMCTL32.dll
0x00000000763c0000 - 0x0000000076492000 	C:\Program Files\Java\jdk1.7.0_75\jre\bin\msvcr100.dll
0x0000000076850000 - 0x0000000077024000 	C:\Program Files\Java\jdk1.7.0_75\jre\bin\server\jvm.dll
0x00007ffd6a1b0000 - 0x00007ffd6a1b9000 	C:\WINDOWS\SYSTEM32\WSOCK32.dll
0x00007ffd6fca0000 - 0x00007ffd6fcc2000 	C:\WINDOWS\SYSTEM32\WINMM.dll
0x00007ffd731d0000 - 0x00007ffd731d7000 	C:\WINDOWS\system32\PSAPI.DLL
0x00007ffd74cb0000 - 0x00007ffd74d0a000 	C:\WINDOWS\system32\WS2_32.dll
0x00007ffd6f790000 - 0x00007ffd6f7ba000 	C:\WINDOWS\SYSTEM32\WINMMBASE.dll
0x00007ffd73010000 - 0x00007ffd73019000 	C:\WINDOWS\system32\NSI.dll
0x00007ffd71fd0000 - 0x00007ffd7201f000 	C:\WINDOWS\SYSTEM32\cfgmgr32.dll
0x00007ffd70c90000 - 0x00007ffd70cb8000 	C:\WINDOWS\SYSTEM32\DEVOBJ.dll
0x00000000513e0000 - 0x00000000513ef000 	C:\Program Files\Java\jdk1.7.0_75\jre\bin\verify.dll
0x00000000513b0000 - 0x00000000513d8000 	C:\Program Files\Java\jdk1.7.0_75\jre\bin\java.dll
0x0000000051390000 - 0x00000000513a5000 	C:\Program Files\Java\jdk1.7.0_75\jre\bin\zip.dll
0x0000000051370000 - 0x0000000051389000 	C:\Program Files\Java\jdk1.7.0_75\jre\bin\net.dll
0x00007ffd715b0000 - 0x00007ffd71609000 	C:\WINDOWS\system32\mswsock.dll
0x0000000051350000 - 0x0000000051361000 	C:\Program Files\Java\jdk1.7.0_75\jre\bin\nio.dll

VM Arguments:
jvm_args: -Xmx1024M -Dfile.encoding=windows-1252 -Duser.country=US -Duser.language=en -Duser.variant 
java_command: com.android.dx.command.Main --dex --output C:\Users\jasonhk1020\Desktop\Hmmm\app\build\intermediates\pre-dexed\debug\firebase-client-jvm-2.2.3-ef5b3fac8dba8ae0e7597396417d61db22cd7e2b.jar C:\Users\jasonhk1020\.gradle\caches\modules-2\files-2.1\com.firebase\firebase-client-jvm\2.2.3\e787a02a644f2681e4af82cdc88dd2f69877692b\firebase-client-jvm-2.2.3.jar
Launcher Type: SUN_STANDARD

Environment Variables:
PATH=C:\ProgramData\Oracle\Java\javapath;C:\Program Files (x86)\Common Files\Intel\Shared Files\cpp\bin\Intel64;C:\Program Files (x86)\NVIDIA Corporation\PhysX\Common;C:\Program Files (x86)\Intel\iCLS Client\;C:\Program Files\Intel\iCLS Client\;C:\WINDOWS\system32;C:\WINDOWS;C:\WINDOWS\System32\Wbem;C:\WINDOWS\System32\WindowsPowerShell\v1.0\;C:\Program Files\Intel\Intel(R) Management Engine Components\DAL;C:\Program Files\Intel\Intel(R) Management Engine Components\IPT;C:\Program Files (x86)\Intel\Intel(R) Management Engine Components\DAL;C:\Program Files (x86)\Intel\Intel(R) Management Engine Components\IPT;C:\Program Files\MATLAB\R2012b\bin;C:\Program Files (x86)\QuickTime\QTSystem\;C:\Program Files (x86)\Skype\Phone\;C:\Program Files\nodejs\;C:\Users\jasonhk1020\AppData\Roaming\npm
USERNAME=jasonhk1020
OS=Windows_NT
PROCESSOR_IDENTIFIER=Intel64 Family 6 Model 58 Stepping 9, GenuineIntel



---------------  S Y S T E M  ---------------

OS: Windows 8.1 , 64 bit Build 9600 

CPU:total 4 (4 cores per cpu, 1 threads per core) family 6 model 58 stepping 9, cmov, cx8, fxsr, mmx, sse, sse2, sse3, ssse3, sse4.1, sse4.2, popcnt, avx, aes, erms, tsc, tscinvbit, tscinv

Memory: 4k page, physical 8342752k(1656360k free), swap 33508576k(5876k free)

vm_info: Java HotSpot(TM) 64-Bit Server VM (24.75-b04) for windows-amd64 JRE (1.7.0_75-b13), built on Dec 18 2014 17:15:01 by "java_re" with unknown MS VC++:1600

time: Fri May 08 20:10:08 2015
elapsed time: 1 seconds

