#
# There is insufficient memory for the Java Runtime Environment to continue.
# Native memory allocation (malloc) failed to allocate 640816 bytes for Chunk::new
# Possible reasons:
#   The system is out of physical RAM or swap space
#   In 32 bit mode, the process size limit was hit
# Possible solutions:
#   Reduce memory load on the system
#   Increase physical memory or swap space
#   Check if swap backing store is full
#   Use 64 bit Java on a 64 bit OS
#   Decrease Java heap size (-Xmx/-Xms)
#   Decrease number of Java threads
#   Decrease Java thread stack sizes (-Xss)
#   Set larger code cache with -XX:ReservedCodeCacheSize=
# This output file may be truncated or incomplete.
#
#  Out of Memory Error (allocation.cpp:323), pid=1032, tid=10904
#
# JRE version: Java(TM) SE Runtime Environment (7.0_75-b13) (build 1.7.0_75-b13)
# Java VM: Java HotSpot(TM) 64-Bit Server VM (24.75-b04 mixed mode windows-amd64 compressed oops)
# Failed to write core dump. Minidumps are not enabled by default on client versions of Windows
#

---------------  T H R E A D  ---------------

Current thread (0x00000000084de000):  JavaThread "C2 CompilerThread1" daemon [_thread_in_native, id=10904, stack(0x0000000009b40000,0x0000000009c40000)]

Stack: [0x0000000009b40000,0x0000000009c40000]
[error occurred during error reporting (printing stack bounds), id 0xc0000005]


[error occurred during error reporting (printing native stack), id 0xc0000005]


Current CompileTask:
C2:   1888  249   !         com.android.dx.cf.code.BytecodeArray::parseInstruction (2764 bytes)


---------------  P R O C E S S  ---------------

Java Threads: ( => current thread )
  0x00000000084e4000 JavaThread "Service Thread" daemon [_thread_blocked, id=12100, stack(0x0000000009c40000,0x0000000009d40000)]
=>0x00000000084de000 JavaThread "C2 CompilerThread1" daemon [_thread_in_native, id=10904, stack(0x0000000009b40000,0x0000000009c40000)]
  0x00000000084dc000 JavaThread "C2 CompilerThread0" daemon [_thread_in_native, id=76, stack(0x0000000009a40000,0x0000000009b40000)]
  0x00000000084db000 JavaThread "Attach Listener" daemon [_thread_blocked, id=2936, stack(0x0000000009940000,0x0000000009a40000)]
  0x00000000084d7800 JavaThread "Signal Dispatcher" daemon [_thread_blocked, id=9320, stack(0x0000000009840000,0x0000000009940000)]
  0x000000000849f000 JavaThread "Finalizer" daemon [_thread_blocked, id=4408, stack(0x0000000009740000,0x0000000009840000)]
  0x0000000008495800 JavaThread "Reference Handler" daemon [_thread_blocked, id=7716, stack(0x0000000009640000,0x0000000009740000)]
  0x0000000002540800 JavaThread "main" [_thread_blocked, id=3856, stack(0x0000000002440000,0x0000000002540000)]

Other Threads:
  0x0000000008491800 VMThread [stack: 0x0000000009540000,0x0000000009640000] [id=11712]
  0x00000000084f2800 WatcherThread [stack: 0x0000000009d40000,0x0000000009e40000] [id=12188]

VM state:at safepoint (normal execution)

VM Mutex/Monitor currently owned by a thread:  ([mutex/lock_event])
[0x0000000000c3c500] Threads_lock - owner thread: 0x0000000008491800
[0x0000000000c3c900] Heap_lock - owner thread: 0x0000000002540800

Heap
 PSYoungGen      total 38400K, used 33280K [0x00000000eaa80000, 0x00000000ed500000, 0x0000000100000000)
  eden space 33280K, 100% used [0x00000000eaa80000,0x00000000ecb00000,0x00000000ecb00000)
  from space 5120K, 0% used [0x00000000ed000000,0x00000000ed000000,0x00000000ed500000)
  to   space 5120K, 99% used [0x00000000ecb00000,0x00000000ecffe6c0,0x00000000ed000000)
 ParOldGen       total 86528K, used 840K [0x00000000c0000000, 0x00000000c5480000, 0x00000000eaa80000)
  object space 86528K, 0% used [0x00000000c0000000,0x00000000c00d2000,0x00000000c5480000)
 PSPermGen       total 21504K, used 5535K [0x00000000bae00000, 0x00000000bc300000, 0x00000000c0000000)
  object space 21504K, 25% used [0x00000000bae00000,0x00000000bb367da0,0x00000000bc300000)

Card table byte_map: [0x0000000005700000,0x0000000005930000] byte_map_base: 0x0000000005129000

Polling page: 0x0000000000c20000

Code Cache  [0x0000000002640000, 0x00000000028b0000, 0x0000000005640000)
 total_blobs=481 nmethods=247 adapters=186 free_code_cache=48179Kb largest_free_block=49287616

Compilation events (10 events):
Event: 1.761 Thread 0x00000000084de000 nmethod 244 0x00000000027306d0 code [0x0000000002730820, 0x0000000002730998]
Event: 1.761 Thread 0x00000000084de000  245   !         com.android.dx.rop.type.Type::intern (319 bytes)
Event: 1.771 Thread 0x00000000084de000 nmethod 245 0x0000000002729c50 code [0x0000000002729e40, 0x000000000272aca0]
Event: 1.771 Thread 0x00000000084de000  246             com.android.dx.rop.type.Prototype::makeParameterArray (131 bytes)
Event: 1.774 Thread 0x00000000084de000 nmethod 246 0x0000000002730d50 code [0x0000000002730ea0, 0x00000000027312b8]
Event: 1.774 Thread 0x00000000084de000  247   !         com.android.dx.cf.code.Ropper::processBlock (1101 bytes)
Event: 1.832 Thread 0x00000000084de000 nmethod 247 0x0000000002737510 code [0x0000000002737980, 0x000000000273a590]
Event: 1.833 Thread 0x00000000084de000  248             com.android.dx.rop.code.CstInsn::getConstant (5 bytes)
Event: 1.833 Thread 0x00000000084de000 nmethod 248 0x0000000002730ad0 code [0x0000000002730c00, 0x0000000002730c58]
Event: 1.833 Thread 0x00000000084de000  249   !         com.android.dx.cf.code.BytecodeArray::parseInstruction (2764 bytes)

GC Heap History (1 events):
Event: 1.865 GC heap before
{Heap before GC invocations=1 (full 0):
 PSYoungGen      total 38400K, used 33280K [0x00000000eaa80000, 0x00000000ed500000, 0x0000000100000000)
  eden space 33280K, 100% used [0x00000000eaa80000,0x00000000ecb00000,0x00000000ecb00000)
  from space 5120K, 0% used [0x00000000ed000000,0x00000000ed000000,0x00000000ed500000)
  to   space 5120K, 0% used [0x00000000ecb00000,0x00000000ecb00000,0x00000000ed000000)
 ParOldGen       total 86528K, used 0K [0x00000000c0000000, 0x00000000c5480000, 0x00000000eaa80000)
  object space 86528K, 0% used [0x00000000c0000000,0x00000000c0000000,0x00000000c5480000)
 PSPermGen       total 21504K, used 5535K [0x00000000bae00000, 0x00000000bc300000, 0x00000000c0000000)
  object space 21504K, 25% used [0x00000000bae00000,0x00000000bb367da0,0x00000000bc300000)

Deoptimization events (10 events):
Event: 1.118 Thread 0x0000000002540800 Uncommon trap: reason=class_check action=maybe_recompile pc=0x00000000026c1bd4 method=com.android.dx.ssa.NormalSsaInsn.accept(Lcom/android/dx/ssa/SsaInsn$Visitor;)V @ 9
Event: 1.118 Thread 0x0000000002540800 Uncommon trap: reason=class_check action=maybe_recompile pc=0x00000000026c1bd4 method=com.android.dx.ssa.NormalSsaInsn.accept(Lcom/android/dx/ssa/SsaInsn$Visitor;)V @ 9
Event: 1.118 Thread 0x0000000002540800 Uncommon trap: reason=class_check action=maybe_recompile pc=0x00000000026c1bd4 method=com.android.dx.ssa.NormalSsaInsn.accept(Lcom/android/dx/ssa/SsaInsn$Visitor;)V @ 9
Event: 1.271 Thread 0x0000000002540800 Uncommon trap: reason=class_check action=maybe_recompile pc=0x00000000026c1bd4 method=com.android.dx.ssa.NormalSsaInsn.accept(Lcom/android/dx/ssa/SsaInsn$Visitor;)V @ 9
Event: 1.280 Thread 0x0000000002540800 Uncommon trap: reason=class_check action=maybe_recompile pc=0x00000000026c89fc method=com.android.dx.rop.type.Type.equals(Ljava/lang/Object;)Z @ 8
Event: 1.284 Thread 0x0000000002540800 Uncommon trap: reason=class_check action=maybe_recompile pc=0x00000000026c89fc method=com.android.dx.rop.type.Type.equals(Ljava/lang/Object;)Z @ 8
Event: 1.285 Thread 0x0000000002540800 Uncommon trap: reason=class_check action=maybe_recompile pc=0x00000000026c89fc method=com.android.dx.rop.type.Type.equals(Ljava/lang/Object;)Z @ 8
Event: 1.288 Thread 0x0000000002540800 Uncommon trap: reason=class_check action=maybe_recompile pc=0x00000000026c89fc method=com.android.dx.rop.type.Type.equals(Ljava/lang/Object;)Z @ 8
Event: 1.549 Thread 0x0000000002540800 Uncommon trap: reason=unreached action=reinterpret pc=0x00000000026c7404 method=com.android.dx.rop.cst.Constant.compareTo(Lcom/android/dx/rop/cst/Constant;)I @ 12
Event: 1.839 Thread 0x0000000002540800 Uncommon trap: reason=null_check action=make_not_entrant pc=0x000000000272aa28 method=com.android.dx.rop.type.Type.putIntern(Lcom/android/dx/rop/type/Type;)Lcom/android/dx/rop/type/Type; @ 18

Internal exceptions (10 events):
Event: 1.109 Thread 0x0000000002540800 Threw 0x00000000eb659bf8 at C:\re\jdk7u75\1940\hotspot\src\share\vm\prims\jvm.cpp:1281
Event: 1.155 Thread 0x0000000002540800 Threw 0x00000000eb803608 at C:\re\jdk7u75\1940\hotspot\src\share\vm\prims\jvm.cpp:1281
Event: 1.156 Thread 0x0000000002540800 Threw 0x00000000eb812ae0 at C:\re\jdk7u75\1940\hotspot\src\share\vm\prims\jvm.cpp:1281
Event: 1.157 Thread 0x0000000002540800 Threw 0x00000000eb81c958 at C:\re\jdk7u75\1940\hotspot\src\share\vm\prims\jvm.cpp:1281
Event: 1.157 Thread 0x0000000002540800 Threw 0x00000000eb81ecb8 at C:\re\jdk7u75\1940\hotspot\src\share\vm\prims\jvm.cpp:1281
Event: 1.268 Thread 0x0000000002540800 Threw 0x00000000eba26f20 at C:\re\jdk7u75\1940\hotspot\src\share\vm\prims\jvm.cpp:1281
Event: 1.292 Thread 0x0000000002540800 Threw 0x00000000ebb08240 at C:\re\jdk7u75\1940\hotspot\src\share\vm\prims\jvm.cpp:1281
Event: 1.568 Thread 0x0000000002540800 Threw 0x00000000ec14efc0 at C:\re\jdk7u75\1940\hotspot\src\share\vm\prims\jvm.cpp:1281
Event: 1.571 Thread 0x0000000002540800 Threw 0x00000000ec16dbc8 at C:\re\jdk7u75\1940\hotspot\src\share\vm\prims\jvm.cpp:1281
Event: 1.839 Thread 0x0000000002540800 Implicit null exception at 0x000000000272a31b to 0x000000000272aa19

Events (10 events):
Event: 1.549 Thread 0x0000000002540800 DEOPT PACKING pc=0x00000000026c7404 sp=0x000000000253e8e0
Event: 1.549 Thread 0x0000000002540800 DEOPT UNPACKING pc=0x00000000026775a4 sp=0x000000000253e880 mode 2
Event: 1.568 loading class 0x00000000085355a0
Event: 1.568 loading class 0x00000000085355a0 done
Event: 1.571 loading class 0x0000000008508540
Event: 1.571 loading class 0x0000000008508540 done
Event: 1.839 Thread 0x0000000002540800 Uncommon trap: trap_request=0xfffffff4 fr.pc=0x000000000272aa28
Event: 1.839 Thread 0x0000000002540800 DEOPT PACKING pc=0x000000000272aa28 sp=0x000000000253ea10
Event: 1.839 Thread 0x0000000002540800 DEOPT UNPACKING pc=0x00000000026775a4 sp=0x000000000253e930 mode 2
Event: 1.865 Executing VM operation: ParallelGCFailedAllocation


Dynamic libraries:
0x00007ff7edae0000 - 0x00007ff7edb13000 	C:\Program Files\Java\jdk1.7.0_75\bin\java.exe
0x00007ffd74d70000 - 0x00007ffd74f1c000 	C:\WINDOWS\SYSTEM32\ntdll.dll
0x00007ffd748e0000 - 0x00007ffd74a1e000 	C:\WINDOWS\system32\KERNEL32.DLL
0x00007ffd72020000 - 0x00007ffd72135000 	C:\WINDOWS\system32\KERNELBASE.dll
0x00007ffd70960000 - 0x00007ffd709ee000 	C:\WINDOWS\system32\apphelp.dll
0x00007ffd6f730000 - 0x00007ffd6f783000 	C:\WINDOWS\AppPatch\AppPatch64\AcGenral.DLL
0x00007ffd72680000 - 0x00007ffd7272a000 	C:\WINDOWS\system32\msvcrt.dll
0x00007ffd71cd0000 - 0x00007ffd71cfe000 	C:\WINDOWS\SYSTEM32\SspiCli.dll
0x00007ffd74c50000 - 0x00007ffd74ca4000 	C:\WINDOWS\system32\SHLWAPI.dll
0x00007ffd72e00000 - 0x00007ffd72f77000 	C:\WINDOWS\system32\USER32.dll
0x00007ffd72ae0000 - 0x00007ffd72c74000 	C:\WINDOWS\system32\ole32.dll
0x00007ffd731e0000 - 0x00007ffd746f8000 	C:\WINDOWS\system32\SHELL32.dll
0x00007ffd714a0000 - 0x00007ffd714c1000 	C:\WINDOWS\SYSTEM32\USERENV.dll
0x00007ffd747c0000 - 0x00007ffd7486a000 	C:\WINDOWS\system32\ADVAPI32.dll
0x00007ffd61350000 - 0x00007ffd6136e000 	C:\WINDOWS\SYSTEM32\MPR.dll
0x00007ffd72730000 - 0x00007ffd72871000 	C:\WINDOWS\system32\RPCRT4.dll
0x00007ffd74880000 - 0x00007ffd748d9000 	C:\WINDOWS\SYSTEM32\sechost.dll
0x00007ffd74a30000 - 0x00007ffd74c41000 	C:\WINDOWS\SYSTEM32\combase.dll
0x00007ffd72980000 - 0x00007ffd72ad1000 	C:\WINDOWS\system32\GDI32.dll
0x00007ffd71ea0000 - 0x00007ffd71eb5000 	C:\WINDOWS\SYSTEM32\profapi.dll
0x00007ffd709f0000 - 0x00007ffd70aa2000 	C:\WINDOWS\SYSTEM32\SHCORE.dll
0x00007ffd72940000 - 0x00007ffd72976000 	C:\WINDOWS\system32\IMM32.DLL
0x00007ffd72c80000 - 0x00007ffd72dd2000 	C:\WINDOWS\system32\MSCTF.dll
0x00007ffd6f830000 - 0x00007ffd6faab000 	C:\WINDOWS\WinSxS\amd64_microsoft.windows.common-controls_6595b64144ccf1df_6.0.9600.17415_none_6240486fecbd8abb\COMCTL32.dll
0x00000000763c0000 - 0x0000000076492000 	C:\Program Files\Java\jdk1.7.0_75\jre\bin\msvcr100.dll
0x0000000076850000 - 0x0000000077024000 	C:\Program Files\Java\jdk1.7.0_75\jre\bin\server\jvm.dll
0x00007ffd6a1b0000 - 0x00007ffd6a1b9000 	C:\WINDOWS\SYSTEM32\WSOCK32.dll
0x00007ffd6fca0000 - 0x00007ffd6fcc2000 	C:\WINDOWS\SYSTEM32\WINMM.dll
0x00007ffd731d0000 - 0x00007ffd731d7000 	C:\WINDOWS\system32\PSAPI.DLL
0x00007ffd74cb0000 - 0x00007ffd74d0a000 	C:\WINDOWS\system32\WS2_32.dll
0x00007ffd6f790000 - 0x00007ffd6f7ba000 	C:\WINDOWS\SYSTEM32\WINMMBASE.dll
0x00007ffd73010000 - 0x00007ffd73019000 	C:\WINDOWS\system32\NSI.dll
0x00007ffd71fd0000 - 0x00007ffd7201f000 	C:\WINDOWS\SYSTEM32\cfgmgr32.dll
0x00007ffd70c90000 - 0x00007ffd70cb8000 	C:\WINDOWS\SYSTEM32\DEVOBJ.dll
0x00000000513e0000 - 0x00000000513ef000 	C:\Program Files\Java\jdk1.7.0_75\jre\bin\verify.dll
0x00000000513b0000 - 0x00000000513d8000 	C:\Program Files\Java\jdk1.7.0_75\jre\bin\java.dll
0x0000000051390000 - 0x00000000513a5000 	C:\Program Files\Java\jdk1.7.0_75\jre\bin\zip.dll
0x0000000051370000 - 0x0000000051389000 	C:\Program Files\Java\jdk1.7.0_75\jre\bin\net.dll
0x00007ffd715b0000 - 0x00007ffd71609000 	C:\WINDOWS\system32\mswsock.dll
0x0000000051350000 - 0x0000000051361000 	C:\Program Files\Java\jdk1.7.0_75\jre\bin\nio.dll

VM Arguments:
jvm_args: -Xmx1024M -Dfile.encoding=windows-1252 -Duser.country=US -Duser.language=en -Duser.variant 
java_command: com.android.dx.command.Main --dex --output C:\Users\jasonhk1020\Desktop\Hmmm\app\build\intermediates\pre-dexed\debug\classes-91a6095f500727e98a58a8f126c85ff21b8ef2a3.jar C:\Users\jasonhk1020\Desktop\Hmmm\app\build\intermediates\exploded-aar\com.google.android.gms\play-services-games\7.3.0\classes.jar
Launcher Type: SUN_STANDARD

Environment Variables:
PATH=C:\ProgramData\Oracle\Java\javapath;C:\Program Files (x86)\Common Files\Intel\Shared Files\cpp\bin\Intel64;C:\Program Files (x86)\NVIDIA Corporation\PhysX\Common;C:\Program Files (x86)\Intel\iCLS Client\;C:\Program Files\Intel\iCLS Client\;C:\WINDOWS\system32;C:\WINDOWS;C:\WINDOWS\System32\Wbem;C:\WINDOWS\System32\WindowsPowerShell\v1.0\;C:\Program Files\Intel\Intel(R) Management Engine Components\DAL;C:\Program Files\Intel\Intel(R) Management Engine Components\IPT;C:\Program Files (x86)\Intel\Intel(R) Management Engine Components\DAL;C:\Program Files (x86)\Intel\Intel(R) Management Engine Components\IPT;C:\Program Files\MATLAB\R2012b\bin;C:\Program Files (x86)\QuickTime\QTSystem\;C:\Program Files (x86)\Skype\Phone\;C:\Program Files\nodejs\;C:\Users\jasonhk1020\AppData\Roaming\npm
USERNAME=jasonhk1020
OS=Windows_NT
PROCESSOR_IDENTIFIER=Intel64 Family 6 Model 58 Stepping 9, GenuineIntel



---------------  S Y S T E M  ---------------

OS: Windows 8.1 , 64 bit Build 9600 

CPU:total 4 (4 cores per cpu, 1 threads per core) family 6 model 58 stepping 9, cmov, cx8, fxsr, mmx, sse, sse2, sse3, ssse3, sse4.1, sse4.2, popcnt, avx, aes, erms, tsc, tscinvbit, tscinv

Memory: 4k page, physical 8342752k(1784064k free), swap 33508576k(5388k free)

vm_info: Java HotSpot(TM) 64-Bit Server VM (24.75-b04) for windows-amd64 JRE (1.7.0_75-b13), built on Dec 18 2014 17:15:01 by "java_re" with unknown MS VC++:1600

time: Fri May 08 20:10:06 2015
elapsed time: 1 seconds

