#
# There is insufficient memory for the Java Runtime Environment to continue.
# Native memory allocation (malloc) failed to allocate 986576 bytes for Chunk::new
# Possible reasons:
#   The system is out of physical RAM or swap space
#   In 32 bit mode, the process size limit was hit
# Possible solutions:
#   Reduce memory load on the system
#   Increase physical memory or swap space
#   Check if swap backing store is full
#   Use 64 bit Java on a 64 bit OS
#   Decrease Java heap size (-Xmx/-Xms)
#   Decrease number of Java threads
#   Decrease Java thread stack sizes (-Xss)
#   Set larger code cache with -XX:ReservedCodeCacheSize=
# This output file may be truncated or incomplete.
#
#  Out of Memory Error (allocation.cpp:323), pid=8380, tid=9288
#
# JRE version: Java(TM) SE Runtime Environment (7.0_75-b13) (build 1.7.0_75-b13)
# Java VM: Java HotSpot(TM) 64-Bit Server VM (24.75-b04 mixed mode windows-amd64 compressed oops)
# Failed to write core dump. Minidumps are not enabled by default on client versions of Windows
#

---------------  T H R E A D  ---------------

Current thread (0x0000000008253800):  JavaThread "C2 CompilerThread0" daemon [_thread_in_native, id=9288, stack(0x00000000097c0000,0x00000000098c0000)]

Stack: [0x00000000097c0000,0x00000000098c0000]
[error occurred during error reporting (printing stack bounds), id 0xc0000005]


[error occurred during error reporting (printing native stack), id 0xc0000005]


Current CompileTask:
C2:   2581  333   !         com.android.dx.cf.code.RopperMachine::run (1550 bytes)


---------------  P R O C E S S  ---------------

Java Threads: ( => current thread )
  0x0000000008262000 JavaThread "Service Thread" daemon [_thread_blocked, id=12160, stack(0x00000000099c0000,0x0000000009ac0000)]
  0x000000000825d800 JavaThread "C2 CompilerThread1" daemon [_thread_in_native, id=5600, stack(0x00000000098c0000,0x00000000099c0000)]
=>0x0000000008253800 JavaThread "C2 CompilerThread0" daemon [_thread_in_native, id=9288, stack(0x00000000097c0000,0x00000000098c0000)]
  0x0000000008252800 JavaThread "Attach Listener" daemon [_thread_blocked, id=9988, stack(0x00000000096c0000,0x00000000097c0000)]
  0x000000000824f000 JavaThread "Signal Dispatcher" daemon [_thread_blocked, id=1256, stack(0x00000000095c0000,0x00000000096c0000)]
  0x000000000821f000 JavaThread "Finalizer" daemon [_thread_blocked, id=11844, stack(0x00000000094c0000,0x00000000095c0000)]
  0x0000000008215800 JavaThread "Reference Handler" daemon [_thread_blocked, id=7268, stack(0x00000000093c0000,0x00000000094c0000)]
  0x0000000002380800 JavaThread "main" [_thread_in_Java, id=8220, stack(0x0000000002280000,0x0000000002380000)]

Other Threads:
  0x0000000008211800 VMThread [stack: 0x00000000092c0000,0x00000000093c0000] [id=9892]
  0x0000000008270800 WatcherThread [stack: 0x0000000009ac0000,0x0000000009bc0000] [id=7244]

VM state:not at safepoint (normal execution)

VM Mutex/Monitor currently owned by a thread: None

Heap
 PSYoungGen      total 38400K, used 23755K [0x00000000eaa80000, 0x00000000ed500000, 0x0000000100000000)
  eden space 33280K, 56% used [0x00000000eaa80000,0x00000000ebcb44f8,0x00000000ecb00000)
  from space 5120K, 99% used [0x00000000ecb00000,0x00000000ecffeaa8,0x00000000ed000000)
  to   space 5120K, 0% used [0x00000000ed000000,0x00000000ed000000,0x00000000ed500000)
 ParOldGen       total 86528K, used 1889K [0x00000000c0000000, 0x00000000c5480000, 0x00000000eaa80000)
  object space 86528K, 2% used [0x00000000c0000000,0x00000000c01d85d8,0x00000000c5480000)
 PSPermGen       total 21504K, used 5574K [0x00000000bae00000, 0x00000000bc300000, 0x00000000c0000000)
  object space 21504K, 25% used [0x00000000bae00000,0x00000000bb371be0,0x00000000bc300000)

Card table byte_map: [0x0000000005480000,0x00000000056b0000] byte_map_base: 0x0000000004ea9000

Polling page: 0x0000000000af0000

Code Cache  [0x0000000002480000, 0x00000000026f0000, 0x0000000005480000)
 total_blobs=567 nmethods=333 adapters=186 free_code_cache=47814Kb largest_free_block=48924800

Compilation events (10 events):
Event: 2.540 Thread 0x0000000008253800 nmethod 330 0x00000000025c1a50 code [0x00000000025c1ba0, 0x00000000025c1db8]
Event: 2.550 Thread 0x000000000825d800 nmethod 324 0x00000000025d3d50 code [0x00000000025d4000, 0x00000000025d5720]
Event: 2.565 Thread 0x0000000008253800  331             com.android.dx.ssa.SsaMethod::getRegCount (5 bytes)
Event: 2.565 Thread 0x0000000008253800 nmethod 331 0x00000000025b5190 code [0x00000000025b52c0, 0x00000000025b5318]
Event: 2.566 Thread 0x000000000825d800  332             com.android.dx.rop.cst.Constant::<init> (5 bytes)
Event: 2.566 Thread 0x000000000825d800 nmethod 332 0x00000000025cac50 code [0x00000000025cad80, 0x00000000025cadd8]
Event: 2.568 Thread 0x0000000008253800  333   !         com.android.dx.cf.code.RopperMachine::run (1550 bytes)
Event: 2.579 Thread 0x000000000825d800  334             com.android.dx.ssa.SsaRenamer$BlockRenamer$RenamingMapper::map (28 bytes)
Event: 2.580 Thread 0x000000000825d800 nmethod 334 0x00000000025c9610 code [0x00000000025c9760, 0x00000000025c9848]
Event: 2.580 Thread 0x000000000825d800  335             com.android.dx.ssa.PhiInsn::getSources (95 bytes)

GC Heap History (2 events):
Event: 2.287 GC heap before
{Heap before GC invocations=1 (full 0):
 PSYoungGen      total 38400K, used 33280K [0x00000000eaa80000, 0x00000000ed500000, 0x0000000100000000)
  eden space 33280K, 100% used [0x00000000eaa80000,0x00000000ecb00000,0x00000000ecb00000)
  from space 5120K, 0% used [0x00000000ed000000,0x00000000ed000000,0x00000000ed500000)
  to   space 5120K, 0% used [0x00000000ecb00000,0x00000000ecb00000,0x00000000ed000000)
 ParOldGen       total 86528K, used 0K [0x00000000c0000000, 0x00000000c5480000, 0x00000000eaa80000)
  object space 86528K, 0% used [0x00000000c0000000,0x00000000c0000000,0x00000000c5480000)
 PSPermGen       total 21504K, used 5538K [0x00000000bae00000, 0x00000000bc300000, 0x00000000c0000000)
  object space 21504K, 25% used [0x00000000bae00000,0x00000000bb3689e8,0x00000000bc300000)
Event: 2.310 GC heap after
Heap after GC invocations=1 (full 0):
 PSYoungGen      total 38400K, used 5114K [0x00000000eaa80000, 0x00000000ed500000, 0x0000000100000000)
  eden space 33280K, 0% used [0x00000000eaa80000,0x00000000eaa80000,0x00000000ecb00000)
  from space 5120K, 99% used [0x00000000ecb00000,0x00000000ecffeaa8,0x00000000ed000000)
  to   space 5120K, 0% used [0x00000000ed000000,0x00000000ed000000,0x00000000ed500000)
 ParOldGen       total 86528K, used 1889K [0x00000000c0000000, 0x00000000c5480000, 0x00000000eaa80000)
  object space 86528K, 2% used [0x00000000c0000000,0x00000000c01d85d8,0x00000000c5480000)
 PSPermGen       total 21504K, used 5538K [0x00000000bae00000, 0x00000000bc300000, 0x00000000c0000000)
  object space 21504K, 25% used [0x00000000bae00000,0x00000000bb3689e8,0x00000000bc300000)
}

Deoptimization events (10 events):
Event: 0.977 Thread 0x0000000002380800 Uncommon trap: reason=class_check action=maybe_recompile pc=0x00000000024f4918 method=com.android.dx.ssa.NormalSsaInsn.accept(Lcom/android/dx/ssa/SsaInsn$Visitor;)V @ 9
Event: 1.052 Thread 0x0000000002380800 Uncommon trap: reason=null_check action=make_not_entrant pc=0x00000000024fcba4 method=com.android.dx.rop.code.LocalItem.equals(Ljava/lang/Object;)Z @ 1
Event: 1.275 Thread 0x0000000002380800 Uncommon trap: reason=null_check action=make_not_entrant pc=0x0000000002501c0c method=com.android.dx.rop.code.LocalItem.equals(Ljava/lang/Object;)Z @ 1
Event: 1.380 Thread 0x0000000002380800 Uncommon trap: reason=unreached action=reinterpret pc=0x0000000002503a84 method=com.android.dx.rop.cst.Constant.compareTo(Lcom/android/dx/rop/cst/Constant;)I @ 12
Event: 1.704 Thread 0x0000000002380800 Uncommon trap: reason=null_check action=make_not_entrant pc=0x000000000253c978 method=com.android.dx.rop.code.RegisterSpec.equals(Ljava/lang/Object;)Z @ 1
Event: 2.381 Thread 0x0000000002380800 Uncommon trap: reason=null_check action=make_not_entrant pc=0x000000000251b5d0 method=com.android.dx.rop.type.Type.equals(Ljava/lang/Object;)Z @ 8
Event: 2.392 Thread 0x0000000002380800 Uncommon trap: reason=null_check action=make_not_entrant pc=0x00000000025b1224 method=com.android.dx.rop.type.Type.putIntern(Lcom/android/dx/rop/type/Type;)Lcom/android/dx/rop/type/Type; @ 18
Event: 2.498 Thread 0x0000000002380800 Uncommon trap: reason=unreached action=reinterpret pc=0x00000000025bbc78 method=com.android.dx.ssa.back.FirstFitLocalCombiningAllocator$1.processInsn(Lcom/android/dx/ssa/SsaInsn;)V @ 34
Event: 2.523 Thread 0x0000000002380800 Uncommon trap: reason=bimorphic action=maybe_recompile pc=0x00000000025b6f08 method=com.android.dx.ssa.LiteralOpUpgrader.tryReplacingWithConstant(Lcom/android/dx/ssa/NormalSsaInsn;)Z @ 52
Event: 2.525 Thread 0x0000000002380800 Uncommon trap: reason=unreached action=reinterpret pc=0x00000000025b35d0 method=com.android.dx.rop.code.RegisterSpecSet.intersect(Lcom/android/dx/rop/code/RegisterSpecSet;Z)V @ 73

Internal exceptions (10 events):
Event: 1.002 Thread 0x0000000002380800 Threw 0x00000000eb4758e0 at C:\re\jdk7u75\1940\hotspot\src\share\vm\prims\jvm.cpp:1281
Event: 1.052 Thread 0x0000000002380800 Implicit null exception at 0x00000000024fc844 to 0x00000000024fcb8d
Event: 1.083 Thread 0x0000000002380800 Threw 0x00000000eb5735c8 at C:\re\jdk7u75\1940\hotspot\src\share\vm\prims\jvm.cpp:1281
Event: 1.275 Thread 0x0000000002380800 Implicit null exception at 0x0000000002501588 to 0x0000000002501bf9
Event: 1.370 Thread 0x0000000002380800 Threw 0x00000000eb970d78 at C:\re\jdk7u75\1940\hotspot\src\share\vm\prims\jvm.cpp:1281
Event: 1.529 Thread 0x0000000002380800 Threw 0x00000000ebb4fe28 at C:\re\jdk7u75\1940\hotspot\src\share\vm\prims\jvm.cpp:1281
Event: 1.704 Thread 0x0000000002380800 Implicit null exception at 0x000000000253bae5 to 0x000000000253c941
Event: 2.381 Thread 0x0000000002380800 Implicit null exception at 0x000000000251b4d2 to 0x000000000251b5c2
Event: 2.392 Thread 0x0000000002380800 Implicit null exception at 0x00000000025b0b37 to 0x00000000025b1215
Event: 2.525 Thread 0x0000000002380800 Implicit null exception at 0x00000000025b31c8 to 0x00000000025b357d

Events (10 events):
Event: 2.392 Thread 0x0000000002380800 DEOPT UNPACKING pc=0x00000000024b75a4 sp=0x000000000237ea20 mode 2
Event: 2.498 Thread 0x0000000002380800 Uncommon trap: trap_request=0xffffffad fr.pc=0x00000000025bbc78
Event: 2.498 Thread 0x0000000002380800 DEOPT PACKING pc=0x00000000025bbc78 sp=0x000000000237e910
Event: 2.498 Thread 0x0000000002380800 DEOPT UNPACKING pc=0x00000000024b75a4 sp=0x000000000237e8d0 mode 2
Event: 2.523 Thread 0x0000000002380800 Uncommon trap: trap_request=0xffffffc6 fr.pc=0x00000000025b6f08
Event: 2.523 Thread 0x0000000002380800 DEOPT PACKING pc=0x00000000025b6f08 sp=0x000000000237e9a0
Event: 2.523 Thread 0x0000000002380800 DEOPT UNPACKING pc=0x00000000024b75a4 sp=0x000000000237e848 mode 2
Event: 2.525 Thread 0x0000000002380800 Uncommon trap: trap_request=0xffffffad fr.pc=0x00000000025b35d0
Event: 2.525 Thread 0x0000000002380800 DEOPT PACKING pc=0x00000000025b35d0 sp=0x000000000237eb20
Event: 2.525 Thread 0x0000000002380800 DEOPT UNPACKING pc=0x00000000024b75a4 sp=0x000000000237eac8 mode 2


Dynamic libraries:
0x00007ff7edae0000 - 0x00007ff7edb13000 	C:\Program Files\Java\jdk1.7.0_75\bin\java.exe
0x00007ffd74d70000 - 0x00007ffd74f1c000 	C:\WINDOWS\SYSTEM32\ntdll.dll
0x00007ffd748e0000 - 0x00007ffd74a1e000 	C:\WINDOWS\system32\KERNEL32.DLL
0x00007ffd72020000 - 0x00007ffd72135000 	C:\WINDOWS\system32\KERNELBASE.dll
0x00007ffd70960000 - 0x00007ffd709ee000 	C:\WINDOWS\system32\apphelp.dll
0x00007ffd6f730000 - 0x00007ffd6f783000 	C:\WINDOWS\AppPatch\AppPatch64\AcGenral.DLL
0x00007ffd72680000 - 0x00007ffd7272a000 	C:\WINDOWS\system32\msvcrt.dll
0x00007ffd71cd0000 - 0x00007ffd71cfe000 	C:\WINDOWS\SYSTEM32\SspiCli.dll
0x00007ffd74c50000 - 0x00007ffd74ca4000 	C:\WINDOWS\system32\SHLWAPI.dll
0x00007ffd72e00000 - 0x00007ffd72f77000 	C:\WINDOWS\system32\USER32.dll
0x00007ffd72ae0000 - 0x00007ffd72c74000 	C:\WINDOWS\system32\ole32.dll
0x00007ffd731e0000 - 0x00007ffd746f8000 	C:\WINDOWS\system32\SHELL32.dll
0x00007ffd714a0000 - 0x00007ffd714c1000 	C:\WINDOWS\SYSTEM32\USERENV.dll
0x00007ffd747c0000 - 0x00007ffd7486a000 	C:\WINDOWS\system32\ADVAPI32.dll
0x00007ffd61350000 - 0x00007ffd6136e000 	C:\WINDOWS\SYSTEM32\MPR.dll
0x00007ffd72730000 - 0x00007ffd72871000 	C:\WINDOWS\system32\RPCRT4.dll
0x00007ffd74880000 - 0x00007ffd748d9000 	C:\WINDOWS\SYSTEM32\sechost.dll
0x00007ffd74a30000 - 0x00007ffd74c41000 	C:\WINDOWS\SYSTEM32\combase.dll
0x00007ffd72980000 - 0x00007ffd72ad1000 	C:\WINDOWS\system32\GDI32.dll
0x00007ffd71ea0000 - 0x00007ffd71eb5000 	C:\WINDOWS\SYSTEM32\profapi.dll
0x00007ffd709f0000 - 0x00007ffd70aa2000 	C:\WINDOWS\SYSTEM32\SHCORE.dll
0x00007ffd72940000 - 0x00007ffd72976000 	C:\WINDOWS\system32\IMM32.DLL
0x00007ffd72c80000 - 0x00007ffd72dd2000 	C:\WINDOWS\system32\MSCTF.dll
0x00007ffd6f830000 - 0x00007ffd6faab000 	C:\WINDOWS\WinSxS\amd64_microsoft.windows.common-controls_6595b64144ccf1df_6.0.9600.17415_none_6240486fecbd8abb\COMCTL32.dll
0x00000000763c0000 - 0x0000000076492000 	C:\Program Files\Java\jdk1.7.0_75\jre\bin\msvcr100.dll
0x0000000076850000 - 0x0000000077024000 	C:\Program Files\Java\jdk1.7.0_75\jre\bin\server\jvm.dll
0x00007ffd6a1b0000 - 0x00007ffd6a1b9000 	C:\WINDOWS\SYSTEM32\WSOCK32.dll
0x00007ffd6fca0000 - 0x00007ffd6fcc2000 	C:\WINDOWS\SYSTEM32\WINMM.dll
0x00007ffd731d0000 - 0x00007ffd731d7000 	C:\WINDOWS\system32\PSAPI.DLL
0x00007ffd74cb0000 - 0x00007ffd74d0a000 	C:\WINDOWS\system32\WS2_32.dll
0x00007ffd6f790000 - 0x00007ffd6f7ba000 	C:\WINDOWS\SYSTEM32\WINMMBASE.dll
0x00007ffd73010000 - 0x00007ffd73019000 	C:\WINDOWS\system32\NSI.dll
0x00007ffd71fd0000 - 0x00007ffd7201f000 	C:\WINDOWS\SYSTEM32\cfgmgr32.dll
0x00007ffd70c90000 - 0x00007ffd70cb8000 	C:\WINDOWS\SYSTEM32\DEVOBJ.dll
0x00000000513e0000 - 0x00000000513ef000 	C:\Program Files\Java\jdk1.7.0_75\jre\bin\verify.dll
0x00000000513b0000 - 0x00000000513d8000 	C:\Program Files\Java\jdk1.7.0_75\jre\bin\java.dll
0x0000000051390000 - 0x00000000513a5000 	C:\Program Files\Java\jdk1.7.0_75\jre\bin\zip.dll
0x0000000051370000 - 0x0000000051389000 	C:\Program Files\Java\jdk1.7.0_75\jre\bin\net.dll
0x00007ffd715b0000 - 0x00007ffd71609000 	C:\WINDOWS\system32\mswsock.dll
0x0000000051350000 - 0x0000000051361000 	C:\Program Files\Java\jdk1.7.0_75\jre\bin\nio.dll

VM Arguments:
jvm_args: -Xmx1024M -Dfile.encoding=windows-1252 -Duser.country=US -Duser.language=en -Duser.variant 
java_command: com.android.dx.command.Main --dex --output C:\Users\jasonhk1020\Desktop\Hmmm\app\build\intermediates\pre-dexed\debug\classes-a28240f5264ce1736877256287c103d1e77e5052.jar C:\Users\jasonhk1020\Desktop\Hmmm\app\build\intermediates\exploded-aar\com.google.android.gms\play-services-location\7.3.0\classes.jar
Launcher Type: SUN_STANDARD

Environment Variables:
PATH=C:\ProgramData\Oracle\Java\javapath;C:\Program Files (x86)\Common Files\Intel\Shared Files\cpp\bin\Intel64;C:\Program Files (x86)\NVIDIA Corporation\PhysX\Common;C:\Program Files (x86)\Intel\iCLS Client\;C:\Program Files\Intel\iCLS Client\;C:\WINDOWS\system32;C:\WINDOWS;C:\WINDOWS\System32\Wbem;C:\WINDOWS\System32\WindowsPowerShell\v1.0\;C:\Program Files\Intel\Intel(R) Management Engine Components\DAL;C:\Program Files\Intel\Intel(R) Management Engine Components\IPT;C:\Program Files (x86)\Intel\Intel(R) Management Engine Components\DAL;C:\Program Files (x86)\Intel\Intel(R) Management Engine Components\IPT;C:\Program Files\MATLAB\R2012b\bin;C:\Program Files (x86)\QuickTime\QTSystem\;C:\Program Files (x86)\Skype\Phone\;C:\Program Files\nodejs\;C:\Users\jasonhk1020\AppData\Roaming\npm
USERNAME=jasonhk1020
OS=Windows_NT
PROCESSOR_IDENTIFIER=Intel64 Family 6 Model 58 Stepping 9, GenuineIntel



---------------  S Y S T E M  ---------------

OS: Windows 8.1 , 64 bit Build 9600 

CPU:total 4 (4 cores per cpu, 1 threads per core) family 6 model 58 stepping 9, cmov, cx8, fxsr, mmx, sse, sse2, sse3, ssse3, sse4.1, sse4.2, popcnt, avx, aes, erms, tsc, tscinvbit, tscinv

Memory: 4k page, physical 8342752k(1631000k free), swap 33508576k(5284k free)

vm_info: Java HotSpot(TM) 64-Bit Server VM (24.75-b04) for windows-amd64 JRE (1.7.0_75-b13), built on Dec 18 2014 17:15:01 by "java_re" with unknown MS VC++:1600

time: Fri May 08 20:10:40 2015
elapsed time: 2 seconds

