#
# There is insufficient memory for the Java Runtime Environment to continue.
# Native memory allocation (malloc) failed to allocate 136016 bytes for Chunk::new
# Possible reasons:
#   The system is out of physical RAM or swap space
#   In 32 bit mode, the process size limit was hit
# Possible solutions:
#   Reduce memory load on the system
#   Increase physical memory or swap space
#   Check if swap backing store is full
#   Use 64 bit Java on a 64 bit OS
#   Decrease Java heap size (-Xmx/-Xms)
#   Decrease number of Java threads
#   Decrease Java thread stack sizes (-Xss)
#   Set larger code cache with -XX:ReservedCodeCacheSize=
# This output file may be truncated or incomplete.
#
#  Out of Memory Error (allocation.cpp:323), pid=9276, tid=7604
#
# JRE version: Java(TM) SE Runtime Environment (7.0_75-b13) (build 1.7.0_75-b13)
# Java VM: Java HotSpot(TM) 64-Bit Server VM (24.75-b04 mixed mode windows-amd64 compressed oops)
# Failed to write core dump. Minidumps are not enabled by default on client versions of Windows
#

---------------  T H R E A D  ---------------

Current thread (0x0000000008a0e000):  JavaThread "C2 CompilerThread1" daemon [_thread_in_native, id=7604, stack(0x000000000a090000,0x000000000a190000)]

Stack: [0x000000000a090000,0x000000000a190000]
[error occurred during error reporting (printing stack bounds), id 0xc0000005]


[error occurred during error reporting (printing native stack), id 0xc0000005]


Current CompileTask:
C2:    201   16             sun.net.www.ParseUtil::encodePath (336 bytes)


---------------  P R O C E S S  ---------------

Java Threads: ( => current thread )
  0x0000000008a14000 JavaThread "Service Thread" daemon [_thread_blocked, id=8896, stack(0x000000000a190000,0x000000000a290000)]
=>0x0000000008a0e000 JavaThread "C2 CompilerThread1" daemon [_thread_in_native, id=7604, stack(0x000000000a090000,0x000000000a190000)]
  0x0000000008a04000 JavaThread "C2 CompilerThread0" daemon [_thread_blocked, id=2568, stack(0x0000000009f90000,0x000000000a090000)]
  0x0000000008a03000 JavaThread "Attach Listener" daemon [_thread_blocked, id=5476, stack(0x0000000009e90000,0x0000000009f90000)]
  0x0000000008a00000 JavaThread "Signal Dispatcher" daemon [_thread_blocked, id=5848, stack(0x0000000009d90000,0x0000000009e90000)]
  0x00000000089cf000 JavaThread "Finalizer" daemon [_thread_blocked, id=11752, stack(0x0000000009c90000,0x0000000009d90000)]
  0x00000000089c6000 JavaThread "Reference Handler" daemon [_thread_blocked, id=9040, stack(0x0000000009b90000,0x0000000009c90000)]
  0x0000000002a70800 JavaThread "main" [_thread_in_vm, id=6820, stack(0x0000000002970000,0x0000000002a70000)]

Other Threads:
  0x00000000089c2000 VMThread [stack: 0x0000000009a90000,0x0000000009b90000] [id=2804]
  0x0000000008a22800 WatcherThread [stack: 0x000000000a290000,0x000000000a390000] [id=4716]

VM state:not at safepoint (normal execution)

VM Mutex/Monitor currently owned by a thread: None

Heap
 PSYoungGen      total 38400K, used 6014K [0x00000000eaa80000, 0x00000000ed500000, 0x0000000100000000)
  eden space 33280K, 18% used [0x00000000eaa80000,0x00000000eb05f9b0,0x00000000ecb00000)
  from space 5120K, 0% used [0x00000000ed000000,0x00000000ed000000,0x00000000ed500000)
  to   space 5120K, 0% used [0x00000000ecb00000,0x00000000ecb00000,0x00000000ed000000)
 ParOldGen       total 86528K, used 0K [0x00000000c0000000, 0x00000000c5480000, 0x00000000eaa80000)
  object space 86528K, 0% used [0x00000000c0000000,0x00000000c0000000,0x00000000c5480000)
 PSPermGen       total 21504K, used 4508K [0x00000000bae00000, 0x00000000bc300000, 0x00000000c0000000)
  object space 21504K, 20% used [0x00000000bae00000,0x00000000bb267108,0x00000000bc300000)

Card table byte_map: [0x0000000005c30000,0x0000000005e60000] byte_map_base: 0x0000000005659000

Polling page: 0x0000000002860000

Code Cache  [0x0000000002b70000, 0x0000000002de0000, 0x0000000005b70000)
 total_blobs=242 nmethods=15 adapters=180 free_code_cache=48730Kb largest_free_block=49874240

Compilation events (10 events):
Event: 0.151 Thread 0x0000000008a0e000 nmethod 10 0x0000000002bd6150 code [0x0000000002bd62a0, 0x0000000002bd6438]
Event: 0.165 Thread 0x0000000008a04000   11             com.android.dx.rop.code.BasicBlock::getLabel (5 bytes)
Event: 0.165 Thread 0x0000000008a04000 nmethod 11 0x0000000002bd9990 code [0x0000000002bd9ac0, 0x0000000002bd9b18]
Event: 0.166 Thread 0x0000000008a0e000   12             java.util.ArrayList::get (11 bytes)
Event: 0.166 Thread 0x0000000008a04000   13             java.util.ArrayList::rangeCheck (22 bytes)
Event: 0.166 Thread 0x0000000008a04000 nmethod 13 0x0000000002bd9750 code [0x0000000002bd9880, 0x0000000002bd98f8]
Event: 0.166 Thread 0x0000000008a04000   14             java.util.ArrayList::elementData (7 bytes)
Event: 0.166 Thread 0x0000000008a0e000 nmethod 12 0x0000000002bd9490 code [0x0000000002bd95c0, 0x0000000002bd9658]
Event: 0.166 Thread 0x0000000008a04000 nmethod 14 0x0000000002bd9210 code [0x0000000002bd9340, 0x0000000002bd93d8]
Event: 0.199 Thread 0x0000000008a0e000   16             sun.net.www.ParseUtil::encodePath (336 bytes)

GC Heap History (0 events):
No events

Deoptimization events (0 events):
No events

Internal exceptions (10 events):
Event: 0.193 Thread 0x0000000002a70800 Threw 0x00000000eafbfd98 at C:\re\jdk7u75\1940\hotspot\src\share\vm\prims\jvm.cpp:1281
Event: 0.193 Thread 0x0000000002a70800 Threw 0x00000000eafc4af0 at C:\re\jdk7u75\1940\hotspot\src\share\vm\prims\jvm.cpp:1281
Event: 0.193 Thread 0x0000000002a70800 Threw 0x00000000eafc85c0 at C:\re\jdk7u75\1940\hotspot\src\share\vm\prims\jvm.cpp:1281
Event: 0.193 Thread 0x0000000002a70800 Threw 0x00000000eafcda20 at C:\re\jdk7u75\1940\hotspot\src\share\vm\prims\jvm.cpp:1281
Event: 0.194 Thread 0x0000000002a70800 Threw 0x00000000eafcf838 at C:\re\jdk7u75\1940\hotspot\src\share\vm\prims\jvm.cpp:1281
Event: 0.194 Thread 0x0000000002a70800 Threw 0x00000000eafd1d78 at C:\re\jdk7u75\1940\hotspot\src\share\vm\prims\jvm.cpp:1281
Event: 0.199 Thread 0x0000000002a70800 Threw 0x00000000eafe5760 at C:\re\jdk7u75\1940\hotspot\src\share\vm\prims\jvm.cpp:1281
Event: 0.199 Thread 0x0000000002a70800 Threw 0x00000000eafe7d00 at C:\re\jdk7u75\1940\hotspot\src\share\vm\prims\jvm.cpp:1281
Event: 0.200 Thread 0x0000000002a70800 Threw 0x00000000eafe98c0 at C:\re\jdk7u75\1940\hotspot\src\share\vm\prims\jvm.cpp:1281
Event: 0.200 Thread 0x0000000002a70800 Threw 0x00000000eafecd50 at C:\re\jdk7u75\1940\hotspot\src\share\vm\prims\jvm.cpp:1281

Events (10 events):
Event: 0.194 loading class 0x000000000a51e7c0
Event: 0.194 loading class 0x000000000a51e7c0 done
Event: 0.198 loading class 0x000000000a525a00
Event: 0.198 loading class 0x000000000a525a00 done
Event: 0.199 loading class 0x000000000a4b6640
Event: 0.199 loading class 0x000000000a4b6640 done
Event: 0.200 loading class 0x000000000a526090
Event: 0.200 loading class 0x000000000a526090 done
Event: 0.200 loading class 0x000000000a4ad780
Event: 0.200 loading class 0x000000000a4ad780 done


Dynamic libraries:
0x00007ff7edae0000 - 0x00007ff7edb13000 	C:\Program Files\Java\jdk1.7.0_75\bin\java.exe
0x00007ffd74d70000 - 0x00007ffd74f1c000 	C:\WINDOWS\SYSTEM32\ntdll.dll
0x00007ffd748e0000 - 0x00007ffd74a1e000 	C:\WINDOWS\system32\KERNEL32.DLL
0x00007ffd72020000 - 0x00007ffd72135000 	C:\WINDOWS\system32\KERNELBASE.dll
0x00007ffd70960000 - 0x00007ffd709ee000 	C:\WINDOWS\system32\apphelp.dll
0x00007ffd6f730000 - 0x00007ffd6f783000 	C:\WINDOWS\AppPatch\AppPatch64\AcGenral.DLL
0x00007ffd72680000 - 0x00007ffd7272a000 	C:\WINDOWS\system32\msvcrt.dll
0x00007ffd71cd0000 - 0x00007ffd71cfe000 	C:\WINDOWS\SYSTEM32\SspiCli.dll
0x00007ffd74c50000 - 0x00007ffd74ca4000 	C:\WINDOWS\system32\SHLWAPI.dll
0x00007ffd72e00000 - 0x00007ffd72f77000 	C:\WINDOWS\system32\USER32.dll
0x00007ffd72ae0000 - 0x00007ffd72c74000 	C:\WINDOWS\system32\ole32.dll
0x00007ffd731e0000 - 0x00007ffd746f8000 	C:\WINDOWS\system32\SHELL32.dll
0x00007ffd714a0000 - 0x00007ffd714c1000 	C:\WINDOWS\SYSTEM32\USERENV.dll
0x00007ffd747c0000 - 0x00007ffd7486a000 	C:\WINDOWS\system32\ADVAPI32.dll
0x00007ffd61350000 - 0x00007ffd6136e000 	C:\WINDOWS\SYSTEM32\MPR.dll
0x00007ffd72730000 - 0x00007ffd72871000 	C:\WINDOWS\system32\RPCRT4.dll
0x00007ffd74880000 - 0x00007ffd748d9000 	C:\WINDOWS\SYSTEM32\sechost.dll
0x00007ffd74a30000 - 0x00007ffd74c41000 	C:\WINDOWS\SYSTEM32\combase.dll
0x00007ffd72980000 - 0x00007ffd72ad1000 	C:\WINDOWS\system32\GDI32.dll
0x00007ffd71ea0000 - 0x00007ffd71eb5000 	C:\WINDOWS\SYSTEM32\profapi.dll
0x00007ffd709f0000 - 0x00007ffd70aa2000 	C:\WINDOWS\SYSTEM32\SHCORE.dll
0x00007ffd72940000 - 0x00007ffd72976000 	C:\WINDOWS\system32\IMM32.DLL
0x00007ffd72c80000 - 0x00007ffd72dd2000 	C:\WINDOWS\system32\MSCTF.dll
0x00007ffd6f830000 - 0x00007ffd6faab000 	C:\WINDOWS\WinSxS\amd64_microsoft.windows.common-controls_6595b64144ccf1df_6.0.9600.17415_none_6240486fecbd8abb\COMCTL32.dll
0x00000000763c0000 - 0x0000000076492000 	C:\Program Files\Java\jdk1.7.0_75\jre\bin\msvcr100.dll
0x0000000076850000 - 0x0000000077024000 	C:\Program Files\Java\jdk1.7.0_75\jre\bin\server\jvm.dll
0x00007ffd6a1b0000 - 0x00007ffd6a1b9000 	C:\WINDOWS\SYSTEM32\WSOCK32.dll
0x00007ffd6fca0000 - 0x00007ffd6fcc2000 	C:\WINDOWS\SYSTEM32\WINMM.dll
0x00007ffd731d0000 - 0x00007ffd731d7000 	C:\WINDOWS\system32\PSAPI.DLL
0x00007ffd74cb0000 - 0x00007ffd74d0a000 	C:\WINDOWS\system32\WS2_32.dll
0x00007ffd6f790000 - 0x00007ffd6f7ba000 	C:\WINDOWS\SYSTEM32\WINMMBASE.dll
0x00007ffd73010000 - 0x00007ffd73019000 	C:\WINDOWS\system32\NSI.dll
0x00007ffd71fd0000 - 0x00007ffd7201f000 	C:\WINDOWS\SYSTEM32\cfgmgr32.dll
0x00007ffd70c90000 - 0x00007ffd70cb8000 	C:\WINDOWS\SYSTEM32\DEVOBJ.dll
0x00000000513e0000 - 0x00000000513ef000 	C:\Program Files\Java\jdk1.7.0_75\jre\bin\verify.dll
0x00000000513b0000 - 0x00000000513d8000 	C:\Program Files\Java\jdk1.7.0_75\jre\bin\java.dll
0x0000000051390000 - 0x00000000513a5000 	C:\Program Files\Java\jdk1.7.0_75\jre\bin\zip.dll
0x0000000051370000 - 0x0000000051389000 	C:\Program Files\Java\jdk1.7.0_75\jre\bin\net.dll
0x00007ffd715b0000 - 0x00007ffd71609000 	C:\WINDOWS\system32\mswsock.dll
0x0000000051350000 - 0x0000000051361000 	C:\Program Files\Java\jdk1.7.0_75\jre\bin\nio.dll

VM Arguments:
jvm_args: -Xmx1024M -Dfile.encoding=windows-1252 -Duser.country=US -Duser.language=en -Duser.variant 
java_command: com.android.dx.command.Main --dex --output C:\Users\jasonhk1020\Desktop\Hmmm\app\build\intermediates\pre-dexed\debug\jackson-core-2.2.2-dbfb73b74c6089697725d15bba014ee064a24586.jar C:\Users\jasonhk1020\.gradle\caches\modules-2\files-2.1\com.fasterxml.jackson.core\jackson-core\2.2.2\d20be6a5ddd6f8cfd36ebf6dea329873a1c41f1b\jackson-core-2.2.2.jar
Launcher Type: SUN_STANDARD

Environment Variables:
PATH=C:\ProgramData\Oracle\Java\javapath;C:\Program Files (x86)\Common Files\Intel\Shared Files\cpp\bin\Intel64;C:\Program Files (x86)\NVIDIA Corporation\PhysX\Common;C:\Program Files (x86)\Intel\iCLS Client\;C:\Program Files\Intel\iCLS Client\;C:\WINDOWS\system32;C:\WINDOWS;C:\WINDOWS\System32\Wbem;C:\WINDOWS\System32\WindowsPowerShell\v1.0\;C:\Program Files\Intel\Intel(R) Management Engine Components\DAL;C:\Program Files\Intel\Intel(R) Management Engine Components\IPT;C:\Program Files (x86)\Intel\Intel(R) Management Engine Components\DAL;C:\Program Files (x86)\Intel\Intel(R) Management Engine Components\IPT;C:\Program Files\MATLAB\R2012b\bin;C:\Program Files (x86)\QuickTime\QTSystem\;C:\Program Files (x86)\Skype\Phone\;C:\Program Files\nodejs\;C:\Users\jasonhk1020\AppData\Roaming\npm
USERNAME=jasonhk1020
OS=Windows_NT
PROCESSOR_IDENTIFIER=Intel64 Family 6 Model 58 Stepping 9, GenuineIntel



---------------  S Y S T E M  ---------------

OS: Windows 8.1 , 64 bit Build 9600 

CPU:total 4 (4 cores per cpu, 1 threads per core) family 6 model 58 stepping 9, cmov, cx8, fxsr, mmx, sse, sse2, sse3, ssse3, sse4.1, sse4.2, popcnt, avx, aes, erms, tsc, tscinvbit, tscinv

Memory: 4k page, physical 8342752k(1800372k free), swap 33508576k(5128k free)

vm_info: Java HotSpot(TM) 64-Bit Server VM (24.75-b04) for windows-amd64 JRE (1.7.0_75-b13), built on Dec 18 2014 17:15:01 by "java_re" with unknown MS VC++:1600

time: Fri May 08 20:10:56 2015
elapsed time: 0 seconds

