#
# There is insufficient memory for the Java Runtime Environment to continue.
# Native memory allocation (malloc) failed to allocate 76880 bytes for Chunk::new
# Possible reasons:
#   The system is out of physical RAM or swap space
#   In 32 bit mode, the process size limit was hit
# Possible solutions:
#   Reduce memory load on the system
#   Increase physical memory or swap space
#   Check if swap backing store is full
#   Use 64 bit Java on a 64 bit OS
#   Decrease Java heap size (-Xmx/-Xms)
#   Decrease number of Java threads
#   Decrease Java thread stack sizes (-Xss)
#   Set larger code cache with -XX:ReservedCodeCacheSize=
# This output file may be truncated or incomplete.
#
#  Out of Memory Error (allocation.cpp:323), pid=8644, tid=6624
#
# JRE version: Java(TM) SE Runtime Environment (7.0_75-b13) (build 1.7.0_75-b13)
# Java VM: Java HotSpot(TM) 64-Bit Server VM (24.75-b04 mixed mode windows-amd64 compressed oops)
# Failed to write core dump. Minidumps are not enabled by default on client versions of Windows
#

---------------  T H R E A D  ---------------

Current thread (0x0000000007e9b800):  JavaThread "C2 CompilerThread0" daemon [_thread_in_native, id=6624, stack(0x0000000009400000,0x0000000009500000)]

Stack: [0x0000000009400000,0x0000000009500000]
[error occurred during error reporting (printing stack bounds), id 0xc0000005]


[error occurred during error reporting (printing native stack), id 0xc0000005]


Current CompileTask:
C2:    627  153             com.android.dx.ssa.SsaMethod::forEachBlockDepthFirst (194 bytes)


---------------  P R O C E S S  ---------------

Java Threads: ( => current thread )
  0x0000000007ea5800 JavaThread "Service Thread" daemon [_thread_blocked, id=5360, stack(0x0000000009600000,0x0000000009700000)]
  0x0000000007e9f800 JavaThread "C2 CompilerThread1" daemon [_thread_blocked, id=844, stack(0x0000000009500000,0x0000000009600000)]
=>0x0000000007e9b800 JavaThread "C2 CompilerThread0" daemon [_thread_in_native, id=6624, stack(0x0000000009400000,0x0000000009500000)]
  0x0000000007e9a800 JavaThread "Attach Listener" daemon [_thread_blocked, id=5112, stack(0x0000000009300000,0x0000000009400000)]
  0x0000000007e97000 JavaThread "Signal Dispatcher" daemon [_thread_blocked, id=8932, stack(0x0000000009200000,0x0000000009300000)]
  0x0000000007e60000 JavaThread "Finalizer" daemon [_thread_blocked, id=4812, stack(0x0000000009100000,0x0000000009200000)]
  0x0000000007e56000 JavaThread "Reference Handler" daemon [_thread_blocked, id=3472, stack(0x0000000009000000,0x0000000009100000)]
  0x0000000001fc0800 JavaThread "main" [_thread_in_Java, id=4520, stack(0x0000000001ec0000,0x0000000001fc0000)]

Other Threads:
  0x0000000007e52000 VMThread [stack: 0x0000000008f00000,0x0000000009000000] [id=9776]
  0x0000000007eb4000 WatcherThread [stack: 0x0000000009700000,0x0000000009800000] [id=8336]

VM state:not at safepoint (normal execution)

VM Mutex/Monitor currently owned by a thread: None

Heap
 PSYoungGen      total 38400K, used 19345K [0x00000000eaa80000, 0x00000000ed500000, 0x0000000100000000)
  eden space 33280K, 58% used [0x00000000eaa80000,0x00000000ebd644a8,0x00000000ecb00000)
  from space 5120K, 0% used [0x00000000ed000000,0x00000000ed000000,0x00000000ed500000)
  to   space 5120K, 0% used [0x00000000ecb00000,0x00000000ecb00000,0x00000000ed000000)
 ParOldGen       total 86528K, used 0K [0x00000000c0000000, 0x00000000c5480000, 0x00000000eaa80000)
  object space 86528K, 0% used [0x00000000c0000000,0x00000000c0000000,0x00000000c5480000)
 PSPermGen       total 21504K, used 5407K [0x00000000bae00000, 0x00000000bc300000, 0x00000000c0000000)
  object space 21504K, 25% used [0x00000000bae00000,0x00000000bb347e50,0x00000000bc300000)

Card table byte_map: [0x00000000050c0000,0x00000000052f0000] byte_map_base: 0x0000000004ae9000

Polling page: 0x00000000005c0000

Code Cache  [0x00000000020c0000, 0x0000000002330000, 0x00000000050c0000)
 total_blobs=390 nmethods=156 adapters=186 free_code_cache=48502Kb largest_free_block=49641600

Compilation events (10 events):
Event: 0.617 Thread 0x0000000007e9b800  153             com.android.dx.ssa.SsaMethod::forEachBlockDepthFirst (194 bytes)
Event: 0.618 Thread 0x0000000007e9f800 nmethod 152 0x0000000002159d50 code [0x0000000002159e80, 0x000000000215a018]
Event: 0.618 Thread 0x0000000007e9f800  154             com.android.dx.rop.code.RegisterSpec::makeLocalOptional (7 bytes)
Event: 0.618 Thread 0x0000000007e9f800 nmethod 154 0x0000000002159b10 code [0x0000000002159c60, 0x0000000002159cc8]
Event: 0.618 Thread 0x0000000007e9f800  155             com.android.dx.ssa.DeadCodeRemover::access$000 (5 bytes)
Event: 0.619 Thread 0x0000000007e9f800 nmethod 155 0x0000000002159650 code [0x00000000021597a0, 0x0000000002159908]
Event: 0.619 Thread 0x0000000007e9f800  156             com.android.dx.util.FixedSizeList::getOrNull0 (7 bytes)
Event: 0.620 Thread 0x0000000007e9f800 nmethod 156 0x00000000021593d0 code [0x0000000002159500, 0x0000000002159598]
Event: 0.620 Thread 0x0000000007e9f800  157             com.android.dx.ssa.DeadCodeRemover$NoSideEffectVisitor::visitNonMoveInsn (28 bytes)
Event: 0.622 Thread 0x0000000007e9f800 nmethod 157 0x0000000002158bd0 code [0x0000000002158d40, 0x0000000002158fd8]

GC Heap History (0 events):
No events

Deoptimization events (1 events):
Event: 0.398 Thread 0x0000000001fc0800 Uncommon trap: reason=null_check action=make_not_entrant pc=0x0000000002135d94 method=com.android.dx.rop.code.LocalItem.equals(Ljava/lang/Object;)Z @ 1

Internal exceptions (10 events):
Event: 0.241 Thread 0x0000000001fc0800 Threw 0x00000000eb1ea688 at C:\re\jdk7u75\1940\hotspot\src\share\vm\prims\jvm.cpp:1281
Event: 0.245 Thread 0x0000000001fc0800 Threw 0x00000000eb202d18 at C:\re\jdk7u75\1940\hotspot\src\share\vm\prims\jvm.cpp:1281
Event: 0.247 Thread 0x0000000001fc0800 Threw 0x00000000eb20c4f0 at C:\re\jdk7u75\1940\hotspot\src\share\vm\prims\jvm.cpp:1281
Event: 0.249 Thread 0x0000000001fc0800 Threw 0x00000000eb21b538 at C:\re\jdk7u75\1940\hotspot\src\share\vm\prims\jvm.cpp:1281
Event: 0.251 Thread 0x0000000001fc0800 Threw 0x00000000eb226170 at C:\re\jdk7u75\1940\hotspot\src\share\vm\prims\jvm.cpp:1281
Event: 0.276 Thread 0x0000000001fc0800 Threw 0x00000000eb2a2b40 at C:\re\jdk7u75\1940\hotspot\src\share\vm\prims\jvm.cpp:1281
Event: 0.296 Thread 0x0000000001fc0800 Threw 0x00000000eb2f5490 at C:\re\jdk7u75\1940\hotspot\src\share\vm\prims\jvm.cpp:1281
Event: 0.307 Thread 0x0000000001fc0800 Threw 0x00000000eb320270 at C:\re\jdk7u75\1940\hotspot\src\share\vm\prims\jvm.cpp:1281
Event: 0.357 Thread 0x0000000001fc0800 Threw 0x00000000eb436d40 at C:\re\jdk7u75\1940\hotspot\src\share\vm\prims\jvm.cpp:1281
Event: 0.398 Thread 0x0000000001fc0800 Implicit null exception at 0x0000000002135a42 to 0x0000000002135d7d

Events (10 events):
Event: 0.357 loading class 0x000000000992ef00 done
Event: 0.358 loading class 0x0000000002037da0
Event: 0.359 loading class 0x0000000002037da0 done
Event: 0.359 loading class 0x0000000002037d70
Event: 0.359 loading class 0x0000000002037d70 done
Event: 0.398 Thread 0x0000000001fc0800 Uncommon trap: trap_request=0xfffffff4 fr.pc=0x0000000002135d94
Event: 0.398 Thread 0x0000000001fc0800 DEOPT PACKING pc=0x0000000002135d94 sp=0x0000000001fbebe0
Event: 0.398 Thread 0x0000000001fc0800 DEOPT UNPACKING pc=0x00000000020f75a4 sp=0x0000000001fbeb30 mode 2
Event: 0.424 loading class 0x0000000002036ef0
Event: 0.424 loading class 0x0000000002036ef0 done


Dynamic libraries:
0x00007ff7edae0000 - 0x00007ff7edb13000 	C:\Program Files\Java\jdk1.7.0_75\bin\java.exe
0x00007ffd74d70000 - 0x00007ffd74f1c000 	C:\WINDOWS\SYSTEM32\ntdll.dll
0x00007ffd748e0000 - 0x00007ffd74a1e000 	C:\WINDOWS\system32\KERNEL32.DLL
0x00007ffd72020000 - 0x00007ffd72135000 	C:\WINDOWS\system32\KERNELBASE.dll
0x00007ffd70960000 - 0x00007ffd709ee000 	C:\WINDOWS\system32\apphelp.dll
0x00007ffd6f730000 - 0x00007ffd6f783000 	C:\WINDOWS\AppPatch\AppPatch64\AcGenral.DLL
0x00007ffd72680000 - 0x00007ffd7272a000 	C:\WINDOWS\system32\msvcrt.dll
0x00007ffd71cd0000 - 0x00007ffd71cfe000 	C:\WINDOWS\SYSTEM32\SspiCli.dll
0x00007ffd74c50000 - 0x00007ffd74ca4000 	C:\WINDOWS\system32\SHLWAPI.dll
0x00007ffd72e00000 - 0x00007ffd72f77000 	C:\WINDOWS\system32\USER32.dll
0x00007ffd72ae0000 - 0x00007ffd72c74000 	C:\WINDOWS\system32\ole32.dll
0x00007ffd731e0000 - 0x00007ffd746f8000 	C:\WINDOWS\system32\SHELL32.dll
0x00007ffd714a0000 - 0x00007ffd714c1000 	C:\WINDOWS\SYSTEM32\USERENV.dll
0x00007ffd747c0000 - 0x00007ffd7486a000 	C:\WINDOWS\system32\ADVAPI32.dll
0x00007ffd61350000 - 0x00007ffd6136e000 	C:\WINDOWS\SYSTEM32\MPR.dll
0x00007ffd72730000 - 0x00007ffd72871000 	C:\WINDOWS\system32\RPCRT4.dll
0x00007ffd74880000 - 0x00007ffd748d9000 	C:\WINDOWS\SYSTEM32\sechost.dll
0x00007ffd74a30000 - 0x00007ffd74c41000 	C:\WINDOWS\SYSTEM32\combase.dll
0x00007ffd72980000 - 0x00007ffd72ad1000 	C:\WINDOWS\system32\GDI32.dll
0x00007ffd71ea0000 - 0x00007ffd71eb5000 	C:\WINDOWS\SYSTEM32\profapi.dll
0x00007ffd709f0000 - 0x00007ffd70aa2000 	C:\WINDOWS\SYSTEM32\SHCORE.dll
0x00007ffd72940000 - 0x00007ffd72976000 	C:\WINDOWS\system32\IMM32.DLL
0x00007ffd72c80000 - 0x00007ffd72dd2000 	C:\WINDOWS\system32\MSCTF.dll
0x00007ffd6f830000 - 0x00007ffd6faab000 	C:\WINDOWS\WinSxS\amd64_microsoft.windows.common-controls_6595b64144ccf1df_6.0.9600.17415_none_6240486fecbd8abb\COMCTL32.dll
0x00000000763c0000 - 0x0000000076492000 	C:\Program Files\Java\jdk1.7.0_75\jre\bin\msvcr100.dll
0x0000000076850000 - 0x0000000077024000 	C:\Program Files\Java\jdk1.7.0_75\jre\bin\server\jvm.dll
0x00007ffd6a1b0000 - 0x00007ffd6a1b9000 	C:\WINDOWS\SYSTEM32\WSOCK32.dll
0x00007ffd6fca0000 - 0x00007ffd6fcc2000 	C:\WINDOWS\SYSTEM32\WINMM.dll
0x00007ffd731d0000 - 0x00007ffd731d7000 	C:\WINDOWS\system32\PSAPI.DLL
0x00007ffd74cb0000 - 0x00007ffd74d0a000 	C:\WINDOWS\system32\WS2_32.dll
0x00007ffd6f790000 - 0x00007ffd6f7ba000 	C:\WINDOWS\SYSTEM32\WINMMBASE.dll
0x00007ffd73010000 - 0x00007ffd73019000 	C:\WINDOWS\system32\NSI.dll
0x00007ffd71fd0000 - 0x00007ffd7201f000 	C:\WINDOWS\SYSTEM32\cfgmgr32.dll
0x00007ffd70c90000 - 0x00007ffd70cb8000 	C:\WINDOWS\SYSTEM32\DEVOBJ.dll
0x00000000513e0000 - 0x00000000513ef000 	C:\Program Files\Java\jdk1.7.0_75\jre\bin\verify.dll
0x00000000513b0000 - 0x00000000513d8000 	C:\Program Files\Java\jdk1.7.0_75\jre\bin\java.dll
0x0000000051390000 - 0x00000000513a5000 	C:\Program Files\Java\jdk1.7.0_75\jre\bin\zip.dll
0x0000000051370000 - 0x0000000051389000 	C:\Program Files\Java\jdk1.7.0_75\jre\bin\net.dll
0x00007ffd715b0000 - 0x00007ffd71609000 	C:\WINDOWS\system32\mswsock.dll
0x0000000051350000 - 0x0000000051361000 	C:\Program Files\Java\jdk1.7.0_75\jre\bin\nio.dll

VM Arguments:
jvm_args: -Xmx1024M -Dfile.encoding=windows-1252 -Duser.country=US -Duser.language=en -Duser.variant 
java_command: com.android.dx.command.Main --dex --output C:\Users\jasonhk1020\Desktop\Hmmm\app\build\intermediates\pre-dexed\debug\classes-b6ef24a24b4fd213cdbf52a820d6a7af4bb14c02.jar C:\Users\jasonhk1020\Desktop\Hmmm\app\build\intermediates\exploded-aar\com.google.android.gms\play-services-nearby\7.3.0\classes.jar
Launcher Type: SUN_STANDARD

Environment Variables:



---------------  S Y S T E M  ---------------

OS: Windows 8.1 , 64 bit Build 9600 

CPU:total 4 (4 cores per cpu, 1 threads per core) family 6 model 58 stepping 9, cmov, cx8, fxsr, mmx, sse, sse2, sse3, ssse3, sse4.1, sse4.2, popcnt, avx, aes, erms, tsc, tscinvbit, tscinv

Memory: 4k page, physical 8342752k(1805304k free), swap 33508576k(5008k free)

vm_info: Java HotSpot(TM) 64-Bit Server VM (24.75-b04) for windows-amd64 JRE (1.7.0_75-b13), built on Dec 18 2014 17:15:01 by "java_re" with unknown MS VC++:1600

time: Fri May 08 20:10:57 2015
elapsed time: 0 seconds

