#
# There is insufficient memory for the Java Runtime Environment to continue.
# Native memory allocation (malloc) failed to allocate 165584 bytes for Chunk::new
# Possible reasons:
#   The system is out of physical RAM or swap space
#   In 32 bit mode, the process size limit was hit
# Possible solutions:
#   Reduce memory load on the system
#   Increase physical memory or swap space
#   Check if swap backing store is full
#   Use 64 bit Java on a 64 bit OS
#   Decrease Java heap size (-Xmx/-Xms)
#   Decrease number of Java threads
#   Decrease Java thread stack sizes (-Xss)
#   Set larger code cache with -XX:ReservedCodeCacheSize=
# This output file may be truncated or incomplete.
#
#  Out of Memory Error (allocation.cpp:323), pid=10152, tid=5408
#
# JRE version: Java(TM) SE Runtime Environment (7.0_75-b13) (build 1.7.0_75-b13)
# Java VM: Java HotSpot(TM) 64-Bit Server VM (24.75-b04 mixed mode windows-amd64 compressed oops)
# Failed to write core dump. Minidumps are not enabled by default on client versions of Windows
#

---------------  T H R E A D  ---------------

Current thread (0x0000000007eb3800):  JavaThread "C2 CompilerThread0" daemon [_thread_in_native, id=5408, stack(0x0000000009430000,0x0000000009530000)]

Stack: [0x0000000009430000,0x0000000009530000]
[error occurred during error reporting (printing stack bounds), id 0xc0000005]


[error occurred during error reporting (printing native stack), id 0xc0000005]


Current CompileTask:
C2:   1769  334             com.android.dx.rop.code.LocalVariableExtractor::processBlock (327 bytes)


---------------  P R O C E S S  ---------------

Java Threads: ( => current thread )
  0x0000000007ec5800 JavaThread "Service Thread" daemon [_thread_blocked, id=7352, stack(0x0000000009630000,0x0000000009730000)]
  0x0000000007ebf800 JavaThread "C2 CompilerThread1" daemon [_thread_blocked, id=10544, stack(0x0000000009530000,0x0000000009630000)]
=>0x0000000007eb3800 JavaThread "C2 CompilerThread0" daemon [_thread_in_native, id=5408, stack(0x0000000009430000,0x0000000009530000)]
  0x0000000007eb2800 JavaThread "Attach Listener" daemon [_thread_blocked, id=12212, stack(0x0000000009330000,0x0000000009430000)]
  0x0000000007eaf000 JavaThread "Signal Dispatcher" daemon [_thread_blocked, id=7532, stack(0x0000000009230000,0x0000000009330000)]
  0x0000000007e80000 JavaThread "Finalizer" daemon [_thread_blocked, id=7456, stack(0x0000000009130000,0x0000000009230000)]
  0x0000000007e76000 JavaThread "Reference Handler" daemon [_thread_blocked, id=7852, stack(0x0000000009030000,0x0000000009130000)]
  0x0000000001f20800 JavaThread "main" [_thread_in_Java, id=10212, stack(0x0000000001e20000,0x0000000001f20000)]

Other Threads:
  0x0000000007e72000 VMThread [stack: 0x0000000008f30000,0x0000000009030000] [id=4496]
  0x0000000007ed4000 WatcherThread [stack: 0x0000000009730000,0x0000000009830000] [id=8124]

VM state:not at safepoint (normal execution)

VM Mutex/Monitor currently owned by a thread: None

Heap
 PSYoungGen      total 38400K, used 26992K [0x00000000eaa80000, 0x00000000ed500000, 0x0000000100000000)
  eden space 33280K, 65% used [0x00000000eaa80000,0x00000000ebfdcda0,0x00000000ecb00000)
  from space 5120K, 99% used [0x00000000ecb00000,0x00000000ecfff378,0x00000000ed000000)
  to   space 5120K, 0% used [0x00000000ed000000,0x00000000ed000000,0x00000000ed500000)
 ParOldGen       total 86528K, used 2396K [0x00000000c0000000, 0x00000000c5480000, 0x00000000eaa80000)
  object space 86528K, 2% used [0x00000000c0000000,0x00000000c0257210,0x00000000c5480000)
 PSPermGen       total 21504K, used 5564K [0x00000000bae00000, 0x00000000bc300000, 0x00000000c0000000)
  object space 21504K, 25% used [0x00000000bae00000,0x00000000bb36f2c0,0x00000000bc300000)

Card table byte_map: [0x00000000050e0000,0x0000000005310000] byte_map_base: 0x0000000004b09000

Polling page: 0x0000000000550000

Code Cache  [0x0000000002020000, 0x0000000002290000, 0x0000000005020000)
 total_blobs=570 nmethods=336 adapters=186 free_code_cache=47811Kb largest_free_block=48930048

Compilation events (10 events):
Event: 1.758 Thread 0x0000000007eb3800  333             com.android.dx.rop.code.CstInsn::contentEquals (31 bytes)
Event: 1.758 Thread 0x0000000007eb3800 nmethod 333 0x00000000021537d0 code [0x0000000002153900, 0x0000000002153978]
Event: 1.758 Thread 0x0000000007eb3800  334             com.android.dx.rop.code.LocalVariableExtractor::processBlock (327 bytes)
Event: 1.760 Thread 0x0000000007ebf800 nmethod 328 0x0000000002165490 code [0x0000000002165620, 0x0000000002165d58]
Event: 1.762 Thread 0x0000000007ebf800  335             com.android.dx.rop.code.ThrowingCstInsn::accept (8 bytes)
Event: 1.762 Thread 0x0000000007ebf800 nmethod 335 0x0000000002162d50 code [0x0000000002162ea0, 0x0000000002162f18]
Event: 1.762 Thread 0x0000000007ebf800  336             com.android.dx.rop.code.BasicBlockList::getInstructionCount (48 bytes)
Event: 1.764 Thread 0x0000000007ebf800 nmethod 336 0x0000000002164f90 code [0x00000000021650e0, 0x00000000021652b8]
Event: 1.765 Thread 0x0000000007ebf800  337             com.android.dx.rop.code.BasicBlock::getLastInsn (8 bytes)
Event: 1.765 Thread 0x0000000007ebf800 nmethod 337 0x0000000002164b10 code [0x0000000002164c60, 0x0000000002164d38]

GC Heap History (2 events):
Event: 1.544 GC heap before
{Heap before GC invocations=1 (full 0):
 PSYoungGen      total 38400K, used 33280K [0x00000000eaa80000, 0x00000000ed500000, 0x0000000100000000)
  eden space 33280K, 100% used [0x00000000eaa80000,0x00000000ecb00000,0x00000000ecb00000)
  from space 5120K, 0% used [0x00000000ed000000,0x00000000ed000000,0x00000000ed500000)
  to   space 5120K, 0% used [0x00000000ecb00000,0x00000000ecb00000,0x00000000ed000000)
 ParOldGen       total 86528K, used 0K [0x00000000c0000000, 0x00000000c5480000, 0x00000000eaa80000)
  object space 86528K, 0% used [0x00000000c0000000,0x00000000c0000000,0x00000000c5480000)
 PSPermGen       total 21504K, used 5531K [0x00000000bae00000, 0x00000000bc300000, 0x00000000c0000000)
  object space 21504K, 25% used [0x00000000bae00000,0x00000000bb366e60,0x00000000bc300000)
Event: 1.553 GC heap after
Heap after GC invocations=1 (full 0):
 PSYoungGen      total 38400K, used 5116K [0x00000000eaa80000, 0x00000000ed500000, 0x0000000100000000)
  eden space 33280K, 0% used [0x00000000eaa80000,0x00000000eaa80000,0x00000000ecb00000)
  from space 5120K, 99% used [0x00000000ecb00000,0x00000000ecfff378,0x00000000ed000000)
  to   space 5120K, 0% used [0x00000000ed000000,0x00000000ed000000,0x00000000ed500000)
 ParOldGen       total 86528K, used 2396K [0x00000000c0000000, 0x00000000c5480000, 0x00000000eaa80000)
  object space 86528K, 2% used [0x00000000c0000000,0x00000000c0257210,0x00000000c5480000)
 PSPermGen       total 21504K, used 5531K [0x00000000bae00000, 0x00000000bc300000, 0x00000000c0000000)
  object space 21504K, 25% used [0x00000000bae00000,0x00000000bb366e60,0x00000000bc300000)
}

Deoptimization events (10 events):
Event: 0.827 Thread 0x0000000001f20800 Uncommon trap: reason=class_check action=maybe_recompile pc=0x00000000020a9afc method=com.android.dx.rop.type.Type.equals(Ljava/lang/Object;)Z @ 8
Event: 0.827 Thread 0x0000000001f20800 Uncommon trap: reason=class_check action=maybe_recompile pc=0x00000000020a9afc method=com.android.dx.rop.type.Type.equals(Ljava/lang/Object;)Z @ 8
Event: 0.830 Thread 0x0000000001f20800 Uncommon trap: reason=class_check action=maybe_recompile pc=0x00000000020a9afc method=com.android.dx.rop.type.Type.equals(Ljava/lang/Object;)Z @ 8
Event: 1.112 Thread 0x0000000001f20800 Uncommon trap: reason=unreached action=reinterpret pc=0x00000000020a79c4 method=com.android.dx.rop.cst.Constant.compareTo(Lcom/android/dx/rop/cst/Constant;)I @ 12
Event: 1.353 Thread 0x0000000001f20800 Uncommon trap: reason=null_check action=make_not_entrant pc=0x000000000210827c method=com.android.dx.rop.code.RegisterSpec.equals(Ljava/lang/Object;)Z @ 1
Event: 1.523 Thread 0x0000000001f20800 Uncommon trap: reason=null_check action=make_not_entrant pc=0x00000000021125a8 method=com.android.dx.rop.type.Type.putIntern(Lcom/android/dx/rop/type/Type;)Lcom/android/dx/rop/type/Type; @ 18
Event: 1.599 Thread 0x0000000001f20800 Uncommon trap: reason=class_check action=maybe_recompile pc=0x00000000020d2f48 method=com.android.dx.ssa.SsaConverter.placePhiFunctions(Lcom/android/dx/ssa/SsaMethod;Lcom/android/dx/ssa/LocalVariableInfo;I)V @ 257
Event: 1.618 Thread 0x0000000001f20800 Uncommon trap: reason=unreached action=reinterpret pc=0x00000000020ef00c method=com.android.dx.ssa.SCCP.simulateBranch(Lcom/android/dx/ssa/SsaInsn;)V @ 132
Event: 1.665 Thread 0x0000000001f20800 Uncommon trap: reason=predicate action=maybe_recompile pc=0x000000000214f854 method=java.util.ArrayList.remove(Ljava/lang/Object;)Z @ 49
Event: 1.727 Thread 0x0000000001f20800 Uncommon trap: reason=predicate action=maybe_recompile pc=0x000000000215c174 method=com.android.dx.ssa.PhiInsn.mapSourceRegisters(Lcom/android/dx/ssa/RegisterMapper;)V @ 17

Internal exceptions (10 events):
Event: 0.743 Thread 0x0000000001f20800 Threw 0x00000000eb81ec78 at C:\re\jdk7u75\1940\hotspot\src\share\vm\prims\jvm.cpp:1281
Event: 0.810 Thread 0x0000000001f20800 Threw 0x00000000eba26ee0 at C:\re\jdk7u75\1940\hotspot\src\share\vm\prims\jvm.cpp:1281
Event: 0.833 Thread 0x0000000001f20800 Threw 0x00000000ebb08200 at C:\re\jdk7u75\1940\hotspot\src\share\vm\prims\jvm.cpp:1281
Event: 1.117 Thread 0x0000000001f20800 Threw 0x00000000ec1474a0 at C:\re\jdk7u75\1940\hotspot\src\share\vm\prims\jvm.cpp:1281
Event: 1.119 Thread 0x0000000001f20800 Threw 0x00000000ec1660a8 at C:\re\jdk7u75\1940\hotspot\src\share\vm\prims\jvm.cpp:1281
Event: 1.353 Thread 0x0000000001f20800 Implicit null exception at 0x00000000021075df to 0x0000000002108255
Event: 1.523 Thread 0x0000000001f20800 Implicit null exception at 0x0000000002111e9b to 0x0000000002112599
Event: 1.596 Thread 0x0000000001f20800 Threw 0x00000000eb45ad38 at C:\re\jdk7u75\1940\hotspot\src\share\vm\prims\jvm.cpp:1281
Event: 1.599 Thread 0x0000000001f20800 Threw 0x00000000eb4a0700 at C:\re\jdk7u75\1940\hotspot\src\share\vm\prims\jvm.cpp:1281
Event: 1.665 Thread 0x0000000001f20800 Threw 0x00000000eb6d7a00 at C:\re\jdk7u75\1940\hotspot\src\share\vm\prims\jvm.cpp:1281

Events (10 events):
Event: 1.618 Thread 0x0000000001f20800 DEOPT PACKING pc=0x00000000020ef00c sp=0x0000000001f1ebe0
Event: 1.618 Thread 0x0000000001f20800 DEOPT UNPACKING pc=0x00000000020575a4 sp=0x0000000001f1eb58 mode 2
Event: 1.665 loading class 0x0000000009a04d10
Event: 1.665 loading class 0x0000000009a04d10 done
Event: 1.665 Thread 0x0000000001f20800 Uncommon trap: trap_request=0xffffff86 fr.pc=0x000000000214f854
Event: 1.665 Thread 0x0000000001f20800 DEOPT PACKING pc=0x000000000214f854 sp=0x0000000001f1e960
Event: 1.665 Thread 0x0000000001f20800 DEOPT UNPACKING pc=0x00000000020575a4 sp=0x0000000001f1e928 mode 2
Event: 1.727 Thread 0x0000000001f20800 Uncommon trap: trap_request=0xffffff86 fr.pc=0x000000000215c174
Event: 1.727 Thread 0x0000000001f20800 DEOPT PACKING pc=0x000000000215c174 sp=0x0000000001f1ec60
Event: 1.727 Thread 0x0000000001f20800 DEOPT UNPACKING pc=0x00000000020575a4 sp=0x0000000001f1ec38 mode 2


Dynamic libraries:
0x00007ff7edae0000 - 0x00007ff7edb13000 	C:\Program Files\Java\jdk1.7.0_75\bin\java.exe
0x00007ffd74d70000 - 0x00007ffd74f1c000 	C:\WINDOWS\SYSTEM32\ntdll.dll
0x00007ffd748e0000 - 0x00007ffd74a1e000 	C:\WINDOWS\system32\KERNEL32.DLL
0x00007ffd72020000 - 0x00007ffd72135000 	C:\WINDOWS\system32\KERNELBASE.dll
0x00007ffd70960000 - 0x00007ffd709ee000 	C:\WINDOWS\system32\apphelp.dll
0x00007ffd6f730000 - 0x00007ffd6f783000 	C:\WINDOWS\AppPatch\AppPatch64\AcGenral.DLL
0x00007ffd72680000 - 0x00007ffd7272a000 	C:\WINDOWS\system32\msvcrt.dll
0x00007ffd71cd0000 - 0x00007ffd71cfe000 	C:\WINDOWS\SYSTEM32\SspiCli.dll
0x00007ffd74c50000 - 0x00007ffd74ca4000 	C:\WINDOWS\system32\SHLWAPI.dll
0x00007ffd72e00000 - 0x00007ffd72f77000 	C:\WINDOWS\system32\USER32.dll
0x00007ffd72ae0000 - 0x00007ffd72c74000 	C:\WINDOWS\system32\ole32.dll
0x00007ffd731e0000 - 0x00007ffd746f8000 	C:\WINDOWS\system32\SHELL32.dll
0x00007ffd714a0000 - 0x00007ffd714c1000 	C:\WINDOWS\SYSTEM32\USERENV.dll
0x00007ffd747c0000 - 0x00007ffd7486a000 	C:\WINDOWS\system32\ADVAPI32.dll
0x00007ffd61350000 - 0x00007ffd6136e000 	C:\WINDOWS\SYSTEM32\MPR.dll
0x00007ffd72730000 - 0x00007ffd72871000 	C:\WINDOWS\system32\RPCRT4.dll
0x00007ffd74880000 - 0x00007ffd748d9000 	C:\WINDOWS\SYSTEM32\sechost.dll
0x00007ffd74a30000 - 0x00007ffd74c41000 	C:\WINDOWS\SYSTEM32\combase.dll
0x00007ffd72980000 - 0x00007ffd72ad1000 	C:\WINDOWS\system32\GDI32.dll
0x00007ffd71ea0000 - 0x00007ffd71eb5000 	C:\WINDOWS\SYSTEM32\profapi.dll
0x00007ffd709f0000 - 0x00007ffd70aa2000 	C:\WINDOWS\SYSTEM32\SHCORE.dll
0x00007ffd72940000 - 0x00007ffd72976000 	C:\WINDOWS\system32\IMM32.DLL
0x00007ffd72c80000 - 0x00007ffd72dd2000 	C:\WINDOWS\system32\MSCTF.dll
0x00007ffd6f830000 - 0x00007ffd6faab000 	C:\WINDOWS\WinSxS\amd64_microsoft.windows.common-controls_6595b64144ccf1df_6.0.9600.17415_none_6240486fecbd8abb\COMCTL32.dll
0x00000000763c0000 - 0x0000000076492000 	C:\Program Files\Java\jdk1.7.0_75\jre\bin\msvcr100.dll
0x0000000076850000 - 0x0000000077024000 	C:\Program Files\Java\jdk1.7.0_75\jre\bin\server\jvm.dll
0x00007ffd6a1b0000 - 0x00007ffd6a1b9000 	C:\WINDOWS\SYSTEM32\WSOCK32.dll
0x00007ffd6fca0000 - 0x00007ffd6fcc2000 	C:\WINDOWS\SYSTEM32\WINMM.dll
0x00007ffd731d0000 - 0x00007ffd731d7000 	C:\WINDOWS\system32\PSAPI.DLL
0x00007ffd74cb0000 - 0x00007ffd74d0a000 	C:\WINDOWS\system32\WS2_32.dll
0x00007ffd6f790000 - 0x00007ffd6f7ba000 	C:\WINDOWS\SYSTEM32\WINMMBASE.dll
0x00007ffd73010000 - 0x00007ffd73019000 	C:\WINDOWS\system32\NSI.dll
0x00007ffd71fd0000 - 0x00007ffd7201f000 	C:\WINDOWS\SYSTEM32\cfgmgr32.dll
0x00007ffd70c90000 - 0x00007ffd70cb8000 	C:\WINDOWS\SYSTEM32\DEVOBJ.dll
0x00000000513e0000 - 0x00000000513ef000 	C:\Program Files\Java\jdk1.7.0_75\jre\bin\verify.dll
0x00000000513b0000 - 0x00000000513d8000 	C:\Program Files\Java\jdk1.7.0_75\jre\bin\java.dll
0x0000000051390000 - 0x00000000513a5000 	C:\Program Files\Java\jdk1.7.0_75\jre\bin\zip.dll
0x0000000051370000 - 0x0000000051389000 	C:\Program Files\Java\jdk1.7.0_75\jre\bin\net.dll
0x00007ffd715b0000 - 0x00007ffd71609000 	C:\WINDOWS\system32\mswsock.dll
0x0000000051350000 - 0x0000000051361000 	C:\Program Files\Java\jdk1.7.0_75\jre\bin\nio.dll

VM Arguments:
jvm_args: -Xmx1024M -Dfile.encoding=windows-1252 -Duser.country=US -Duser.language=en -Duser.variant 
java_command: com.android.dx.command.Main --dex --output C:\Users\jasonhk1020\Desktop\Hmmm\app\build\intermediates\pre-dexed\debug\classes-91a6095f500727e98a58a8f126c85ff21b8ef2a3.jar C:\Users\jasonhk1020\Desktop\Hmmm\app\build\intermediates\exploded-aar\com.google.android.gms\play-services-games\7.3.0\classes.jar
Launcher Type: SUN_STANDARD

Environment Variables:
PATH=C:\ProgramData\Oracle\Java\javapath;C:\Program Files (x86)\Common Files\Intel\Shared Files\cpp\bin\Intel64;C:\Program Files (x86)\NVIDIA Corporation\PhysX\Common;C:\Program Files (x86)\Intel\iCLS Client\;C:\Program Files\Intel\iCLS Client\;C:\WINDOWS\system32;C:\WINDOWS;C:\WINDOWS\System32\Wbem;C:\WINDOWS\System32\WindowsPowerShell\v1.0\;C:\Program Files\Intel\Intel(R) Management Engine Components\DAL;C:\Program Files\Intel\Intel(R) Management Engine Components\IPT;C:\Program Files (x86)\Intel\Intel(R) Management Engine Components\DAL;C:\Program Files (x86)\Intel\Intel(R) Management Engine Components\IPT;C:\Program Files\MATLAB\R2012b\bin;C:\Program Files (x86)\QuickTime\QTSystem\;C:\Program Files (x86)\Skype\Phone\;C:\Program Files\nodejs\;C:\Users\jasonhk1020\AppData\Roaming\npm
USERNAME=jasonhk1020
OS=Windows_NT
PROCESSOR_IDENTIFIER=Intel64 Family 6 Model 58 Stepping 9, GenuineIntel



---------------  S Y S T E M  ---------------

OS: Windows 8.1 , 64 bit Build 9600 

CPU:total 4 (4 cores per cpu, 1 threads per core) family 6 model 58 stepping 9, cmov, cx8, fxsr, mmx, sse, sse2, sse3, ssse3, sse4.1, sse4.2, popcnt, avx, aes, erms, tsc, tscinvbit, tscinv

Memory: 4k page, physical 8342752k(1707856k free), swap 33508576k(5260k free)

vm_info: Java HotSpot(TM) 64-Bit Server VM (24.75-b04) for windows-amd64 JRE (1.7.0_75-b13), built on Dec 18 2014 17:15:01 by "java_re" with unknown MS VC++:1600

time: Fri May 08 20:10:56 2015
elapsed time: 1 seconds

