#
# There is insufficient memory for the Java Runtime Environment to continue.
# Native memory allocation (malloc) failed to allocate 916896 bytes for Chunk::new
# Possible reasons:
#   The system is out of physical RAM or swap space
#   In 32 bit mode, the process size limit was hit
# Possible solutions:
#   Reduce memory load on the system
#   Increase physical memory or swap space
#   Check if swap backing store is full
#   Use 64 bit Java on a 64 bit OS
#   Decrease Java heap size (-Xmx/-Xms)
#   Decrease number of Java threads
#   Decrease Java thread stack sizes (-Xss)
#   Set larger code cache with -XX:ReservedCodeCacheSize=
# This output file may be truncated or incomplete.
#
#  Out of Memory Error (allocation.cpp:323), pid=11420, tid=1832
#
# JRE version: Java(TM) SE Runtime Environment (7.0_75-b13) (build 1.7.0_75-b13)
# Java VM: Java HotSpot(TM) 64-Bit Server VM (24.75-b04 mixed mode windows-amd64 compressed oops)
# Failed to write core dump. Minidumps are not enabled by default on client versions of Windows
#

---------------  T H R E A D  ---------------

Current thread (0x0000000007d1b000):  JavaThread "C2 CompilerThread1" daemon [_thread_in_native, id=1832, stack(0x00000000093a0000,0x00000000094a0000)]

Stack: [0x00000000093a0000,0x00000000094a0000]
[error occurred during error reporting (printing stack bounds), id 0xc0000005]


[error occurred during error reporting (printing native stack), id 0xc0000005]


Current CompileTask:
C2:    923  259             com.android.dx.ssa.SCCP::run (298 bytes)


---------------  P R O C E S S  ---------------

Java Threads: ( => current thread )
  0x0000000007d25800 JavaThread "Service Thread" daemon [_thread_blocked, id=12244, stack(0x00000000094a0000,0x00000000095a0000)]
=>0x0000000007d1b000 JavaThread "C2 CompilerThread1" daemon [_thread_in_native, id=1832, stack(0x00000000093a0000,0x00000000094a0000)]
  0x0000000007d15800 JavaThread "C2 CompilerThread0" daemon [_thread_in_native, id=3920, stack(0x00000000092a0000,0x00000000093a0000)]
  0x0000000007d14800 JavaThread "Attach Listener" daemon [_thread_blocked, id=6156, stack(0x00000000091a0000,0x00000000092a0000)]
  0x0000000007d11800 JavaThread "Signal Dispatcher" daemon [_thread_blocked, id=5192, stack(0x00000000090a0000,0x00000000091a0000)]
  0x0000000007ce1000 JavaThread "Finalizer" daemon [_thread_blocked, id=3860, stack(0x0000000008fa0000,0x00000000090a0000)]
  0x0000000007cd7800 JavaThread "Reference Handler" daemon [_thread_blocked, id=5216, stack(0x0000000008ea0000,0x0000000008fa0000)]
  0x0000000001d82800 JavaThread "main" [_thread_in_Java, id=6288, stack(0x0000000001bc0000,0x0000000001cc0000)]

Other Threads:
  0x0000000007cd3800 VMThread [stack: 0x0000000008da0000,0x0000000008ea0000] [id=11516]
  0x0000000007d40000 WatcherThread [stack: 0x00000000095a0000,0x00000000096a0000] [id=9092]

VM state:not at safepoint (normal execution)

VM Mutex/Monitor currently owned by a thread: None

Heap
 PSYoungGen      total 38400K, used 34762K [0x00000000eaa80000, 0x00000000ed500000, 0x0000000100000000)
  eden space 33280K, 89% used [0x00000000eaa80000,0x00000000ec7768f8,0x00000000ecb00000)
  from space 5120K, 99% used [0x00000000ecb00000,0x00000000ecffc038,0x00000000ed000000)
  to   space 5120K, 0% used [0x00000000ed000000,0x00000000ed000000,0x00000000ed500000)
 ParOldGen       total 86528K, used 3151K [0x00000000c0000000, 0x00000000c5480000, 0x00000000eaa80000)
  object space 86528K, 3% used [0x00000000c0000000,0x00000000c0313f60,0x00000000c5480000)
 PSPermGen       total 21504K, used 5561K [0x00000000bae00000, 0x00000000bc300000, 0x00000000c0000000)
  object space 21504K, 25% used [0x00000000bae00000,0x00000000bb36e7d0,0x00000000bc300000)

Card table byte_map: [0x0000000004f40000,0x0000000005170000] byte_map_base: 0x0000000004969000

Polling page: 0x0000000000450000

Code Cache  [0x0000000001e80000, 0x00000000020f0000, 0x0000000004e80000)
 total_blobs=511 nmethods=277 adapters=186 free_code_cache=48105Kb largest_free_block=49222592

Compilation events (10 events):
Event: 0.909 Thread 0x0000000007d15800 nmethod 274 0x0000000001f72750 code [0x0000000001f728a0, 0x0000000001f72a38]
Event: 0.909 Thread 0x0000000007d15800  275             com.android.dx.cf.iface.StdMember::getAccessFlags (5 bytes)
Event: 0.909 Thread 0x0000000007d15800 nmethod 275 0x0000000001f72550 code [0x0000000001f72680, 0x0000000001f726d8]
Event: 0.909 Thread 0x0000000007d15800  276             com.android.dx.dex.file.Item::<init> (5 bytes)
Event: 0.909 Thread 0x0000000007d15800 nmethod 276 0x0000000001f804d0 code [0x0000000001f80600, 0x0000000001f80658]
Event: 0.909 Thread 0x0000000007d15800  277   !         com.android.dx.rop.code.LocalVariableInfo::getStarts0 (18 bytes)
Event: 0.909 Thread 0x0000000007d15800 nmethod 277 0x0000000001f80250 code [0x0000000001f80380, 0x0000000001f80418]
Event: 0.909 Thread 0x0000000007d15800  278             com.android.dx.rop.code.RopMethod::getBlocks (5 bytes)
Event: 0.909 Thread 0x0000000007d15800 nmethod 278 0x0000000001f80050 code [0x0000000001f80180, 0x0000000001f801d8]
Event: 0.909 Thread 0x0000000007d15800  279             com.android.dx.ssa.SsaBasicBlock::newFromRop (183 bytes)

GC Heap History (2 events):
Event: 0.797 GC heap before
{Heap before GC invocations=1 (full 0):
 PSYoungGen      total 38400K, used 33280K [0x00000000eaa80000, 0x00000000ed500000, 0x0000000100000000)
  eden space 33280K, 100% used [0x00000000eaa80000,0x00000000ecb00000,0x00000000ecb00000)
  from space 5120K, 0% used [0x00000000ed000000,0x00000000ed000000,0x00000000ed500000)
  to   space 5120K, 0% used [0x00000000ecb00000,0x00000000ecb00000,0x00000000ed000000)
 ParOldGen       total 86528K, used 0K [0x00000000c0000000, 0x00000000c5480000, 0x00000000eaa80000)
  object space 86528K, 0% used [0x00000000c0000000,0x00000000c0000000,0x00000000c5480000)
 PSPermGen       total 21504K, used 5094K [0x00000000bae00000, 0x00000000bc300000, 0x00000000c0000000)
  object space 21504K, 23% used [0x00000000bae00000,0x00000000bb2f9840,0x00000000bc300000)
Event: 0.802 GC heap after
Heap after GC invocations=1 (full 0):
 PSYoungGen      total 38400K, used 5104K [0x00000000eaa80000, 0x00000000ed500000, 0x0000000100000000)
  eden space 33280K, 0% used [0x00000000eaa80000,0x00000000eaa80000,0x00000000ecb00000)
  from space 5120K, 99% used [0x00000000ecb00000,0x00000000ecffc038,0x00000000ed000000)
  to   space 5120K, 0% used [0x00000000ed000000,0x00000000ed000000,0x00000000ed500000)
 ParOldGen       total 86528K, used 3151K [0x00000000c0000000, 0x00000000c5480000, 0x00000000eaa80000)
  object space 86528K, 3% used [0x00000000c0000000,0x00000000c0313f60,0x00000000c5480000)
 PSPermGen       total 21504K, used 5094K [0x00000000bae00000, 0x00000000bc300000, 0x00000000c0000000)
  object space 21504K, 23% used [0x00000000bae00000,0x00000000bb2f9840,0x00000000bc300000)
}

Deoptimization events (10 events):
Event: 0.579 Thread 0x0000000001d82800 Uncommon trap: reason=class_check action=maybe_recompile pc=0x0000000001efaef0 method=com.android.dx.ssa.SsaMethod.deleteInsns(Ljava/util/Set;)V @ 54
Event: 0.580 Thread 0x0000000001d82800 Uncommon trap: reason=uninitialized action=reinterpret pc=0x0000000001f04994 method=com.android.dx.dex.cf.CfTranslator.translate0(Lcom/android/dx/cf/direct/DirectClassFile;[BLcom/android/dx/dex/cf/CfOptions;Lcom/android/dx/dex/DexOptions;Lcom/android/dx/deù»/}i„?
Event: 0.607 Thread 0x0000000001d82800 Uncommon trap: reason=class_check action=maybe_recompile pc=0x0000000001f0ec50 method=com.android.dx.rop.type.Type.equals(Ljava/lang/Object;)Z @ 8
Event: 0.608 Thread 0x0000000001d82800 Uncommon trap: reason=class_check action=maybe_recompile pc=0x0000000001f0ec50 method=com.android.dx.rop.type.Type.equals(Ljava/lang/Object;)Z @ 8
Event: 0.608 Thread 0x0000000001d82800 Uncommon trap: reason=class_check action=maybe_recompile pc=0x0000000001f0ec50 method=com.android.dx.rop.type.Type.equals(Ljava/lang/Object;)Z @ 8
Event: 0.610 Thread 0x0000000001d82800 Uncommon trap: reason=class_check action=maybe_recompile pc=0x0000000001f0ec50 method=com.android.dx.rop.type.Type.equals(Ljava/lang/Object;)Z @ 8
Event: 0.639 Thread 0x0000000001d82800 Uncommon trap: reason=null_check action=make_not_entrant pc=0x0000000001f27038 method=com.android.dx.rop.code.LocalItem.equals(Ljava/lang/Object;)Z @ 1
Event: 0.743 Thread 0x0000000001d82800 Uncommon trap: reason=null_check action=make_not_entrant pc=0x0000000001f4fd64 method=com.android.dx.rop.code.RegisterSpec.equals(Ljava/lang/Object;)Z @ 1
Event: 0.826 Thread 0x0000000001d82800 Uncommon trap: reason=class_check action=maybe_recompile pc=0x0000000001eeb450 method=java.util.HashMap.put(Ljava/lang/Object;Ljava/lang/Object;)Ljava/lang/Object; @ 137
Event: 0.828 Thread 0x0000000001d82800 Uncommon trap: reason=class_check action=maybe_recompile pc=0x0000000001eeb450 method=java.util.HashMap.put(Ljava/lang/Object;Ljava/lang/Object;)Ljava/lang/Object; @ 137

Internal exceptions (10 events):
Event: 0.586 Thread 0x0000000001d82800 Threw 0x00000000ebffa1d0 at C:\re\jdk7u75\1940\hotspot\src\share\vm\prims\jvm.cpp:1281
Event: 0.603 Thread 0x0000000001d82800 Threw 0x00000000ec09dad0 at C:\re\jdk7u75\1940\hotspot\src\share\vm\prims\jvm.cpp:1281
Event: 0.605 Thread 0x0000000001d82800 Threw 0x00000000ec0af728 at C:\re\jdk7u75\1940\hotspot\src\share\vm\prims\jvm.cpp:1281
Event: 0.639 Thread 0x0000000001d82800 Implicit null exception at 0x0000000001f26cea to 0x0000000001f27021
Event: 0.651 Thread 0x0000000001d82800 Threw 0x00000000ec2f49b0 at C:\re\jdk7u75\1940\hotspot\src\share\vm\prims\jvm.cpp:1281
Event: 0.668 Thread 0x0000000001d82800 Threw 0x00000000ec3e9090 at C:\re\jdk7u75\1940\hotspot\src\share\vm\prims\jvm.cpp:1281
Event: 0.671 Thread 0x0000000001d82800 Threw 0x00000000ec40ed08 at C:\re\jdk7u75\1940\hotspot\src\share\vm\prims\jvm.cpp:1281
Event: 0.743 Thread 0x0000000001d82800 Implicit null exception at 0x0000000001f4ee72 to 0x0000000001f4fd2d
Event: 0.745 Thread 0x0000000001d82800 Threw 0x00000000ec8677b0 at C:\re\jdk7u75\1940\hotspot\src\share\vm\prims\jvm.cpp:1281
Event: 0.906 Thread 0x0000000001d82800 Threw 0x00000000ec40b470 at C:\re\jdk7u75\1940\hotspot\src\share\vm\prims\jvm.cpp:1281

Events (10 events):
Event: 0.905 loading class 0x0000000007d38cc0
Event: 0.905 loading class 0x0000000007d38cc0 done
Event: 0.905 loading class 0x0000000007d38c90
Event: 0.905 loading class 0x0000000007d38c90 done
Event: 0.906 loading class 0x000000000980d900
Event: 0.906 loading class 0x000000000980d900 done
Event: 0.921 loading class 0x0000000001df9d00
Event: 0.922 loading class 0x0000000001df9d00 done
Event: 0.922 loading class 0x0000000001df9cd0
Event: 0.922 loading class 0x0000000001df9cd0 done


Dynamic libraries:
0x00007ff650270000 - 0x00007ff6502a3000 	C:\Program Files\Java\jdk1.7.0_75\bin\java.exe
0x00007ffd74d70000 - 0x00007ffd74f1c000 	C:\WINDOWS\SYSTEM32\ntdll.dll
0x00007ffd748e0000 - 0x00007ffd74a1e000 	C:\WINDOWS\system32\KERNEL32.DLL
0x00007ffd72020000 - 0x00007ffd72135000 	C:\WINDOWS\system32\KERNELBASE.dll
0x00007ffd70960000 - 0x00007ffd709ee000 	C:\WINDOWS\system32\apphelp.dll
0x00007ffd5a2e0000 - 0x00007ffd5a333000 	C:\WINDOWS\AppPatch\AppPatch64\AcGenral.DLL
0x00007ffd72680000 - 0x00007ffd7272a000 	C:\WINDOWS\system32\msvcrt.dll
0x00007ffd71cd0000 - 0x00007ffd71cfe000 	C:\WINDOWS\SYSTEM32\SspiCli.dll
0x00007ffd74c50000 - 0x00007ffd74ca4000 	C:\WINDOWS\system32\SHLWAPI.dll
0x00007ffd72e00000 - 0x00007ffd72f77000 	C:\WINDOWS\system32\USER32.dll
0x00007ffd72ae0000 - 0x00007ffd72c74000 	C:\WINDOWS\system32\ole32.dll
0x00007ffd731e0000 - 0x00007ffd746f8000 	C:\WINDOWS\system32\SHELL32.dll
0x00007ffd714a0000 - 0x00007ffd714c1000 	C:\WINDOWS\SYSTEM32\USERENV.dll
0x00007ffd747c0000 - 0x00007ffd7486a000 	C:\WINDOWS\system32\ADVAPI32.dll
0x00007ffd61350000 - 0x00007ffd6136e000 	C:\WINDOWS\SYSTEM32\MPR.dll
0x00007ffd72730000 - 0x00007ffd72871000 	C:\WINDOWS\system32\RPCRT4.dll
0x00007ffd74880000 - 0x00007ffd748d9000 	C:\WINDOWS\SYSTEM32\sechost.dll
0x00007ffd74a30000 - 0x00007ffd74c41000 	C:\WINDOWS\SYSTEM32\combase.dll
0x00007ffd72980000 - 0x00007ffd72ad1000 	C:\WINDOWS\system32\GDI32.dll
0x00007ffd71ea0000 - 0x00007ffd71eb5000 	C:\WINDOWS\SYSTEM32\profapi.dll
0x00007ffd709f0000 - 0x00007ffd70aa2000 	C:\WINDOWS\SYSTEM32\SHCORE.dll
0x00007ffd72940000 - 0x00007ffd72976000 	C:\WINDOWS\system32\IMM32.DLL
0x00007ffd72c80000 - 0x00007ffd72dd2000 	C:\WINDOWS\system32\MSCTF.dll
0x00007ffd6f830000 - 0x00007ffd6faab000 	C:\WINDOWS\WinSxS\amd64_microsoft.windows.common-controls_6595b64144ccf1df_6.0.9600.17415_none_6240486fecbd8abb\COMCTL32.dll
0x0000000076110000 - 0x00000000761e2000 	C:\Program Files\Java\jdk1.7.0_75\jre\bin\msvcr100.dll
0x0000000076940000 - 0x0000000077114000 	C:\Program Files\Java\jdk1.7.0_75\jre\bin\server\jvm.dll
0x00007ffd6a1b0000 - 0x00007ffd6a1b9000 	C:\WINDOWS\SYSTEM32\WSOCK32.dll
0x00007ffd6fca0000 - 0x00007ffd6fcc2000 	C:\WINDOWS\SYSTEM32\WINMM.dll
0x00007ffd731d0000 - 0x00007ffd731d7000 	C:\WINDOWS\system32\PSAPI.DLL
0x00007ffd74cb0000 - 0x00007ffd74d0a000 	C:\WINDOWS\system32\WS2_32.dll
0x00007ffd6f790000 - 0x00007ffd6f7ba000 	C:\WINDOWS\SYSTEM32\WINMMBASE.dll
0x00007ffd73010000 - 0x00007ffd73019000 	C:\WINDOWS\system32\NSI.dll
0x00007ffd71fd0000 - 0x00007ffd7201f000 	C:\WINDOWS\SYSTEM32\cfgmgr32.dll
0x00007ffd70c90000 - 0x00007ffd70cb8000 	C:\WINDOWS\SYSTEM32\DEVOBJ.dll
0x0000000050470000 - 0x000000005047f000 	C:\Program Files\Java\jdk1.7.0_75\jre\bin\verify.dll
0x0000000076910000 - 0x0000000076938000 	C:\Program Files\Java\jdk1.7.0_75\jre\bin\java.dll
0x0000000050450000 - 0x0000000050465000 	C:\Program Files\Java\jdk1.7.0_75\jre\bin\zip.dll
0x0000000050110000 - 0x0000000050129000 	C:\Program Files\Java\jdk1.7.0_75\jre\bin\net.dll
0x00007ffd715b0000 - 0x00007ffd71609000 	C:\WINDOWS\system32\mswsock.dll
0x00000000768f0000 - 0x0000000076901000 	C:\Program Files\Java\jdk1.7.0_75\jre\bin\nio.dll

VM Arguments:
jvm_args: -Xmx1024M -Dfile.encoding=windows-1252 -Duser.country=US -Duser.language=en -Duser.variant 
java_command: com.android.dx.command.Main --dex --output C:\Users\jasonhk1020\Documents\GitHub\Hmmm\app\build\intermediates\dex\debug C:\Users\jasonhk1020\Documents\GitHub\Hmmm\app\build\intermediates\classes\debug C:\Users\jasonhk1020\Documents\GitHub\Hmmm\app\build\intermediates\pre-dexed\debug\classes-066690b2b5b1fb936cbb92603d9f7933b9347f9b.jar C:\Users\jasonhk1020\Documents\GitHub\Hmmm\app\build\intermediates\pre-dexed\debug\support-annotations-22.1.1-d513078ce9974b71179ef3871712260855159bb0.jar C:\Users\jasonhk1020\Documents\GitHub\Hmmm\app\build\intermediates\pre-dexed\debug\classes-5fe36934b74a4f5a41c5e8fdd9c4f3b5185404eb.jar C:\Users\jasonhk1020\Documents\GitHub\Hmmm\app\build\intermediates\pre-dexed\debug\classes-be3be9538af65f3f8e674728095c7e4eeb802344.jar C:\Users\jasonhk1020\Documents\GitHub\Hmmm\app\build\intermediates\pre-dexed\debug\classes-1c381797dd24e16374851acb2cc1b087392ebf5f.jar C:\Users\jasonhk1020\Documents\GitHub\Hmmm\app\build\intermediates\pre-dexed\debug\classes-cac28231d57148c62eec2acbab6c7ffd7e31b39f.jar C:\Users\jasonhk1020\Documents\GitHub\Hmmm\app\build\intermediates\pre-dexed\debug\classes-f72fbbffab5b9a51a3a316d5d5b20d69fd1a618d.jar C:\Users\jasonhk1020\Documents\GitHub\Hmmm\app\build\intermediates\pre-dexed\debug\jackson-annotations-2.2.2-d6698349758c63df3f786a497b2841d844547de6.jar C:\Users\jasonhk1020\Documents\GitHub\Hmmm\app\build\intermediates\pre-dexed\debug\firebase-client-android-2.2.3-e5b3e71d61ed1f4038b6a4c62b91c75ba60aeee0.jar C:\Users\jasonhk1020\Documents\GitHub\Hmmm\app\build\intermediates\pre-dexed\debug\tubesock-0.0.11-3c3b7d10595fc2836979d38fa76de74468bf89b3.jar C:\Users\jasonhk1020\Documents\GitHub\Hmmm\app\build\intermediates\pre-dexed\debug\classes-92911fd1552da7615d717d65eb63ba9307ce6ef0.jar C:\Users\jasonhk1020\Documents\GitHub\Hmmm\app\build\intermediates\pre-dexed\debug\classes-13cef7d651a18b087d1ebcdeaa6f15c1fd0ce794.jar C:\Users\jasonhk1020\Documents\GitHub\Hmmm\app\build\intermediates\pre-dexed\debug\c
Launcher Type: SUN_STANDARD

Environment Variables:
PATH=C:\ProgramData\Oracle\Java\javapath;C:\Program Files (x86)\Common Files\Intel\Shared Files\cpp\bin\Intel64;C:\Program Files (x86)\NVIDIA Corporation\PhysX\Common;C:\Program Files (x86)\Intel\iCLS Client\;C:\Program Files\Intel\iCLS Client\;C:\WINDOWS\system32;C:\WINDOWS;C:\WINDOWS\System32\Wbem;C:\WINDOWS\System32\WindowsPowerShell\v1.0\;C:\Program Files\Intel\Intel(R) Management Engine Components\DAL;C:\Program Files\Intel\Intel(R) Management Engine Components\IPT;C:\Program Files (x86)\Intel\Intel(R) Management Engine Components\DAL;C:\Program Files (x86)\Intel\Intel(R) Management Engine Components\IPT;C:\Program Files (x86)\QuickTime\QTSystem\;C:\Program Files (x86)\Skype\Phone\;C:\Program Files\nodejs\;C:\Users\jasonhk1020\AppData\Roaming\npm
USERNAME=jasonhk1020
OS=Windows_NT
PROCESSOR_IDENTIFIER=Intel64 Family 6 Model 58 Stepping 9, GenuineIntel



---------------  S Y S T E M  ---------------

OS: Windows 8.1 , 64 bit Build 9600 

CPU:total 4 (4 cores per cpu, 1 threads per core) family 6 model 58 stepping 9, cmov, cx8, fxsr, mmx, sse, sse2, sse3, ssse3, sse4.1, sse4.2, popcnt, avx, aes, erms, tsc, tscinvbit, tscinv

Memory: 4k page, physical 8342752k(996896k free), swap 33508576k(5992k free)

vm_info: Java HotSpot(TM) 64-Bit Server VM (24.75-b04) for windows-amd64 JRE (1.7.0_75-b13), built on Dec 18 2014 17:15:01 by "java_re" with unknown MS VC++:1600

time: Sat May 09 19:23:25 2015
elapsed time: 0 seconds

