#
# There is insufficient memory for the Java Runtime Environment to continue.
# Native memory allocation (malloc) failed to allocate 817376 bytes for Chunk::new
# Possible reasons:
#   The system is out of physical RAM or swap space
#   In 32 bit mode, the process size limit was hit
# Possible solutions:
#   Reduce memory load on the system
#   Increase physical memory or swap space
#   Check if swap backing store is full
#   Use 64 bit Java on a 64 bit OS
#   Decrease Java heap size (-Xmx/-Xms)
#   Decrease number of Java threads
#   Decrease Java thread stack sizes (-Xss)
#   Set larger code cache with -XX:ReservedCodeCacheSize=
# This output file may be truncated or incomplete.
#
#  Out of Memory Error (allocation.cpp:323), pid=2008, tid=10344
#
# JRE version: Java(TM) SE Runtime Environment (7.0_75-b13) (build 1.7.0_75-b13)
# Java VM: Java HotSpot(TM) 64-Bit Server VM (24.75-b04 mixed mode windows-amd64 compressed oops)
# Failed to write core dump. Minidumps are not enabled by default on client versions of Windows
#

---------------  T H R E A D  ---------------

Current thread (0x000000000834f800):  JavaThread "C2 CompilerThread1" daemon [_thread_in_native, id=10344, stack(0x00000000099d0000,0x0000000009ad0000)]

Stack: [0x00000000099d0000,0x0000000009ad0000]
[error occurred during error reporting (printing stack bounds), id 0xc0000005]


Current CompileTask:
C2:   1153  276   !         com.android.dx.cf.code.Ropper::processBlock (1101 bytes)


---------------  P R O C E S S  ---------------

Java Threads: ( => current thread )
  0x0000000008355800 JavaThread "Service Thread" daemon [_thread_blocked, id=6404, stack(0x0000000009ad0000,0x0000000009bd0000)]
=>0x000000000834f800 JavaThread "C2 CompilerThread1" daemon [_thread_in_native, id=10344, stack(0x00000000099d0000,0x0000000009ad0000)]
  0x0000000008343800 JavaThread "C2 CompilerThread0" daemon [_thread_in_native, id=2476, stack(0x00000000098d0000,0x00000000099d0000)]
  0x0000000008342800 JavaThread "Attach Listener" daemon [_thread_blocked, id=3600, stack(0x00000000097d0000,0x00000000098d0000)]
  0x000000000833f000 JavaThread "Signal Dispatcher" daemon [_thread_blocked, id=8052, stack(0x00000000096d0000,0x00000000097d0000)]
  0x000000000830f000 JavaThread "Finalizer" daemon [_thread_blocked, id=6792, stack(0x00000000095d0000,0x00000000096d0000)]
  0x0000000008306000 JavaThread "Reference Handler" daemon [_thread_blocked, id=11652, stack(0x00000000094d0000,0x00000000095d0000)]
  0x0000000002390800 JavaThread "main" [_thread_in_Java, id=10876, stack(0x0000000002210000,0x0000000002310000)]

Other Threads:
  0x0000000008302000 VMThread [stack: 0x00000000093d0000,0x00000000094d0000] [id=9164]
  0x0000000008364000 WatcherThread [stack: 0x0000000009bd0000,0x0000000009cd0000] [id=11020]

VM state:not at safepoint (normal execution)

VM Mutex/Monitor currently owned by a thread: None

Heap
 PSYoungGen      total 38400K, used 9348K [0x00000000eaa80000, 0x00000000ed500000, 0x0000000100000000)
  eden space 33280K, 12% used [0x00000000eaa80000,0x00000000eaea75d0,0x00000000ecb00000)
  from space 5120K, 99% used [0x00000000ecb00000,0x00000000ecff9c78,0x00000000ed000000)
  to   space 5120K, 0% used [0x00000000ed000000,0x00000000ed000000,0x00000000ed500000)
 ParOldGen       total 86528K, used 1452K [0x00000000c0000000, 0x00000000c5480000, 0x00000000eaa80000)
  object space 86528K, 1% used [0x00000000c0000000,0x00000000c016b270,0x00000000c5480000)
 PSPermGen       total 21504K, used 5541K [0x00000000bae00000, 0x00000000bc300000, 0x00000000c0000000)
  object space 21504K, 25% used [0x00000000bae00000,0x00000000bb3697c0,0x00000000bc300000)

Card table byte_map: [0x0000000005550000,0x0000000005780000] byte_map_base: 0x0000000004f79000

Polling page: 0x0000000002310000

Code Cache  [0x0000000002490000, 0x0000000002700000, 0x0000000005490000)
 total_blobs=508 nmethods=274 adapters=186 free_code_cache=48044Kb largest_free_block=49157824

Compilation events (10 events):
Event: 1.102 Thread 0x000000000834f800 nmethod 271 0x00000000025817d0 code [0x0000000002581900, 0x0000000002581958]
Event: 1.102 Thread 0x000000000834f800  272             com.android.dx.ssa.SsaMethod::getUseListForRegister (18 bytes)
Event: 1.102 Thread 0x000000000834f800 nmethod 272 0x0000000002572090 code [0x00000000025721e0, 0x00000000025722a8]
Event: 1.102 Thread 0x000000000834f800  273             com.android.dx.rop.cst.CstString::stringToUtf8Bytes (175 bytes)
Event: 1.107 Thread 0x000000000834f800 nmethod 273 0x000000000258e950 code [0x000000000258eaa0, 0x000000000258f178]
Event: 1.107 Thread 0x000000000834f800  274             com.android.dx.cf.code.Ropper::addExceptionSetupBlocks (203 bytes)
Event: 1.116 Thread 0x000000000834f800 nmethod 274 0x00000000025a7510 code [0x00000000025a7780, 0x00000000025a8160]
Event: 1.116 Thread 0x000000000834f800  275             com.android.dx.dex.code.RopTranslator::pickOrder (400 bytes)
Event: 1.135 Thread 0x000000000834f800 nmethod 275 0x00000000025abd90 code [0x00000000025abfe0, 0x00000000025ad3e0]
Event: 1.135 Thread 0x000000000834f800  276   !         com.android.dx.cf.code.Ropper::processBlock (1101 bytes)

GC Heap History (2 events):
Event: 0.999 GC heap before
{Heap before GC invocations=1 (full 0):
 PSYoungGen      total 38400K, used 33280K [0x00000000eaa80000, 0x00000000ed500000, 0x0000000100000000)
  eden space 33280K, 100% used [0x00000000eaa80000,0x00000000ecb00000,0x00000000ecb00000)
  from space 5120K, 0% used [0x00000000ed000000,0x00000000ed000000,0x00000000ed500000)
  to   space 5120K, 0% used [0x00000000ecb00000,0x00000000ecb00000,0x00000000ed000000)
 ParOldGen       total 86528K, used 0K [0x00000000c0000000, 0x00000000c5480000, 0x00000000eaa80000)
  object space 86528K, 0% used [0x00000000c0000000,0x00000000c0000000,0x00000000c5480000)
 PSPermGen       total 21504K, used 5536K [0x00000000bae00000, 0x00000000bc300000, 0x00000000c0000000)
  object space 21504K, 25% used [0x00000000bae00000,0x00000000bb368228,0x00000000bc300000)
Event: 1.028 GC heap after
Heap after GC invocations=1 (full 0):
 PSYoungGen      total 38400K, used 5095K [0x00000000eaa80000, 0x00000000ed500000, 0x0000000100000000)
  eden space 33280K, 0% used [0x00000000eaa80000,0x00000000eaa80000,0x00000000ecb00000)
  from space 5120K, 99% used [0x00000000ecb00000,0x00000000ecff9c78,0x00000000ed000000)
  to   space 5120K, 0% used [0x00000000ed000000,0x00000000ed000000,0x00000000ed500000)
 ParOldGen       total 86528K, used 1452K [0x00000000c0000000, 0x00000000c5480000, 0x00000000eaa80000)
  object space 86528K, 1% used [0x00000000c0000000,0x00000000c016b270,0x00000000c5480000)
 PSPermGen       total 21504K, used 5536K [0x00000000bae00000, 0x00000000bc300000, 0x00000000c0000000)
  object space 21504K, 25% used [0x00000000bae00000,0x00000000bb368228,0x00000000bc300000)
}

Deoptimization events (10 events):
Event: 0.310 Thread 0x0000000002390800 Uncommon trap: reason=null_assert action=make_not_entrant pc=0x00000000024ff2b8 method=com.android.dx.rop.code.RegisterSpec$ForComparison.equals(Ljava/lang/Object;)Z @ 27
Event: 0.393 Thread 0x0000000002390800 Uncommon trap: reason=null_check action=make_not_entrant pc=0x000000000250ed60 method=com.android.dx.rop.code.LocalItem.equals(Ljava/lang/Object;)Z @ 1
Event: 0.423 Thread 0x0000000002390800 Uncommon trap: reason=class_check action=maybe_recompile pc=0x000000000251a7c4 method=com.android.dx.ssa.NormalSsaInsn.accept(Lcom/android/dx/ssa/SsaInsn$Visitor;)V @ 9
Event: 0.425 Thread 0x0000000002390800 Uncommon trap: reason=class_check action=maybe_recompile pc=0x000000000251a7c4 method=com.android.dx.ssa.NormalSsaInsn.accept(Lcom/android/dx/ssa/SsaInsn$Visitor;)V @ 9
Event: 0.427 Thread 0x0000000002390800 Uncommon trap: reason=class_check action=maybe_recompile pc=0x000000000251a7c4 method=com.android.dx.ssa.NormalSsaInsn.accept(Lcom/android/dx/ssa/SsaInsn$Visitor;)V @ 9
Event: 0.436 Thread 0x0000000002390800 Uncommon trap: reason=class_check action=maybe_recompile pc=0x000000000251a7c4 method=com.android.dx.ssa.NormalSsaInsn.accept(Lcom/android/dx/ssa/SsaInsn$Visitor;)V @ 9
Event: 0.438 Thread 0x0000000002390800 Uncommon trap: reason=class_check action=maybe_recompile pc=0x00000000024fb598 method=com.android.dx.ssa.NormalSsaInsn.accept(Lcom/android/dx/ssa/SsaInsn$Visitor;)V @ 9
Event: 0.654 Thread 0x0000000002390800 Uncommon trap: reason=null_check action=make_not_entrant pc=0x0000000002525bd0 method=com.android.dx.rop.type.Type.equals(Ljava/lang/Object;)Z @ 8
Event: 0.669 Thread 0x0000000002390800 Uncommon trap: reason=null_check action=make_not_entrant pc=0x0000000002549d7c method=com.android.dx.rop.code.RegisterSpec.equals(Ljava/lang/Object;)Z @ 1
Event: 1.037 Thread 0x0000000002390800 Uncommon trap: reason=null_check action=make_not_entrant pc=0x0000000002593448 method=com.android.dx.cf.code.Ropper$CatchInfo.getSetup(Lcom/android/dx/rop/type/Type;)Lcom/android/dx/cf/code/Ropper$ExceptionHandlerSetup; @ 10

Internal exceptions (10 events):
Event: 0.308 Thread 0x0000000002390800 Threw 0x00000000eb402e60 at C:\re\jdk7u75\1940\hotspot\src\share\vm\prims\jvm.cpp:1281
Event: 0.309 Thread 0x0000000002390800 Threw 0x00000000eb408e70 at C:\re\jdk7u75\1940\hotspot\src\share\vm\prims\jvm.cpp:1281
Event: 0.589 Thread 0x0000000002390800 Threw 0x00000000ebc514c8 at C:\re\jdk7u75\1940\hotspot\src\share\vm\prims\jvm.cpp:1281
Event: 0.590 Thread 0x0000000002390800 Threw 0x00000000ebc5bf08 at C:\re\jdk7u75\1940\hotspot\src\share\vm\prims\jvm.cpp:1281
Event: 0.590 Thread 0x0000000002390800 Threw 0x00000000ebc5e268 at C:\re\jdk7u75\1940\hotspot\src\share\vm\prims\jvm.cpp:1281
Event: 0.650 Thread 0x0000000002390800 Threw 0x00000000ebeefe80 at C:\re\jdk7u75\1940\hotspot\src\share\vm\prims\jvm.cpp:1281
Event: 0.654 Thread 0x0000000002390800 Implicit null exception at 0x0000000002525ad2 to 0x0000000002525bc2
Event: 0.669 Thread 0x0000000002390800 Implicit null exception at 0x000000000254902c to 0x0000000002549d51
Event: 0.715 Thread 0x0000000002390800 Threw 0x00000000ec216d38 at C:\re\jdk7u75\1940\hotspot\src\share\vm\prims\jvm.cpp:1281
Event: 1.037 Thread 0x0000000002390800 Implicit null exception at 0x00000000025912f1 to 0x000000000259343d

Events (10 events):
Event: 0.669 Thread 0x0000000002390800 Uncommon trap: trap_request=0xfffffff4 fr.pc=0x0000000002549d7c
Event: 0.669 Thread 0x0000000002390800 DEOPT PACKING pc=0x0000000002549d7c sp=0x000000000230eac0
Event: 0.669 Thread 0x0000000002390800 DEOPT UNPACKING pc=0x00000000024c75a4 sp=0x000000000230e9c8 mode 2
Event: 0.715 loading class 0x0000000008377170
Event: 0.715 loading class 0x0000000008377170 done
Event: 0.999 Executing VM operation: ParallelGCFailedAllocation
Event: 1.028 Executing VM operation: ParallelGCFailedAllocation done
Event: 1.037 Thread 0x0000000002390800 Uncommon trap: trap_request=0xfffffff4 fr.pc=0x0000000002593448
Event: 1.037 Thread 0x0000000002390800 DEOPT PACKING pc=0x0000000002593448 sp=0x000000000230eb80
Event: 1.037 Thread 0x0000000002390800 DEOPT UNPACKING pc=0x00000000024c75a4 sp=0x000000000230ead8 mode 2


Dynamic libraries:
0x00007ff7edae0000 - 0x00007ff7edb13000 	C:\Program Files\Java\jdk1.7.0_75\bin\java.exe
0x00007ffd74d70000 - 0x00007ffd74f1c000 	C:\WINDOWS\SYSTEM32\ntdll.dll
0x00007ffd748e0000 - 0x00007ffd74a1e000 	C:\WINDOWS\system32\KERNEL32.DLL
0x00007ffd72020000 - 0x00007ffd72135000 	C:\WINDOWS\system32\KERNELBASE.dll
0x00007ffd70960000 - 0x00007ffd709ee000 	C:\WINDOWS\system32\apphelp.dll
0x00007ffd6f730000 - 0x00007ffd6f783000 	C:\WINDOWS\AppPatch\AppPatch64\AcGenral.DLL
0x00007ffd72680000 - 0x00007ffd7272a000 	C:\WINDOWS\system32\msvcrt.dll
0x00007ffd71cd0000 - 0x00007ffd71cfe000 	C:\WINDOWS\SYSTEM32\SspiCli.dll
0x00007ffd74c50000 - 0x00007ffd74ca4000 	C:\WINDOWS\system32\SHLWAPI.dll
0x00007ffd72e00000 - 0x00007ffd72f77000 	C:\WINDOWS\system32\USER32.dll
0x00007ffd72ae0000 - 0x00007ffd72c74000 	C:\WINDOWS\system32\ole32.dll
0x00007ffd731e0000 - 0x00007ffd746f8000 	C:\WINDOWS\system32\SHELL32.dll
0x00007ffd714a0000 - 0x00007ffd714c1000 	C:\WINDOWS\SYSTEM32\USERENV.dll
0x00007ffd747c0000 - 0x00007ffd7486a000 	C:\WINDOWS\system32\ADVAPI32.dll
0x00007ffd61350000 - 0x00007ffd6136e000 	C:\WINDOWS\SYSTEM32\MPR.dll
0x00007ffd72730000 - 0x00007ffd72871000 	C:\WINDOWS\system32\RPCRT4.dll
0x00007ffd74880000 - 0x00007ffd748d9000 	C:\WINDOWS\SYSTEM32\sechost.dll
0x00007ffd74a30000 - 0x00007ffd74c41000 	C:\WINDOWS\SYSTEM32\combase.dll
0x00007ffd72980000 - 0x00007ffd72ad1000 	C:\WINDOWS\system32\GDI32.dll
0x00007ffd71ea0000 - 0x00007ffd71eb5000 	C:\WINDOWS\SYSTEM32\profapi.dll
0x00007ffd709f0000 - 0x00007ffd70aa2000 	C:\WINDOWS\SYSTEM32\SHCORE.dll
0x00007ffd72940000 - 0x00007ffd72976000 	C:\WINDOWS\system32\IMM32.DLL
0x00007ffd72c80000 - 0x00007ffd72dd2000 	C:\WINDOWS\system32\MSCTF.dll
0x00007ffd6f830000 - 0x00007ffd6faab000 	C:\WINDOWS\WinSxS\amd64_microsoft.windows.common-controls_6595b64144ccf1df_6.0.9600.17415_none_6240486fecbd8abb\COMCTL32.dll
0x00000000763c0000 - 0x0000000076492000 	C:\Program Files\Java\jdk1.7.0_75\jre\bin\msvcr100.dll
0x0000000076850000 - 0x0000000077024000 	C:\Program Files\Java\jdk1.7.0_75\jre\bin\server\jvm.dll
0x00007ffd6a1b0000 - 0x00007ffd6a1b9000 	C:\WINDOWS\SYSTEM32\WSOCK32.dll
0x00007ffd6fca0000 - 0x00007ffd6fcc2000 	C:\WINDOWS\SYSTEM32\WINMM.dll
0x00007ffd731d0000 - 0x00007ffd731d7000 	C:\WINDOWS\system32\PSAPI.DLL
0x00007ffd74cb0000 - 0x00007ffd74d0a000 	C:\WINDOWS\system32\WS2_32.dll
0x00007ffd6f790000 - 0x00007ffd6f7ba000 	C:\WINDOWS\SYSTEM32\WINMMBASE.dll
0x00007ffd73010000 - 0x00007ffd73019000 	C:\WINDOWS\system32\NSI.dll
0x00007ffd71fd0000 - 0x00007ffd7201f000 	C:\WINDOWS\SYSTEM32\cfgmgr32.dll
0x00007ffd70c90000 - 0x00007ffd70cb8000 	C:\WINDOWS\SYSTEM32\DEVOBJ.dll
0x00000000513e0000 - 0x00000000513ef000 	C:\Program Files\Java\jdk1.7.0_75\jre\bin\verify.dll
0x00000000513b0000 - 0x00000000513d8000 	C:\Program Files\Java\jdk1.7.0_75\jre\bin\java.dll
0x0000000051390000 - 0x00000000513a5000 	C:\Program Files\Java\jdk1.7.0_75\jre\bin\zip.dll
0x0000000051370000 - 0x0000000051389000 	C:\Program Files\Java\jdk1.7.0_75\jre\bin\net.dll
0x00007ffd715b0000 - 0x00007ffd71609000 	C:\WINDOWS\system32\mswsock.dll
0x0000000051350000 - 0x0000000051361000 	C:\Program Files\Java\jdk1.7.0_75\jre\bin\nio.dll

VM Arguments:
jvm_args: -Xmx1024M -Dfile.encoding=windows-1252 -Duser.country=US -Duser.language=en -Duser.variant 
java_command: com.android.dx.command.Main --dex --output C:\Users\jasonhk1020\Desktop\Hmmm\app\build\intermediates\pre-dexed\debug\classes-95c449a380c6b493b43bfc9ea890e38fedb02d42.jar C:\Users\jasonhk1020\Desktop\Hmmm\app\build\intermediates\exploded-aar\com.google.android.gms\play-services-cast\7.3.0\classes.jar
Launcher Type: SUN_STANDARD

Environment Variables:
PATH=C:\ProgramData\Oracle\Java\javapath;C:\Program Files (x86)\Common Files\Intel\Shared Files\cpp\bin\Intel64;C:\Program Files (x86)\NVIDIA Corporation\PhysX\Common;C:\Program Files (x86)\Intel\iCLS Client\;C:\Program Files\Intel\iCLS Client\;C:\WINDOWS\system32;C:\WINDOWS;C:\WINDOWS\System32\Wbem;C:\WINDOWS\System32\WindowsPowerShell\v1.0\;C:\Program Files\Intel\Intel(R) Management Engine Components\DAL;C:\Program Files\Intel\Intel(R) Management Engine Components\IPT;C:\Program Files (x86)\Intel\Intel(R) Management Engine Components\DAL;C:\Program Files (x86)\Intel\Intel(R) Management Engine Components\IPT;C:\Program Files\MATLAB\R2012b\bin;C:\Program Files (x86)\QuickTime\QTSystem\;C:\Program Files (x86)\Skype\Phone\;C:\Program Files\nodejs\;C:\Users\jasonhk1020\AppData\Roaming\npm
USERNAME=jasonhk1020
OS=Windows_NT
PROCESSOR_IDENTIFIER=Intel64 Family 6 Model 58 Stepping 9, GenuineIntel



---------------  S Y S T E M  ---------------

OS: Windows 8.1 , 64 bit Build 9600 

CPU:total 4 (4 cores per cpu, 1 threads per core) family 6 model 58 stepping 9, cmov, cx8, fxsr, mmx, sse, sse2, sse3, ssse3, sse4.1, sse4.2, popcnt, avx, aes, erms, tsc, tscinvbit, tscinv

Memory: 4k page, physical 8342752k(1716572k free), swap 33508576k(5672k free)

vm_info: Java HotSpot(TM) 64-Bit Server VM (24.75-b04) for windows-amd64 JRE (1.7.0_75-b13), built on Dec 18 2014 17:15:01 by "java_re" with unknown MS VC++:1600

time: Fri May 08 20:10:37 2015
elapsed time: 1 seconds

