#
# There is insufficient memory for the Java Runtime Environment to continue.
# Native memory allocation (malloc) failed to allocate 33136 bytes for Chunk::new
# Possible reasons:
#   The system is out of physical RAM or swap space
#   In 32 bit mode, the process size limit was hit
# Possible solutions:
#   Reduce memory load on the system
#   Increase physical memory or swap space
#   Check if swap backing store is full
#   Use 64 bit Java on a 64 bit OS
#   Decrease Java heap size (-Xmx/-Xms)
#   Decrease number of Java threads
#   Decrease Java thread stack sizes (-Xss)
#   Set larger code cache with -XX:ReservedCodeCacheSize=
# This output file may be truncated or incomplete.
#
#  Out of Memory Error (allocation.cpp:323), pid=10716, tid=7892
#
# JRE version: Java(TM) SE Runtime Environment (7.0_75-b13) (build 1.7.0_75-b13)
# Java VM: Java HotSpot(TM) 64-Bit Server VM (24.75-b04 mixed mode windows-amd64 compressed oops)
# Failed to write core dump. Minidumps are not enabled by default on client versions of Windows
#

---------------  T H R E A D  ---------------

Current thread (0x000000000807d800):  JavaThread "C2 CompilerThread1" daemon [_thread_in_native, id=7892, stack(0x0000000009710000,0x0000000009810000)]

Stack: [0x0000000009710000,0x0000000009810000]
[error occurred during error reporting (printing stack bounds), id 0xc0000005]


[error occurred during error reporting (printing native stack), id 0xc0000005]


Current CompileTask:
C2:    492   95             com.android.dx.ssa.SsaMethod::forEachInsn (36 bytes)


---------------  P R O C E S S  ---------------

Java Threads: ( => current thread )
  0x0000000008084000 JavaThread "Service Thread" daemon [_thread_blocked, id=1732, stack(0x0000000009810000,0x0000000009910000)]
=>0x000000000807d800 JavaThread "C2 CompilerThread1" daemon [_thread_in_native, id=7892, stack(0x0000000009710000,0x0000000009810000)]
  0x0000000008074000 JavaThread "C2 CompilerThread0" daemon [_thread_blocked, id=10476, stack(0x0000000009610000,0x0000000009710000)]
  0x0000000008073000 JavaThread "Attach Listener" daemon [_thread_blocked, id=8768, stack(0x0000000009510000,0x0000000009610000)]
  0x000000000806f800 JavaThread "Signal Dispatcher" daemon [_thread_blocked, id=9380, stack(0x0000000009410000,0x0000000009510000)]
  0x0000000008040000 JavaThread "Finalizer" daemon [_thread_blocked, id=7824, stack(0x0000000009310000,0x0000000009410000)]
  0x0000000008035800 JavaThread "Reference Handler" daemon [_thread_blocked, id=5772, stack(0x0000000009210000,0x0000000009310000)]
  0x00000000020e0800 JavaThread "main" [_thread_in_Java, id=11456, stack(0x0000000001f90000,0x0000000002090000)]

Other Threads:
  0x0000000008031800 VMThread [stack: 0x0000000009110000,0x0000000009210000] [id=7128]
  0x0000000008092800 WatcherThread [stack: 0x0000000009910000,0x0000000009a10000] [id=11680]

VM state:not at safepoint (normal execution)

VM Mutex/Monitor currently owned by a thread: None

Heap
 PSYoungGen      total 38400K, used 14007K [0x00000000eaa80000, 0x00000000ed500000, 0x0000000100000000)
  eden space 33280K, 42% used [0x00000000eaa80000,0x00000000eb82df20,0x00000000ecb00000)
  from space 5120K, 0% used [0x00000000ed000000,0x00000000ed000000,0x00000000ed500000)
  to   space 5120K, 0% used [0x00000000ecb00000,0x00000000ecb00000,0x00000000ed000000)
 ParOldGen       total 86528K, used 0K [0x00000000c0000000, 0x00000000c5480000, 0x00000000eaa80000)
  object space 86528K, 0% used [0x00000000c0000000,0x00000000c0000000,0x00000000c5480000)
 PSPermGen       total 21504K, used 5338K [0x00000000bae00000, 0x00000000bc300000, 0x00000000c0000000)
  object space 21504K, 24% used [0x00000000bae00000,0x00000000bb3368f8,0x00000000bc300000)

Card table byte_map: [0x00000000052a0000,0x00000000054d0000] byte_map_base: 0x0000000004cc9000

Polling page: 0x00000000006f0000

Code Cache  [0x00000000021e0000, 0x0000000002450000, 0x00000000051e0000)
 total_blobs=329 nmethods=95 adapters=186 free_code_cache=48620Kb largest_free_block=49760320

Compilation events (10 events):
Event: 0.465 Thread 0x000000000807d800 nmethod 91 0x0000000002267910 code [0x0000000002267a40, 0x0000000002267ab8]
Event: 0.471 Thread 0x0000000008074000   92             com.android.dx.rop.type.Type::hashCode (8 bytes)
Event: 0.473 Thread 0x0000000008074000 nmethod 92 0x0000000002262b50 code [0x0000000002262c80, 0x0000000002262df8]
Event: 0.480 Thread 0x000000000807d800   93             java.util.BitSet::cardinality (32 bytes)
Event: 0.480 Thread 0x000000000807d800 nmethod 93 0x0000000002262910 code [0x0000000002262a40, 0x0000000002262ad8]
Event: 0.481 Thread 0x0000000008074000   94   !         com.android.dx.util.FixedSizeList::<init> (36 bytes)
Event: 0.482 Thread 0x0000000008074000 nmethod 94 0x00000000022625d0 code [0x0000000002262720, 0x0000000002262858]
Event: 0.482 Thread 0x000000000807d800   95             com.android.dx.ssa.SsaMethod::forEachInsn (36 bytes)
Event: 0.488 Thread 0x0000000008074000   96             java.util.ArrayList::remove (69 bytes)
Event: 0.489 Thread 0x0000000008074000 nmethod 96 0x0000000002262150 code [0x00000000022622a0, 0x0000000002262438]

GC Heap History (0 events):
No events

Deoptimization events (1 events):
Event: 0.322 Thread 0x00000000020e0800 Uncommon trap: reason=unreached action=reinterpret pc=0x0000000002253634 method=com.android.dx.rop.code.RegisterSpecSet.mutableCopy()Lcom/android/dx/rop/code/RegisterSpecSet; @ 32

Internal exceptions (10 events):
Event: 0.232 Thread 0x00000000020e0800 Threw 0x00000000eb24dfe0 at C:\re\jdk7u75\1940\hotspot\src\share\vm\prims\jvm.cpp:1281
Event: 0.237 Thread 0x00000000020e0800 Threw 0x00000000eb26c530 at C:\re\jdk7u75\1940\hotspot\src\share\vm\prims\jvm.cpp:1281
Event: 0.245 Thread 0x00000000020e0800 Threw 0x00000000eb29f298 at C:\re\jdk7u75\1940\hotspot\src\share\vm\prims\jvm.cpp:1281
Event: 0.268 Thread 0x00000000020e0800 Threw 0x00000000eb2c88a0 at C:\re\jdk7u75\1940\hotspot\src\share\vm\prims\jvm.cpp:1281
Event: 0.308 Thread 0x00000000020e0800 Threw 0x00000000eb3864d8 at C:\re\jdk7u75\1940\hotspot\src\share\vm\prims\jvm.cpp:1281
Event: 0.309 Thread 0x00000000020e0800 Threw 0x00000000eb389fd0 at C:\re\jdk7u75\1940\hotspot\src\share\vm\prims\jvm.cpp:1281
Event: 0.309 Thread 0x00000000020e0800 Threw 0x00000000eb38c2e8 at C:\re\jdk7u75\1940\hotspot\src\share\vm\prims\jvm.cpp:1281
Event: 0.321 Thread 0x00000000020e0800 Threw 0x00000000eb39adb8 at C:\re\jdk7u75\1940\hotspot\src\share\vm\prims\jvm.cpp:1281
Event: 0.345 Thread 0x00000000020e0800 Threw 0x00000000eb4456e0 at C:\re\jdk7u75\1940\hotspot\src\share\vm\prims\jvm.cpp:1281
Event: 0.427 Thread 0x00000000020e0800 Threw 0x00000000eb5ea630 at C:\re\jdk7u75\1940\hotspot\src\share\vm\prims\jvm.cpp:1281

Events (10 events):
Event: 0.322 Thread 0x00000000020e0800 DEOPT PACKING pc=0x0000000002253634 sp=0x000000000208e9b0
Event: 0.322 Thread 0x00000000020e0800 DEOPT UNPACKING pc=0x00000000022175a4 sp=0x000000000208e958 mode 2
Event: 0.324 loading class 0x000000000215dce0
Event: 0.324 loading class 0x000000000215dce0 done
Event: 0.345 loading class 0x00000000080c4210
Event: 0.345 loading class 0x00000000080c4210 done
Event: 0.427 loading class 0x00000000080be380
Event: 0.427 loading class 0x00000000080be380 done
Event: 0.448 loading class 0x0000000002156ef0
Event: 0.448 loading class 0x0000000002156ef0 done


Dynamic libraries:
0x00007ff7edae0000 - 0x00007ff7edb13000 	C:\Program Files\Java\jdk1.7.0_75\bin\java.exe
0x00007ffd74d70000 - 0x00007ffd74f1c000 	C:\WINDOWS\SYSTEM32\ntdll.dll
0x00007ffd748e0000 - 0x00007ffd74a1e000 	C:\WINDOWS\system32\KERNEL32.DLL
0x00007ffd72020000 - 0x00007ffd72135000 	C:\WINDOWS\system32\KERNELBASE.dll
0x00007ffd70960000 - 0x00007ffd709ee000 	C:\WINDOWS\system32\apphelp.dll
0x00007ffd6f730000 - 0x00007ffd6f783000 	C:\WINDOWS\AppPatch\AppPatch64\AcGenral.DLL
0x00007ffd72680000 - 0x00007ffd7272a000 	C:\WINDOWS\system32\msvcrt.dll
0x00007ffd71cd0000 - 0x00007ffd71cfe000 	C:\WINDOWS\SYSTEM32\SspiCli.dll
0x00007ffd74c50000 - 0x00007ffd74ca4000 	C:\WINDOWS\system32\SHLWAPI.dll
0x00007ffd72e00000 - 0x00007ffd72f77000 	C:\WINDOWS\system32\USER32.dll
0x00007ffd72ae0000 - 0x00007ffd72c74000 	C:\WINDOWS\system32\ole32.dll
0x00007ffd731e0000 - 0x00007ffd746f8000 	C:\WINDOWS\system32\SHELL32.dll
0x00007ffd714a0000 - 0x00007ffd714c1000 	C:\WINDOWS\SYSTEM32\USERENV.dll
0x00007ffd747c0000 - 0x00007ffd7486a000 	C:\WINDOWS\system32\ADVAPI32.dll
0x00007ffd61350000 - 0x00007ffd6136e000 	C:\WINDOWS\SYSTEM32\MPR.dll
0x00007ffd72730000 - 0x00007ffd72871000 	C:\WINDOWS\system32\RPCRT4.dll
0x00007ffd74880000 - 0x00007ffd748d9000 	C:\WINDOWS\SYSTEM32\sechost.dll
0x00007ffd74a30000 - 0x00007ffd74c41000 	C:\WINDOWS\SYSTEM32\combase.dll
0x00007ffd72980000 - 0x00007ffd72ad1000 	C:\WINDOWS\system32\GDI32.dll
0x00007ffd71ea0000 - 0x00007ffd71eb5000 	C:\WINDOWS\SYSTEM32\profapi.dll
0x00007ffd709f0000 - 0x00007ffd70aa2000 	C:\WINDOWS\SYSTEM32\SHCORE.dll
0x00007ffd72940000 - 0x00007ffd72976000 	C:\WINDOWS\system32\IMM32.DLL
0x00007ffd72c80000 - 0x00007ffd72dd2000 	C:\WINDOWS\system32\MSCTF.dll
0x00007ffd6f830000 - 0x00007ffd6faab000 	C:\WINDOWS\WinSxS\amd64_microsoft.windows.common-controls_6595b64144ccf1df_6.0.9600.17415_none_6240486fecbd8abb\COMCTL32.dll
0x00000000763c0000 - 0x0000000076492000 	C:\Program Files\Java\jdk1.7.0_75\jre\bin\msvcr100.dll
0x0000000076850000 - 0x0000000077024000 	C:\Program Files\Java\jdk1.7.0_75\jre\bin\server\jvm.dll
0x00007ffd6a1b0000 - 0x00007ffd6a1b9000 	C:\WINDOWS\SYSTEM32\WSOCK32.dll
0x00007ffd6fca0000 - 0x00007ffd6fcc2000 	C:\WINDOWS\SYSTEM32\WINMM.dll
0x00007ffd731d0000 - 0x00007ffd731d7000 	C:\WINDOWS\system32\PSAPI.DLL
0x00007ffd74cb0000 - 0x00007ffd74d0a000 	C:\WINDOWS\system32\WS2_32.dll
0x00007ffd6f790000 - 0x00007ffd6f7ba000 	C:\WINDOWS\SYSTEM32\WINMMBASE.dll
0x00007ffd73010000 - 0x00007ffd73019000 	C:\WINDOWS\system32\NSI.dll
0x00007ffd71fd0000 - 0x00007ffd7201f000 	C:\WINDOWS\SYSTEM32\cfgmgr32.dll
0x00007ffd70c90000 - 0x00007ffd70cb8000 	C:\WINDOWS\SYSTEM32\DEVOBJ.dll
0x00000000513e0000 - 0x00000000513ef000 	C:\Program Files\Java\jdk1.7.0_75\jre\bin\verify.dll
0x00000000513b0000 - 0x00000000513d8000 	C:\Program Files\Java\jdk1.7.0_75\jre\bin\java.dll
0x0000000051390000 - 0x00000000513a5000 	C:\Program Files\Java\jdk1.7.0_75\jre\bin\zip.dll
0x0000000051370000 - 0x0000000051389000 	C:\Program Files\Java\jdk1.7.0_75\jre\bin\net.dll
0x00007ffd715b0000 - 0x00007ffd71609000 	C:\WINDOWS\system32\mswsock.dll
0x0000000051350000 - 0x0000000051361000 	C:\Program Files\Java\jdk1.7.0_75\jre\bin\nio.dll

VM Arguments:
jvm_args: -Xmx1024M -Dfile.encoding=windows-1252 -Duser.country=US -Duser.language=en -Duser.variant 
java_command: com.android.dx.command.Main --dex --output C:\Users\jasonhk1020\Desktop\Hmmm\app\build\intermediates\pre-dexed\debug\classes-35c76d7e221ccda1b03b3e9f3f9de0234250bde6.jar C:\Users\jasonhk1020\Desktop\Hmmm\app\build\intermediates\exploded-aar\com.google.android.gms\play-services-ads\7.3.0\classes.jar
Launcher Type: SUN_STANDARD

Environment Variables:
PATH=C:\ProgramData\Oracle\Java\javapath;C:\Program Files (x86)\Common Files\Intel\Shared Files\cpp\bin\Intel64;C:\Program Files (x86)\NVIDIA Corporation\PhysX\Common;C:\Program Files (x86)\Intel\iCLS Client\;C:\Program Files\Intel\iCLS Client\;C:\WINDOWS\system32;C:\WINDOWS;C:\WINDOWS\System32\Wbem;C:\WINDOWS\System32\WindowsPowerShell\v1.0\;C:\Program Files\Intel\Intel(R) Management Engine Components\DAL;C:\Program Files\Intel\Intel(R) Management Engine Components\IPT;C:\Program Files (x86)\Intel\Intel(R) Management Engine Components\DAL;C:\Program Files (x86)\Intel\Intel(R) Management Engine Components\IPT;C:\Program Files\MATLAB\R2012b\bin;C:\Program Files (x86)\QuickTime\QTSystem\;C:\Program Files (x86)\Skype\Phone\;C:\Program Files\nodejs\;C:\Users\jasonhk1020\AppData\Roaming\npm
USERNAME=jasonhk1020
OS=Windows_NT
PROCESSOR_IDENTIFIER=Intel64 Family 6 Model 58 Stepping 9, GenuineIntel



---------------  S Y S T E M  ---------------

OS: Windows 8.1 , 64 bit Build 9600 

CPU:total 4 (4 cores per cpu, 1 threads per core) family 6 model 58 stepping 9, cmov, cx8, fxsr, mmx, sse, sse2, sse3, ssse3, sse4.1, sse4.2, popcnt, avx, aes, erms, tsc, tscinvbit, tscinv

Memory: 4k page, physical 8342752k(1797420k free), swap 33508576k(5120k free)

vm_info: Java HotSpot(TM) 64-Bit Server VM (24.75-b04) for windows-amd64 JRE (1.7.0_75-b13), built on Dec 18 2014 17:15:01 by "java_re" with unknown MS VC++:1600

time: Fri May 08 20:10:57 2015
elapsed time: 0 seconds

