#
# There is insufficient memory for the Java Runtime Environment to continue.
# Native memory allocation (malloc) failed to allocate 551184 bytes for Chunk::new
# Possible reasons:
#   The system is out of physical RAM or swap space
#   In 32 bit mode, the process size limit was hit
# Possible solutions:
#   Reduce memory load on the system
#   Increase physical memory or swap space
#   Check if swap backing store is full
#   Use 64 bit Java on a 64 bit OS
#   Decrease Java heap size (-Xmx/-Xms)
#   Decrease number of Java threads
#   Decrease Java thread stack sizes (-Xss)
#   Set larger code cache with -XX:ReservedCodeCacheSize=
# This output file may be truncated or incomplete.
#
#  Out of Memory Error (allocation.cpp:323), pid=12044, tid=4980
#
# JRE version: Java(TM) SE Runtime Environment (7.0_75-b13) (build 1.7.0_75-b13)
# Java VM: Java HotSpot(TM) 64-Bit Server VM (24.75-b04 mixed mode windows-amd64 compressed oops)
# Failed to write core dump. Minidumps are not enabled by default on client versions of Windows
#

---------------  T H R E A D  ---------------

Current thread (0x00000000080fe800):  JavaThread "C2 CompilerThread1" daemon [_thread_in_native, id=4980, stack(0x0000000009770000,0x0000000009870000)]

Stack: [0x0000000009770000,0x0000000009870000]
[error occurred during error reporting (printing stack bounds), id 0xc0000005]


Current CompileTask:
C2:   4097  607   !         com.android.dx.cf.code.BytecodeArray::parseInstruction (2764 bytes)


---------------  P R O C E S S  ---------------

Java Threads: ( => current thread )
  0x0000000008104800 JavaThread "Service Thread" daemon [_thread_blocked, id=6264, stack(0x0000000009870000,0x0000000009970000)]
=>0x00000000080fe800 JavaThread "C2 CompilerThread1" daemon [_thread_in_native, id=4980, stack(0x0000000009770000,0x0000000009870000)]
  0x00000000080f4800 JavaThread "C2 CompilerThread0" daemon [_thread_blocked, id=2924, stack(0x0000000009670000,0x0000000009770000)]
  0x00000000080f3800 JavaThread "Attach Listener" daemon [_thread_blocked, id=6012, stack(0x0000000009570000,0x0000000009670000)]
  0x00000000080f0800 JavaThread "Signal Dispatcher" daemon [_thread_blocked, id=7048, stack(0x0000000009470000,0x0000000009570000)]
  0x00000000080b9800 JavaThread "Finalizer" daemon [_thread_blocked, id=11872, stack(0x0000000009370000,0x0000000009470000)]
  0x00000000080b6000 JavaThread "Reference Handler" daemon [_thread_blocked, id=7548, stack(0x0000000009270000,0x0000000009370000)]
  0x00000000021d0800 JavaThread "main" [_thread_in_Java, id=4344, stack(0x00000000020d0000,0x00000000021d0000)]

Other Threads:
  0x00000000080b2000 VMThread [stack: 0x0000000009170000,0x0000000009270000] [id=5572]
  0x0000000008113000 WatcherThread [stack: 0x0000000009970000,0x0000000009a70000] [id=2708]

VM state:not at safepoint (normal execution)

VM Mutex/Monitor currently owned by a thread: None

Heap
 PSYoungGen      total 78336K, used 73192K [0x00000000eaa80000, 0x00000000f0480000, 0x0000000100000000)
  eden space 66048K, 94% used [0x00000000eaa80000,0x00000000ee78d3d0,0x00000000eeb00000)
  from space 12288K, 86% used [0x00000000ef780000,0x00000000f01ecd00,0x00000000f0380000)
  to   space 12800K, 0% used [0x00000000eeb00000,0x00000000eeb00000,0x00000000ef780000)
 ParOldGen       total 86528K, used 22204K [0x00000000c0000000, 0x00000000c5480000, 0x00000000eaa80000)
  object space 86528K, 25% used [0x00000000c0000000,0x00000000c15af1b8,0x00000000c5480000)
 PSPermGen       total 21504K, used 5731K [0x00000000bae00000, 0x00000000bc300000, 0x00000000c0000000)
  object space 21504K, 26% used [0x00000000bae00000,0x00000000bb398e38,0x00000000bc300000)

Card table byte_map: [0x00000000052d0000,0x0000000005500000] byte_map_base: 0x0000000004cf9000

Polling page: 0x0000000001fa0000

Code Cache  [0x00000000022d0000, 0x0000000002580000, 0x00000000052d0000)
 total_blobs=823 nmethods=589 adapters=186 free_code_cache=46656Kb largest_free_block=47552000

Compilation events (10 events):
Event: 4.013 Thread 0x00000000080f4800 nmethod 603 0x000000000242a390 code [0x000000000242a4c0, 0x000000000242a558]
Event: 4.026 Thread 0x00000000080fe800  604             com.android.dx.ssa.back.FirstFitLocalCombiningAllocator::handleCheckCastResults (413 bytes)
Event: 4.027 Thread 0x00000000080f4800  605             com.android.dx.ssa.SsaMethod$1::visitPhiInsn (17 bytes)
Event: 4.027 Thread 0x00000000080f4800 nmethod 605 0x0000000002429fd0 code [0x000000000242a120, 0x000000000242a218]
Event: 4.048 Thread 0x00000000080fe800 nmethod 604 0x00000000024dbc10 code [0x00000000024dbea0, 0x00000000024dd0a0]
Event: 4.065 Thread 0x00000000080f4800  606   !         com.android.dx.cf.direct.StdAttributeFactory::parseLocalVariables (274 bytes)
Event: 4.073 Thread 0x00000000080fe800  607   !         com.android.dx.cf.code.BytecodeArray::parseInstruction (2764 bytes)
Event: 4.085 Thread 0x00000000080f4800 nmethod 606 0x00000000023d8bd0 code [0x00000000023d8de0, 0x00000000023da208]
Event: 4.085 Thread 0x00000000080f4800  608             com.android.dx.ssa.SsaMethod$2::visitPhiInsn (6 bytes)
Event: 4.085 Thread 0x00000000080f4800 nmethod 608 0x0000000002454590 code [0x00000000024546e0, 0x0000000002454748]

GC Heap History (10 events):
Event: 1.803 GC heap before
{Heap before GC invocations=2 (full 0):
 PSYoungGen      total 38400K, used 38394K [0x00000000eaa80000, 0x00000000ed500000, 0x0000000100000000)
  eden space 33280K, 100% used [0x00000000eaa80000,0x00000000ecb00000,0x00000000ecb00000)
  from space 5120K, 99% used [0x00000000ecb00000,0x00000000ecffeaa8,0x00000000ed000000)
  to   space 5120K, 0% used [0x00000000ed000000,0x00000000ed000000,0x00000000ed500000)
 ParOldGen       total 86528K, used 1699K [0x00000000c0000000, 0x00000000c5480000, 0x00000000eaa80000)
  object space 86528K, 1% used [0x00000000c0000000,0x00000000c01a8ec0,0x00000000c5480000)
 PSPermGen       total 21504K, used 5587K [0x00000000bae00000, 0x00000000bc300000, 0x00000000c0000000)
  object space 21504K, 25% used [0x00000000bae00000,0x00000000bb374fa0,0x00000000bc300000)
Event: 1.812 GC heap after
Heap after GC invocations=2 (full 0):
 PSYoungGen      total 38400K, used 5114K [0x00000000eaa80000, 0x00000000ed500000, 0x0000000100000000)
  eden space 33280K, 0% used [0x00000000eaa80000,0x00000000eaa80000,0x00000000ecb00000)
  from space 5120K, 99% used [0x00000000ed000000,0x00000000ed4fe9a0,0x00000000ed500000)
  to   space 5120K, 0% used [0x00000000ecb00000,0x00000000ecb00000,0x00000000ed000000)
 ParOldGen       total 86528K, used 6790K [0x00000000c0000000, 0x00000000c5480000, 0x00000000eaa80000)
  object space 86528K, 7% used [0x00000000c0000000,0x00000000c06a1a78,0x00000000c5480000)
 PSPermGen       total 21504K, used 5587K [0x00000000bae00000, 0x00000000bc300000, 0x00000000c0000000)
  object space 21504K, 25% used [0x00000000bae00000,0x00000000bb374fa0,0x00000000bc300000)
}
Event: 2.467 GC heap before
{Heap before GC invocations=3 (full 0):
 PSYoungGen      total 38400K, used 38394K [0x00000000eaa80000, 0x00000000ed500000, 0x0000000100000000)
  eden space 33280K, 100% used [0x00000000eaa80000,0x00000000ecb00000,0x00000000ecb00000)
  from space 5120K, 99% used [0x00000000ed000000,0x00000000ed4fe9a0,0x00000000ed500000)
  to   space 5120K, 0% used [0x00000000ecb00000,0x00000000ecb00000,0x00000000ed000000)
 ParOldGen       total 86528K, used 6790K [0x00000000c0000000, 0x00000000c5480000, 0x00000000eaa80000)
  object space 86528K, 7% used [0x00000000c0000000,0x00000000c06a1a78,0x00000000c5480000)
 PSPermGen       total 21504K, used 5664K [0x00000000bae00000, 0x00000000bc300000, 0x00000000c0000000)
  object space 21504K, 26% used [0x00000000bae00000,0x00000000bb3880f8,0x00000000bc300000)
Event: 2.534 GC heap after
Heap after GC invocations=3 (full 0):
 PSYoungGen      total 38400K, used 5107K [0x00000000eaa80000, 0x00000000ed500000, 0x0000000100000000)
  eden space 33280K, 0% used [0x00000000eaa80000,0x00000000eaa80000,0x00000000ecb00000)
  from space 5120K, 99% used [0x00000000ecb00000,0x00000000ecffcd28,0x00000000ed000000)
  to   space 5120K, 0% used [0x00000000ed000000,0x00000000ed000000,0x00000000ed500000)
 ParOldGen       total 86528K, used 12197K [0x00000000c0000000, 0x00000000c5480000, 0x00000000eaa80000)
  object space 86528K, 14% used [0x00000000c0000000,0x00000000c0be9458,0x00000000c5480000)
 PSPermGen       total 21504K, used 5664K [0x00000000bae00000, 0x00000000bc300000, 0x00000000c0000000)
  object space 21504K, 26% used [0x00000000bae00000,0x00000000bb3880f8,0x00000000bc300000)
}
Event: 2.953 GC heap before
{Heap before GC invocations=4 (full 0):
 PSYoungGen      total 38400K, used 38387K [0x00000000eaa80000, 0x00000000ed500000, 0x0000000100000000)
  eden space 33280K, 100% used [0x00000000eaa80000,0x00000000ecb00000,0x00000000ecb00000)
  from space 5120K, 99% used [0x00000000ecb00000,0x00000000ecffcd28,0x00000000ed000000)
  to   space 5120K, 0% used [0x00000000ed000000,0x00000000ed000000,0x00000000ed500000)
 ParOldGen       total 86528K, used 12197K [0x00000000c0000000, 0x00000000c5480000, 0x00000000eaa80000)
  object space 86528K, 14% used [0x00000000c0000000,0x00000000c0be9458,0x00000000c5480000)
 PSPermGen       total 21504K, used 5694K [0x00000000bae00000, 0x00000000bc300000, 0x00000000c0000000)
  object space 21504K, 26% used [0x00000000bae00000,0x00000000bb38f870,0x00000000bc300000)
Event: 2.964 GC heap after
Heap after GC invocations=4 (full 0):
 PSYoungGen      total 38400K, used 5094K [0x00000000eaa80000, 0x00000000ed500000, 0x0000000100000000)
  eden space 33280K, 0% used [0x00000000eaa80000,0x00000000eaa80000,0x00000000ecb00000)
  from space 5120K, 99% used [0x00000000ed000000,0x00000000ed4f9a20,0x00000000ed500000)
  to   space 5120K, 0% used [0x00000000ecb00000,0x00000000ecb00000,0x00000000ed000000)
 ParOldGen       total 86528K, used 17536K [0x00000000c0000000, 0x00000000c5480000, 0x00000000eaa80000)
  object space 86528K, 20% used [0x00000000c0000000,0x00000000c11201b8,0x00000000c5480000)
 PSPermGen       total 21504K, used 5694K [0x00000000bae00000, 0x00000000bc300000, 0x00000000c0000000)
  object space 21504K, 26% used [0x00000000bae00000,0x00000000bb38f870,0x00000000bc300000)
}
Event: 3.212 GC heap before
{Heap before GC invocations=5 (full 0):
 PSYoungGen      total 38400K, used 38374K [0x00000000eaa80000, 0x00000000ed500000, 0x0000000100000000)
  eden space 33280K, 100% used [0x00000000eaa80000,0x00000000ecb00000,0x00000000ecb00000)
  from space 5120K, 99% used [0x00000000ed000000,0x00000000ed4f9a20,0x00000000ed500000)
  to   space 5120K, 0% used [0x00000000ecb00000,0x00000000ecb00000,0x00000000ed000000)
 ParOldGen       total 86528K, used 17536K [0x00000000c0000000, 0x00000000c5480000, 0x00000000eaa80000)
  object space 86528K, 20% used [0x00000000c0000000,0x00000000c11201b8,0x00000000c5480000)
 PSPermGen       total 21504K, used 5708K [0x00000000bae00000, 0x00000000bc300000, 0x00000000c0000000)
  object space 21504K, 26% used [0x00000000bae00000,0x00000000bb3932c8,0x00000000bc300000)
Event: 3.224 GC heap after
Heap after GC invocations=5 (full 0):
 PSYoungGen      total 38400K, used 5103K [0x00000000eaa80000, 0x00000000f0380000, 0x0000000100000000)
  eden space 33280K, 0% used [0x00000000eaa80000,0x00000000eaa80000,0x00000000ecb00000)
  from space 5120K, 99% used [0x00000000ecb00000,0x00000000ecffbdb0,0x00000000ed000000)
  to   space 12288K, 0% used [0x00000000ef780000,0x00000000ef780000,0x00000000f0380000)
 ParOldGen       total 86528K, used 22204K [0x00000000c0000000, 0x00000000c5480000, 0x00000000eaa80000)
  object space 86528K, 25% used [0x00000000c0000000,0x00000000c15af1b8,0x00000000c5480000)
 PSPermGen       total 21504K, used 5708K [0x00000000bae00000, 0x00000000bc300000, 0x00000000c0000000)
  object space 21504K, 26% used [0x00000000bae00000,0x00000000bb3932c8,0x00000000bc300000)
}
Event: 3.557 GC heap before
{Heap before GC invocations=6 (full 0):
 PSYoungGen      total 38400K, used 38383K [0x00000000eaa80000, 0x00000000f0380000, 0x0000000100000000)
  eden space 33280K, 100% used [0x00000000eaa80000,0x00000000ecb00000,0x00000000ecb00000)
  from space 5120K, 99% used [0x00000000ecb00000,0x00000000ecffbdb0,0x00000000ed000000)
  to   space 12288K, 0% used [0x00000000ef780000,0x00000000ef780000,0x00000000f0380000)
 ParOldGen       total 86528K, used 22204K [0x00000000c0000000, 0x00000000c5480000, 0x00000000eaa80000)
  object space 86528K, 25% used [0x00000000c0000000,0x00000000c15af1b8,0x00000000c5480000)
 PSPermGen       total 21504K, used 5718K [0x00000000bae00000, 0x00000000bc300000, 0x00000000c0000000)
  object space 21504K, 26% used [0x00000000bae00000,0x00000000bb395bf8,0x00000000bc300000)
Event: 3.641 GC heap after
Heap after GC invocations=6 (full 0):
 PSYoungGen      total 78336K, used 10675K [0x00000000eaa80000, 0x00000000f0480000, 0x0000000100000000)
  eden space 66048K, 0% used [0x00000000eaa80000,0x00000000eaa80000,0x00000000eeb00000)
  from space 12288K, 86% used [0x00000000ef780000,0x00000000f01ecd00,0x00000000f0380000)
  to   space 12800K, 0% used [0x00000000eeb00000,0x00000000eeb00000,0x00000000ef780000)
 ParOldGen       total 86528K, used 22204K [0x00000000c0000000, 0x00000000c5480000, 0x00000000eaa80000)
  object space 86528K, 25% used [0x00000000c0000000,0x00000000c15af1b8,0x00000000c5480000)
 PSPermGen       total 21504K, used 5718K [0x00000000bae00000, 0x00000000bc300000, 0x00000000c0000000)
  object space 21504K, 26% used [0x00000000bae00000,0x00000000bb395bf8,0x00000000bc300000)
}

Deoptimization events (10 events):
Event: 2.976 Thread 0x00000000021d0800 Uncommon trap: reason=class_check action=maybe_recompile pc=0x0000000002442d78 method=com.android.dx.ssa.SCCP.replaceConstants()V @ 127
Event: 3.157 Thread 0x00000000021d0800 Uncommon trap: reason=bimorphic action=maybe_recompile pc=0x000000000238c628 method=com.android.dx.cf.code.Merger.mergeType(Lcom/android/dx/rop/type/TypeBearer;Lcom/android/dx/rop/type/TypeBearer;)Lcom/android/dx/rop/type/TypeBearer; @ 21
Event: 3.256 Thread 0x00000000021d0800 Uncommon trap: reason=bimorphic action=maybe_recompile pc=0x000000000238c628 method=com.android.dx.cf.code.Merger.mergeType(Lcom/android/dx/rop/type/TypeBearer;Lcom/android/dx/rop/type/TypeBearer;)Lcom/android/dx/rop/type/TypeBearer; @ 21
Event: 3.315 Thread 0x00000000021d0800 Uncommon trap: reason=bimorphic action=maybe_recompile pc=0x0000000002537554 method=com.android.dx.cf.code.BytecodeArray.parseInstruction(ILcom/android/dx/cf/code/BytecodeArray$Visitor;)I @ 1161
Event: 3.315 Thread 0x00000000021d0800 Uncommon trap: reason=bimorphic action=maybe_recompile pc=0x0000000002537554 method=com.android.dx.cf.code.BytecodeArray.parseInstruction(ILcom/android/dx/cf/code/BytecodeArray$Visitor;)I @ 1161
Event: 3.681 Thread 0x00000000021d0800 Uncommon trap: reason=class_check action=maybe_recompile pc=0x00000000024e6068 method=com.android.dx.ssa.back.FirstFitLocalCombiningAllocator.findNextUnreservedRopReg(IILcom/android/dx/ssa/back/FirstFitLocalCombiningAllocator$Alignment;)I @ 60
Event: 4.068 Thread 0x00000000021d0800 Uncommon trap: reason=bimorphic action=maybe_recompile pc=0x0000000002566b2c method=com.android.dx.cf.code.BytecodeArray.parseInstruction(ILcom/android/dx/cf/code/BytecodeArray$Visitor;)I @ 955
Event: 4.069 Thread 0x00000000021d0800 Uncommon trap: reason=bimorphic action=maybe_recompile pc=0x0000000002566b2c method=com.android.dx.cf.code.BytecodeArray.parseInstruction(ILcom/android/dx/cf/code/BytecodeArray$Visitor;)I @ 955
Event: 4.089 Thread 0x00000000021d0800 Uncommon trap: reason=bimorphic action=maybe_recompile pc=0x000000000255786c method=com.android.dx.cf.code.RopperMachine.run(Lcom/android/dx/cf/code/Frame;II)V @ 310
Event: 4.089 Thread 0x00000000021d0800 Uncommon trap: reason=bimorphic action=maybe_recompile pc=0x000000000255786c method=com.android.dx.cf.code.RopperMachine.run(Lcom/android/dx/cf/code/Frame;II)V @ 310

Internal exceptions (10 events):
Event: 2.222 Thread 0x00000000021d0800 Threw 0x00000000ebf6fec8 at C:\re\jdk7u75\1940\hotspot\src\share\vm\prims\jvm.cpp:1281
Event: 2.222 Thread 0x00000000021d0800 Threw 0x00000000ebf72228 at C:\re\jdk7u75\1940\hotspot\src\share\vm\prims\jvm.cpp:1281
Event: 2.222 Thread 0x00000000021d0800 Threw 0x00000000ebf75120 at C:\re\jdk7u75\1940\hotspot\src\share\vm\prims\jvm.cpp:1281
Event: 2.287 Thread 0x00000000021d0800 Threw 0x00000000ec127f68 at C:\re\jdk7u75\1940\hotspot\src\share\vm\prims\jvm.cpp:1281
Event: 2.289 Thread 0x00000000021d0800 Threw 0x00000000ec18dd50 at C:\re\jdk7u75\1940\hotspot\src\share\vm\prims\jvm.cpp:1281
Event: 2.289 Thread 0x00000000021d0800 Threw 0x00000000ec190318 at C:\re\jdk7u75\1940\hotspot\src\share\vm\prims\jvm.cpp:1281
Event: 2.290 Thread 0x00000000021d0800 Threw 0x00000000ec1a78a0 at C:\re\jdk7u75\1940\hotspot\src\share\vm\prims\jvm.cpp:1281
Event: 2.290 Thread 0x00000000021d0800 Threw 0x00000000ec1ad168 at C:\re\jdk7u75\1940\hotspot\src\share\vm\prims\jvm.cpp:1281
Event: 2.291 Thread 0x00000000021d0800 Threw 0x00000000ec1b27c8 at C:\re\jdk7u75\1940\hotspot\src\share\vm\prims\jvm.cpp:1281
Event: 3.238 Thread 0x00000000021d0800 Threw 0x00000000eaf2a8a8 at C:\re\jdk7u75\1940\hotspot\src\share\vm\prims\jvm.cpp:1281

Events (10 events):
Event: 4.069 Thread 0x00000000021d0800 DEOPT PACKING pc=0x0000000002566b2c sp=0x00000000021ce6b0
Event: 4.069 Thread 0x00000000021d0800 DEOPT UNPACKING pc=0x00000000023075a4 sp=0x00000000021ce668 mode 2
Event: 4.081 Executing VM operation: EnableBiasedLocking
Event: 4.081 Executing VM operation: EnableBiasedLocking done
Event: 4.089 Thread 0x00000000021d0800 Uncommon trap: trap_request=0xffffffc6 fr.pc=0x000000000255786c
Event: 4.089 Thread 0x00000000021d0800 DEOPT PACKING pc=0x000000000255786c sp=0x00000000021ce6d0
Event: 4.089 Thread 0x00000000021d0800 DEOPT UNPACKING pc=0x00000000023075a4 sp=0x00000000021ce640 mode 2
Event: 4.089 Thread 0x00000000021d0800 Uncommon trap: trap_request=0xffffffc6 fr.pc=0x000000000255786c
Event: 4.089 Thread 0x00000000021d0800 DEOPT PACKING pc=0x000000000255786c sp=0x00000000021ce6d0
Event: 4.089 Thread 0x00000000021d0800 DEOPT UNPACKING pc=0x00000000023075a4 sp=0x00000000021ce640 mode 2


Dynamic libraries:
0x00007ff7edae0000 - 0x00007ff7edb13000 	C:\Program Files\Java\jdk1.7.0_75\bin\java.exe
0x00007ffd74d70000 - 0x00007ffd74f1c000 	C:\WINDOWS\SYSTEM32\ntdll.dll
0x00007ffd748e0000 - 0x00007ffd74a1e000 	C:\WINDOWS\system32\KERNEL32.DLL
0x00007ffd72020000 - 0x00007ffd72135000 	C:\WINDOWS\system32\KERNELBASE.dll
0x00007ffd70960000 - 0x00007ffd709ee000 	C:\WINDOWS\system32\apphelp.dll
0x00007ffd6f730000 - 0x00007ffd6f783000 	C:\WINDOWS\AppPatch\AppPatch64\AcGenral.DLL
0x00007ffd72680000 - 0x00007ffd7272a000 	C:\WINDOWS\system32\msvcrt.dll
0x00007ffd71cd0000 - 0x00007ffd71cfe000 	C:\WINDOWS\SYSTEM32\SspiCli.dll
0x00007ffd74c50000 - 0x00007ffd74ca4000 	C:\WINDOWS\system32\SHLWAPI.dll
0x00007ffd72e00000 - 0x00007ffd72f77000 	C:\WINDOWS\system32\USER32.dll
0x00007ffd72ae0000 - 0x00007ffd72c74000 	C:\WINDOWS\system32\ole32.dll
0x00007ffd731e0000 - 0x00007ffd746f8000 	C:\WINDOWS\system32\SHELL32.dll
0x00007ffd714a0000 - 0x00007ffd714c1000 	C:\WINDOWS\SYSTEM32\USERENV.dll
0x00007ffd747c0000 - 0x00007ffd7486a000 	C:\WINDOWS\system32\ADVAPI32.dll
0x00007ffd61350000 - 0x00007ffd6136e000 	C:\WINDOWS\SYSTEM32\MPR.dll
0x00007ffd72730000 - 0x00007ffd72871000 	C:\WINDOWS\system32\RPCRT4.dll
0x00007ffd74880000 - 0x00007ffd748d9000 	C:\WINDOWS\SYSTEM32\sechost.dll
0x00007ffd74a30000 - 0x00007ffd74c41000 	C:\WINDOWS\SYSTEM32\combase.dll
0x00007ffd72980000 - 0x00007ffd72ad1000 	C:\WINDOWS\system32\GDI32.dll
0x00007ffd71ea0000 - 0x00007ffd71eb5000 	C:\WINDOWS\SYSTEM32\profapi.dll
0x00007ffd709f0000 - 0x00007ffd70aa2000 	C:\WINDOWS\SYSTEM32\SHCORE.dll
0x00007ffd72940000 - 0x00007ffd72976000 	C:\WINDOWS\system32\IMM32.DLL
0x00007ffd72c80000 - 0x00007ffd72dd2000 	C:\WINDOWS\system32\MSCTF.dll
0x00007ffd6f830000 - 0x00007ffd6faab000 	C:\WINDOWS\WinSxS\amd64_microsoft.windows.common-controls_6595b64144ccf1df_6.0.9600.17415_none_6240486fecbd8abb\COMCTL32.dll
0x00000000763c0000 - 0x0000000076492000 	C:\Program Files\Java\jdk1.7.0_75\jre\bin\msvcr100.dll
0x0000000076850000 - 0x0000000077024000 	C:\Program Files\Java\jdk1.7.0_75\jre\bin\server\jvm.dll
0x00007ffd6a1b0000 - 0x00007ffd6a1b9000 	C:\WINDOWS\SYSTEM32\WSOCK32.dll
0x00007ffd6fca0000 - 0x00007ffd6fcc2000 	C:\WINDOWS\SYSTEM32\WINMM.dll
0x00007ffd731d0000 - 0x00007ffd731d7000 	C:\WINDOWS\system32\PSAPI.DLL
0x00007ffd74cb0000 - 0x00007ffd74d0a000 	C:\WINDOWS\system32\WS2_32.dll
0x00007ffd6f790000 - 0x00007ffd6f7ba000 	C:\WINDOWS\SYSTEM32\WINMMBASE.dll
0x00007ffd73010000 - 0x00007ffd73019000 	C:\WINDOWS\system32\NSI.dll
0x00007ffd71fd0000 - 0x00007ffd7201f000 	C:\WINDOWS\SYSTEM32\cfgmgr32.dll
0x00007ffd70c90000 - 0x00007ffd70cb8000 	C:\WINDOWS\SYSTEM32\DEVOBJ.dll
0x00000000513e0000 - 0x00000000513ef000 	C:\Program Files\Java\jdk1.7.0_75\jre\bin\verify.dll
0x00000000513b0000 - 0x00000000513d8000 	C:\Program Files\Java\jdk1.7.0_75\jre\bin\java.dll
0x0000000051390000 - 0x00000000513a5000 	C:\Program Files\Java\jdk1.7.0_75\jre\bin\zip.dll
0x0000000051370000 - 0x0000000051389000 	C:\Program Files\Java\jdk1.7.0_75\jre\bin\net.dll
0x00007ffd715b0000 - 0x00007ffd71609000 	C:\WINDOWS\system32\mswsock.dll
0x0000000051350000 - 0x0000000051361000 	C:\Program Files\Java\jdk1.7.0_75\jre\bin\nio.dll

VM Arguments:
jvm_args: -Xmx1024M -Dfile.encoding=windows-1252 -Duser.country=US -Duser.language=en -Duser.variant 
java_command: com.android.dx.command.Main --dex --output C:\Users\jasonhk1020\Desktop\Hmmm\app\build\intermediates\pre-dexed\debug\classes-1c95189bada429ccaf6bd5094d3e7772fd188f3d.jar C:\Users\jasonhk1020\Desktop\Hmmm\app\build\intermediates\exploded-aar\com.android.support\support-v4\22.1.1\classes.jar
Launcher Type: SUN_STANDARD

Environment Variables:
PATH=C:\ProgramData\Oracle\Java\javapath;C:\Program Files (x86)\Common Files\Intel\Shared Files\cpp\bin\Intel64;C:\Program Files (x86)\NVIDIA Corporation\PhysX\Common;C:\Program Files (x86)\Intel\iCLS Client\;C:\Program Files\Intel\iCLS Client\;C:\WINDOWS\system32;C:\WINDOWS;C:\WINDOWS\System32\Wbem;C:\WINDOWS\System32\WindowsPowerShell\v1.0\;C:\Program Files\Intel\Intel(R) Management Engine Components\DAL;C:\Program Files\Intel\Intel(R) Management Engine Components\IPT;C:\Program Files (x86)\Intel\Intel(R) Management Engine Components\DAL;C:\Program Files (x86)\Intel\Intel(R) Management Engine Components\IPT;C:\Program Files\MATLAB\R2012b\bin;C:\Program Files (x86)\QuickTime\QTSystem\;C:\Program Files (x86)\Skype\Phone\;C:\Program Files\nodejs\;C:\Users\jasonhk1020\AppData\Roaming\npm
USERNAME=jasonhk1020
OS=Windows_NT
PROCESSOR_IDENTIFIER=Intel64 Family 6 Model 58 Stepping 9, GenuineIntel



---------------  S Y S T E M  ---------------

OS: Windows 8.1 , 64 bit Build 9600 

CPU:total 4 (4 cores per cpu, 1 threads per core) family 6 model 58 stepping 9, cmov, cx8, fxsr, mmx, sse, sse2, sse3, ssse3, sse4.1, sse4.2, popcnt, avx, aes, erms, tsc, tscinvbit, tscinv

Memory: 4k page, physical 8342752k(1631576k free), swap 33508576k(5776k free)

vm_info: Java HotSpot(TM) 64-Bit Server VM (24.75-b04) for windows-amd64 JRE (1.7.0_75-b13), built on Dec 18 2014 17:15:01 by "java_re" with unknown MS VC++:1600

time: Fri May 08 20:10:40 2015
elapsed time: 4 seconds

