#
# There is insufficient memory for the Java Runtime Environment to continue.
# Native memory allocation (malloc) failed to allocate 159056 bytes for Chunk::new
# Possible reasons:
#   The system is out of physical RAM or swap space
#   In 32 bit mode, the process size limit was hit
# Possible solutions:
#   Reduce memory load on the system
#   Increase physical memory or swap space
#   Check if swap backing store is full
#   Use 64 bit Java on a 64 bit OS
#   Decrease Java heap size (-Xmx/-Xms)
#   Decrease number of Java threads
#   Decrease Java thread stack sizes (-Xss)
#   Set larger code cache with -XX:ReservedCodeCacheSize=
# This output file may be truncated or incomplete.
#
#  Out of Memory Error (allocation.cpp:323), pid=8056, tid=10528
#
# JRE version: Java(TM) SE Runtime Environment (7.0_75-b13) (build 1.7.0_75-b13)
# Java VM: Java HotSpot(TM) 64-Bit Server VM (24.75-b04 mixed mode windows-amd64 compressed oops)
# Failed to write core dump. Minidumps are not enabled by default on client versions of Windows
#

---------------  T H R E A D  ---------------

Current thread (0x00000000081fd800):  JavaThread "C2 CompilerThread1" daemon [_thread_in_native, id=10528, stack(0x0000000009870000,0x0000000009970000)]

Stack: [0x0000000009870000,0x0000000009970000]
[error occurred during error reporting (printing stack bounds), id 0xc0000005]


Current CompileTask:
C2:     93    4             sun.nio.cs.UTF_8$Decoder::decode (640 bytes)


---------------  P R O C E S S  ---------------

Java Threads: ( => current thread )
  0x0000000008204000 JavaThread "Service Thread" daemon [_thread_blocked, id=7140, stack(0x0000000009970000,0x0000000009a70000)]
=>0x00000000081fd800 JavaThread "C2 CompilerThread1" daemon [_thread_in_native, id=10528, stack(0x0000000009870000,0x0000000009970000)]
  0x00000000081f4000 JavaThread "C2 CompilerThread0" daemon [_thread_blocked, id=5556, stack(0x0000000009770000,0x0000000009870000)]
  0x00000000081f3000 JavaThread "Attach Listener" daemon [_thread_blocked, id=3988, stack(0x0000000009670000,0x0000000009770000)]
  0x00000000081ef800 JavaThread "Signal Dispatcher" daemon [_thread_blocked, id=2708, stack(0x0000000009570000,0x0000000009670000)]
  0x00000000081c0000 JavaThread "Finalizer" daemon [_thread_blocked, id=2924, stack(0x0000000009470000,0x0000000009570000)]
  0x00000000081b5800 JavaThread "Reference Handler" daemon [_thread_blocked, id=11872, stack(0x0000000009370000,0x0000000009470000)]
  0x0000000002240800 JavaThread "main" [_thread_in_vm, id=11844, stack(0x0000000002100000,0x0000000002200000)]

Other Threads:
  0x00000000081b1800 VMThread [stack: 0x0000000009270000,0x0000000009370000] [id=5572]
  0x0000000008212800 WatcherThread [stack: 0x0000000009a70000,0x0000000009b70000] [id=10824]

VM state:not at safepoint (normal execution)

VM Mutex/Monitor currently owned by a thread: None

Heap
 PSYoungGen      total 38400K, used 2669K [0x00000000eaa80000, 0x00000000ed500000, 0x0000000100000000)
  eden space 33280K, 8% used [0x00000000eaa80000,0x00000000ead1b7f8,0x00000000ecb00000)
  from space 5120K, 0% used [0x00000000ed000000,0x00000000ed000000,0x00000000ed500000)
  to   space 5120K, 0% used [0x00000000ecb00000,0x00000000ecb00000,0x00000000ed000000)
 ParOldGen       total 86528K, used 0K [0x00000000c0000000, 0x00000000c5480000, 0x00000000eaa80000)
  object space 86528K, 0% used [0x00000000c0000000,0x00000000c0000000,0x00000000c5480000)
 PSPermGen       total 21504K, used 3195K [0x00000000bae00000, 0x00000000bc300000, 0x00000000c0000000)
  object space 21504K, 14% used [0x00000000bae00000,0x00000000bb11eff0,0x00000000bc300000)

Card table byte_map: [0x0000000005400000,0x0000000005630000] byte_map_base: 0x0000000004e29000

Polling page: 0x0000000000990000

Code Cache  [0x0000000002340000, 0x00000000025b0000, 0x0000000005340000)
 total_blobs=194 nmethods=3 adapters=144 free_code_cache=48762Kb largest_free_block=49921216

Compilation events (7 events):
Event: 0.075 Thread 0x00000000081f4000    1             java.lang.String::indexOf (70 bytes)
Event: 0.078 Thread 0x00000000081f4000 nmethod 1 0x00000000023a0e10 code [0x00000000023a0f60, 0x00000000023a10e8]
Event: 0.082 Thread 0x00000000081fd800    2             java.lang.String::hashCode (55 bytes)
Event: 0.083 Thread 0x00000000081fd800 nmethod 2 0x00000000023a0ad0 code [0x00000000023a0c00, 0x00000000023a0d58]
Event: 0.084 Thread 0x00000000081f4000    3             java.lang.String::lastIndexOf (52 bytes)
Event: 0.085 Thread 0x00000000081f4000 nmethod 3 0x00000000023a04d0 code [0x00000000023a0620, 0x00000000023a0788]
Event: 0.089 Thread 0x00000000081fd800    4             sun.nio.cs.UTF_8$Decoder::decode (640 bytes)

GC Heap History (0 events):
No events

Deoptimization events (0 events):
No events

Internal exceptions (10 events):
Event: 0.084 Thread 0x0000000002240800 Threw 0x00000000eac26bc0 at C:\re\jdk7u75\1940\hotspot\src\share\vm\prims\jvm.cpp:1281
Event: 0.085 Thread 0x0000000002240800 Threw 0x00000000eac2bb98 at C:\re\jdk7u75\1940\hotspot\src\share\vm\prims\jvm.cpp:1281
Event: 0.085 Thread 0x0000000002240800 Threw 0x00000000eac2dc00 at C:\re\jdk7u75\1940\hotspot\src\share\vm\prims\jvm.cpp:1281
Event: 0.085 Thread 0x0000000002240800 Threw 0x00000000eac32780 at C:\re\jdk7u75\1940\hotspot\src\share\vm\prims\jvm.cpp:1281
Event: 0.085 Thread 0x0000000002240800 Threw 0x00000000eac36d48 at C:\re\jdk7u75\1940\hotspot\src\share\vm\prims\jvm.cpp:1281
Event: 0.086 Thread 0x0000000002240800 Threw 0x00000000eac3b878 at C:\re\jdk7u75\1940\hotspot\src\share\vm\prims\jvm.cpp:1281
Event: 0.086 Thread 0x0000000002240800 Threw 0x00000000eac3ff18 at C:\re\jdk7u75\1940\hotspot\src\share\vm\prims\jvm.cpp:1281
Event: 0.086 Thread 0x0000000002240800 Threw 0x00000000eac45430 at C:\re\jdk7u75\1940\hotspot\src\share\vm\prims\jvm.cpp:1281
Event: 0.087 Thread 0x0000000002240800 Threw 0x00000000eac4ab98 at C:\re\jdk7u75\1940\hotspot\src\share\vm\prims\jvm.cpp:1281
Event: 0.087 Thread 0x0000000002240800 Threw 0x00000000eac4cc80 at C:\re\jdk7u75\1940\hotspot\src\share\vm\prims\jvm.cpp:1281

Events (10 events):
Event: 0.091 loading class 0x00000000022cbc10
Event: 0.091 loading class 0x00000000022cbc10 done
Event: 0.091 loading class 0x0000000009c860a0 done
Event: 0.091 loading class 0x00000000022bdc50
Event: 0.091 loading class 0x00000000022bdc50 done
Event: 0.092 loading class 0x00000000022ae8f0
Event: 0.092 loading class 0x00000000022ae8f0 done
Event: 0.092 loading class 0x00000000022b1a30
Event: 0.092 loading class 0x00000000022b1a30 done
Event: 0.092 loading class 0x0000000009c88380


Dynamic libraries:
