#
# There is insufficient memory for the Java Runtime Environment to continue.
# Native memory allocation (malloc) failed to allocate 168464 bytes for Chunk::new
# Possible reasons:
#   The system is out of physical RAM or swap space
#   In 32 bit mode, the process size limit was hit
# Possible solutions:
#   Reduce memory load on the system
#   Increase physical memory or swap space
#   Check if swap backing store is full
#   Use 64 bit Java on a 64 bit OS
#   Decrease Java heap size (-Xmx/-Xms)
#   Decrease number of Java threads
#   Decrease Java thread stack sizes (-Xss)
#   Set larger code cache with -XX:ReservedCodeCacheSize=
# This output file may be truncated or incomplete.
#
#  Out of Memory Error (allocation.cpp:323), pid=10480, tid=6700
#
# JRE version: Java(TM) SE Runtime Environment (7.0_75-b13) (build 1.7.0_75-b13)
# Java VM: Java HotSpot(TM) 64-Bit Server VM (24.75-b04 mixed mode windows-amd64 compressed oops)
# Failed to write core dump. Minidumps are not enabled by default on client versions of Windows
#

---------------  T H R E A D  ---------------

Current thread (0x0000000007fbe000):  JavaThread "C2 CompilerThread0" daemon [_thread_in_native, id=6700, stack(0x0000000009540000,0x0000000009640000)]

Stack: [0x0000000009540000,0x0000000009640000]
[error occurred during error reporting (printing stack bounds), id 0xc0000005]


[error occurred during error reporting (printing native stack), id 0xc0000005]


Current CompileTask:
C2:   3046  806             java.util.TimSort::mergeLo (655 bytes)


---------------  P R O C E S S  ---------------

Java Threads: ( => current thread )
  0x0000000007fc2800 JavaThread "Service Thread" daemon [_thread_blocked, id=12232, stack(0x0000000009740000,0x0000000009840000)]
  0x0000000007fc0000 JavaThread "C2 CompilerThread1" daemon [_thread_blocked, id=1272, stack(0x0000000009640000,0x0000000009740000)]
=>0x0000000007fbe000 JavaThread "C2 CompilerThread0" daemon [_thread_in_native, id=6700, stack(0x0000000009540000,0x0000000009640000)]
  0x0000000007fbd000 JavaThread "Attach Listener" daemon [_thread_blocked, id=8868, stack(0x0000000009440000,0x0000000009540000)]
  0x0000000007fba000 JavaThread "Signal Dispatcher" daemon [_thread_blocked, id=5680, stack(0x0000000009340000,0x0000000009440000)]
  0x0000000007f81000 JavaThread "Finalizer" daemon [_thread_blocked, id=7384, stack(0x0000000009240000,0x0000000009340000)]
  0x0000000007f77800 JavaThread "Reference Handler" daemon [_thread_blocked, id=5916, stack(0x0000000009140000,0x0000000009240000)]
  0x0000000002022800 JavaThread "main" [_thread_in_Java, id=7680, stack(0x0000000001e70000,0x0000000001f70000)]

Other Threads:
  0x0000000007f73800 VMThread [stack: 0x0000000009040000,0x0000000009140000] [id=6520]
  0x0000000007fe2800 WatcherThread [stack: 0x0000000009840000,0x0000000009940000] [id=10584]

VM state:not at safepoint (normal execution)

VM Mutex/Monitor currently owned by a thread: None

Heap
 PSYoungGen      total 317952K, used 130290K [0x00000000eaa80000, 0x0000000100000000, 0x0000000100000000)
  eden space 286208K, 34% used [0x00000000eaa80000,0x00000000f0ac03a8,0x00000000fc200000)
  from space 31744K, 99% used [0x00000000fc200000,0x00000000fe0fc4a0,0x00000000fe100000)
  to   space 31744K, 0% used [0x00000000fe100000,0x00000000fe100000,0x0000000100000000)
 ParOldGen       total 102912K, used 45616K [0x00000000c0000000, 0x00000000c6480000, 0x00000000eaa80000)
  object space 102912K, 44% used [0x00000000c0000000,0x00000000c2c8c2c0,0x00000000c6480000)
 PSPermGen       total 21504K, used 6996K [0x00000000bae00000, 0x00000000bc300000, 0x00000000c0000000)
  object space 21504K, 32% used [0x00000000bae00000,0x00000000bb4d5218,0x00000000bc300000)

Card table byte_map: [0x00000000051e0000,0x0000000005410000] byte_map_base: 0x0000000004c09000

Polling page: 0x0000000001df0000

Code Cache  [0x0000000002120000, 0x0000000002390000, 0x0000000005120000)
 total_blobs=1045 nmethods=787 adapters=210 free_code_cache=47093Kb largest_free_block=48177536

Compilation events (10 events):
Event: 2.691 Thread 0x0000000007fc0000 nmethod 801 0x000000000230cf10 code [0x000000000230d060, 0x000000000230d118]
Event: 2.727 Thread 0x0000000007fbe000  802             com.android.dx.io.instructions.ShortArrayCodeOutput::write (78 bytes)
Event: 2.730 Thread 0x0000000007fbe000 nmethod 802 0x00000000023206d0 code [0x0000000002320820, 0x0000000002320ab8]
Event: 2.768 Thread 0x0000000007fc0000  803   !         com.android.dex.Dex::computeSignature (91 bytes)
Event: 2.772 Thread 0x0000000007fc0000 nmethod 803 0x00000000023262d0 code [0x0000000002326480, 0x00000000023268d0]
Event: 2.792 Thread 0x0000000007fbe000  804             com.android.dex.Dex::computeChecksum (82 bytes)
Event: 2.796 Thread 0x0000000007fbe000 nmethod 804 0x0000000002325850 code [0x0000000002325a00, 0x0000000002325e40]
Event: 2.911 Thread 0x0000000007fc0000  805             java.util.TimSort::mergeLo (655 bytes)
Event: 2.931 Thread 0x0000000007fc0000 nmethod 805 0x000000000232b890 code [0x000000000232ba40, 0x000000000232d278]
Event: 3.027 Thread 0x0000000007fbe000  806             java.util.TimSort::mergeLo (655 bytes)

GC Heap History (10 events):
Event: 2.063 GC heap before
{Heap before GC invocations=8 (full 0):
 PSYoungGen      total 151040K, used 139800K [0x00000000eaa80000, 0x00000000fd180000, 0x0000000100000000)
  eden space 132608K, 100% used [0x00000000eaa80000,0x00000000f2c00000,0x00000000f2c00000)
  from space 18432K, 39% used [0x00000000f2c00000,0x00000000f33060a8,0x00000000f3e00000)
  to   space 18432K, 0% used [0x00000000fbf80000,0x00000000fbf80000,0x00000000fd180000)
 ParOldGen       total 86528K, used 34996K [0x00000000c0000000, 0x00000000c5480000, 0x00000000eaa80000)
  object space 86528K, 40% used [0x00000000c0000000,0x00000000c222d358,0x00000000c5480000)
 PSPermGen       total 21504K, used 6987K [0x00000000bae00000, 0x00000000bc300000, 0x00000000c0000000)
  object space 21504K, 32% used [0x00000000bae00000,0x00000000bb4d2d30,0x00000000bc300000)
Event: 2.067 GC heap after
Heap after GC invocations=8 (full 0):
 PSYoungGen      total 282624K, used 15721K [0x00000000eaa80000, 0x00000000fd380000, 0x0000000100000000)
  eden space 264192K, 0% used [0x00000000eaa80000,0x00000000eaa80000,0x00000000fac80000)
  from space 18432K, 85% used [0x00000000fbf80000,0x00000000fceda7c8,0x00000000fd180000)
  to   space 19456K, 0% used [0x00000000fac80000,0x00000000fac80000,0x00000000fbf80000)
 ParOldGen       total 86528K, used 35980K [0x00000000c0000000, 0x00000000c5480000, 0x00000000eaa80000)
  object space 86528K, 41% used [0x00000000c0000000,0x00000000c23233c0,0x00000000c5480000)
 PSPermGen       total 21504K, used 6987K [0x00000000bae00000, 0x00000000bc300000, 0x00000000c0000000)
  object space 21504K, 32% used [0x00000000bae00000,0x00000000bb4d2d30,0x00000000bc300000)
}
Event: 2.338 GC heap before
{Heap before GC invocations=9 (full 0):
 PSYoungGen      total 282624K, used 279913K [0x00000000eaa80000, 0x00000000fd380000, 0x0000000100000000)
  eden space 264192K, 100% used [0x00000000eaa80000,0x00000000fac80000,0x00000000fac80000)
  from space 18432K, 85% used [0x00000000fbf80000,0x00000000fceda7c8,0x00000000fd180000)
  to   space 19456K, 0% used [0x00000000fac80000,0x00000000fac80000,0x00000000fbf80000)
 ParOldGen       total 86528K, used 35980K [0x00000000c0000000, 0x00000000c5480000, 0x00000000eaa80000)
  object space 86528K, 41% used [0x00000000c0000000,0x00000000c23233c0,0x00000000c5480000)
 PSPermGen       total 21504K, used 6994K [0x00000000bae00000, 0x00000000bc300000, 0x00000000c0000000)
  object space 21504K, 32% used [0x00000000bae00000,0x00000000bb4d4b48,0x00000000bc300000)
Event: 2.353 GC heap after
Heap after GC invocations=9 (full 0):
 PSYoungGen      total 283648K, used 17023K [0x00000000eaa80000, 0x0000000100000000, 0x0000000100000000)
  eden space 264192K, 0% used [0x00000000eaa80000,0x00000000eaa80000,0x00000000fac80000)
  from space 19456K, 87% used [0x00000000fac80000,0x00000000fbd1fdc8,0x00000000fbf80000)
  to   space 20992K, 0% used [0x00000000feb80000,0x00000000feb80000,0x0000000100000000)
 ParOldGen       total 86528K, used 57025K [0x00000000c0000000, 0x00000000c5480000, 0x00000000eaa80000)
  object space 86528K, 65% used [0x00000000c0000000,0x00000000c37b0428,0x00000000c5480000)
 PSPermGen       total 21504K, used 6994K [0x00000000bae00000, 0x00000000bc300000, 0x00000000c0000000)
  object space 21504K, 32% used [0x00000000bae00000,0x00000000bb4d4b48,0x00000000bc300000)
}
Event: 2.599 GC heap before
{Heap before GC invocations=10 (full 0):
 PSYoungGen      total 283648K, used 281215K [0x00000000eaa80000, 0x0000000100000000, 0x0000000100000000)
  eden space 264192K, 100% used [0x00000000eaa80000,0x00000000fac80000,0x00000000fac80000)
  from space 19456K, 87% used [0x00000000fac80000,0x00000000fbd1fdc8,0x00000000fbf80000)
  to   space 20992K, 0% used [0x00000000feb80000,0x00000000feb80000,0x0000000100000000)
 ParOldGen       total 86528K, used 57025K [0x00000000c0000000, 0x00000000c5480000, 0x00000000eaa80000)
  object space 86528K, 65% used [0x00000000c0000000,0x00000000c37b0428,0x00000000c5480000)
 PSPermGen       total 21504K, used 6995K [0x00000000bae00000, 0x00000000bc300000, 0x00000000c0000000)
  object space 21504K, 32% used [0x00000000bae00000,0x00000000bb4d4f18,0x00000000bc300000)
Event: 2.617 GC heap after
Heap after GC invocations=10 (full 0):
 PSYoungGen      total 307200K, used 20988K [0x00000000eaa80000, 0x0000000100000000, 0x0000000100000000)
  eden space 286208K, 0% used [0x00000000eaa80000,0x00000000eaa80000,0x00000000fc200000)
  from space 20992K, 99% used [0x00000000feb80000,0x00000000fffff398,0x0000000100000000)
  to   space 31744K, 0% used [0x00000000fc200000,0x00000000fc200000,0x00000000fe100000)
 ParOldGen       total 86528K, used 80498K [0x00000000c0000000, 0x00000000c5480000, 0x00000000eaa80000)
  object space 86528K, 93% used [0x00000000c0000000,0x00000000c4e9c818,0x00000000c5480000)
 PSPermGen       total 21504K, used 6995K [0x00000000bae00000, 0x00000000bc300000, 0x00000000c0000000)
  object space 21504K, 32% used [0x00000000bae00000,0x00000000bb4d4f18,0x00000000bc300000)
}
Event: 2.617 GC heap before
{Heap before GC invocations=11 (full 1):
 PSYoungGen      total 307200K, used 20988K [0x00000000eaa80000, 0x0000000100000000, 0x0000000100000000)
  eden space 286208K, 0% used [0x00000000eaa80000,0x00000000eaa80000,0x00000000fc200000)
  from space 20992K, 99% used [0x00000000feb80000,0x00000000fffff398,0x0000000100000000)
  to   space 31744K, 0% used [0x00000000fc200000,0x00000000fc200000,0x00000000fe100000)
 ParOldGen       total 86528K, used 80498K [0x00000000c0000000, 0x00000000c5480000, 0x00000000eaa80000)
  object space 86528K, 93% used [0x00000000c0000000,0x00000000c4e9c818,0x00000000c5480000)
 PSPermGen       total 21504K, used 6995K [0x00000000bae00000, 0x00000000bc300000, 0x00000000c0000000)
  object space 21504K, 32% used [0x00000000bae00000,0x00000000bb4d4f18,0x00000000bc300000)
Event: 2.664 GC heap after
Heap after GC invocations=11 (full 1):
 PSYoungGen      total 307200K, used 0K [0x00000000eaa80000, 0x0000000100000000, 0x0000000100000000)
  eden space 286208K, 0% used [0x00000000eaa80000,0x00000000eaa80000,0x00000000fc200000)
  from space 20992K, 0% used [0x00000000feb80000,0x00000000feb80000,0x0000000100000000)
  to   space 31744K, 0% used [0x00000000fc200000,0x00000000fc200000,0x00000000fe100000)
 ParOldGen       total 102912K, used 37353K [0x00000000c0000000, 0x00000000c6480000, 0x00000000eaa80000)
  object space 102912K, 36% used [0x00000000c0000000,0x00000000c247a660,0x00000000c6480000)
 PSPermGen       total 21504K, used 6992K [0x00000000bae00000, 0x00000000bc300000, 0x00000000c0000000)
  object space 21504K, 32% used [0x00000000bae00000,0x00000000bb4d42f0,0x00000000bc300000)
}
Event: 2.942 GC heap before
{Heap before GC invocations=12 (full 1):
 PSYoungGen      total 307200K, used 286208K [0x00000000eaa80000, 0x0000000100000000, 0x0000000100000000)
  eden space 286208K, 100% used [0x00000000eaa80000,0x00000000fc200000,0x00000000fc200000)
  from space 20992K, 0% used [0x00000000feb80000,0x00000000feb80000,0x0000000100000000)
  to   space 31744K, 0% used [0x00000000fc200000,0x00000000fc200000,0x00000000fe100000)
 ParOldGen       total 102912K, used 37353K [0x00000000c0000000, 0x00000000c6480000, 0x00000000eaa80000)
  object space 102912K, 36% used [0x00000000c0000000,0x00000000c247a660,0x00000000c6480000)
 PSPermGen       total 21504K, used 6996K [0x00000000bae00000, 0x00000000bc300000, 0x00000000c0000000)
  object space 21504K, 32% used [0x00000000bae00000,0x00000000bb4d5218,0x00000000bc300000)
Event: 2.949 GC heap after
Heap after GC invocations=12 (full 1):
 PSYoungGen      total 317952K, used 31729K [0x00000000eaa80000, 0x0000000100000000, 0x0000000100000000)
  eden space 286208K, 0% used [0x00000000eaa80000,0x00000000eaa80000,0x00000000fc200000)
  from space 31744K, 99% used [0x00000000fc200000,0x00000000fe0fc4a0,0x00000000fe100000)
  to   space 31744K, 0% used [0x00000000fe100000,0x00000000fe100000,0x0000000100000000)
 ParOldGen       total 102912K, used 45616K [0x00000000c0000000, 0x00000000c6480000, 0x00000000eaa80000)
  object space 102912K, 44% used [0x00000000c0000000,0x00000000c2c8c2c0,0x00000000c6480000)
 PSPermGen       total 21504K, used 6996K [0x00000000bae00000, 0x00000000bc300000, 0x00000000c0000000)
  object space 21504K, 32% used [0x00000000bae00000,0x00000000bb4d5218,0x00000000bc300000)
}

Deoptimization events (10 events):
Event: 1.713 Thread 0x0000000002022800 Uncommon trap: reason=array_check action=maybe_recompile pc=0x00000000022e14a4 method=java.util.ComparableTimSort.binarySort([Ljava/lang/Object;III)V @ 183
Event: 1.713 Thread 0x0000000002022800 Uncommon trap: reason=array_check action=maybe_recompile pc=0x00000000022d1a48 method=java.util.ComparableTimSort.binarySort([Ljava/lang/Object;III)V @ 183
Event: 1.720 Thread 0x0000000002022800 Uncommon trap: reason=array_check action=maybe_recompile pc=0x000000000221187c method=java.util.TimSort.binarySort([Ljava/lang/Object;IIILjava/util/Comparator;)V @ 193
Event: 1.720 Thread 0x0000000002022800 Uncommon trap: reason=array_check action=maybe_recompile pc=0x000000000221197c method=java.util.TimSort.binarySort([Ljava/lang/Object;IIILjava/util/Comparator;)V @ 183
Event: 1.721 Thread 0x0000000002022800 Uncommon trap: reason=array_check action=maybe_recompile pc=0x000000000221187c method=java.util.TimSort.binarySort([Ljava/lang/Object;IIILjava/util/Comparator;)V @ 193
Event: 1.885 Thread 0x0000000002022800 Uncommon trap: reason=unloaded action=reinterpret pc=0x0000000002287c70 method=com.android.dx.merge.IndexMap$EncodedValueTransformer.transform(Lcom/android/dex/EncodedValueReader;)V @ 263
Event: 3.026 Thread 0x0000000002022800 Uncommon trap: reason=array_check action=maybe_recompile pc=0x000000000232ce58 method=java.util.TimSort.mergeLo(IIII)V @ 77
Event: 3.026 Thread 0x0000000002022800 Uncommon trap: reason=array_check action=maybe_recompile pc=0x000000000232ce58 method=java.util.TimSort.mergeLo(IIII)V @ 77
Event: 3.026 Thread 0x0000000002022800 Uncommon trap: reason=array_check action=maybe_recompile pc=0x000000000232ce58 method=java.util.TimSort.mergeLo(IIII)V @ 77
Event: 3.026 Thread 0x0000000002022800 Uncommon trap: reason=array_check action=maybe_recompile pc=0x000000000232ce58 method=java.util.TimSort.mergeLo(IIII)V @ 77

Internal exceptions (10 events):
Event: 1.148 Thread 0x0000000002022800 Threw 0x00000000ead0b678 at C:\re\jdk7u75\1940\hotspot\src\share\vm\prims\jvm.cpp:1281
Event: 1.148 Thread 0x0000000002022800 Threw 0x00000000ead0e6c8 at C:\re\jdk7u75\1940\hotspot\src\share\vm\prims\jvm.cpp:1281
Event: 1.148 Thread 0x0000000002022800 Threw 0x00000000ead117f0 at C:\re\jdk7u75\1940\hotspot\src\share\vm\prims\jvm.cpp:1281
Event: 1.149 Thread 0x0000000002022800 Threw 0x00000000ead154d8 at C:\re\jdk7u75\1940\hotspot\src\share\vm\prims\jvm.cpp:1281
Event: 1.149 Thread 0x0000000002022800 Threw 0x00000000ead183e8 at C:\re\jdk7u75\1940\hotspot\src\share\vm\prims\jvm.cpp:1281
Event: 1.149 Thread 0x0000000002022800 Threw 0x00000000ead1b4b8 at C:\re\jdk7u75\1940\hotspot\src\share\vm\prims\jvm.cpp:1281
Event: 1.150 Thread 0x0000000002022800 Threw 0x00000000ead1e9a0 at C:\re\jdk7u75\1940\hotspot\src\share\vm\prims\jvm.cpp:1281
Event: 1.151 Thread 0x0000000002022800 Threw 0x00000000ead25f08 at C:\re\jdk7u75\1940\hotspot\src\share\vm\prims\jvm.cpp:1281
Event: 1.151 Thread 0x0000000002022800 Threw 0x00000000ead28178 at C:\re\jdk7u75\1940\hotspot\src\share\vm\prims\jvm.cpp:1281
Event: 1.336 Thread 0x0000000002022800 Threw 0x00000000ec182f30 at C:\re\jdk7u75\1940\hotspot\src\share\vm\prims\jvm.cpp:1281

Events (10 events):
Event: 3.026 Thread 0x0000000002022800 DEOPT UNPACKING pc=0x00000000021575a4 sp=0x0000000001f6ee20 mode 2
Event: 3.026 Thread 0x0000000002022800 Uncommon trap: trap_request=0xffffffd6 fr.pc=0x000000000232ce58
Event: 3.026 Thread 0x0000000002022800 DEOPT PACKING pc=0x000000000232ce58 sp=0x0000000001f6ee10
Event: 3.026 Thread 0x0000000002022800 DEOPT UNPACKING pc=0x00000000021575a4 sp=0x0000000001f6ee20 mode 2
Event: 3.026 Thread 0x0000000002022800 Uncommon trap: trap_request=0xffffffd6 fr.pc=0x000000000232ce58
Event: 3.026 Thread 0x0000000002022800 DEOPT PACKING pc=0x000000000232ce58 sp=0x0000000001f6ee10
Event: 3.026 Thread 0x0000000002022800 DEOPT UNPACKING pc=0x00000000021575a4 sp=0x0000000001f6ee20 mode 2
Event: 3.026 Thread 0x0000000002022800 Uncommon trap: trap_request=0xffffffd6 fr.pc=0x000000000232ce58
Event: 3.026 Thread 0x0000000002022800 DEOPT PACKING pc=0x000000000232ce58 sp=0x0000000001f6ee10
Event: 3.026 Thread 0x0000000002022800 DEOPT UNPACKING pc=0x00000000021575a4 sp=0x0000000001f6ee20 mode 2


Dynamic libraries:
0x00007ff64c740000 - 0x00007ff64c773000 	C:\Program Files\Java\jdk1.7.0_75\bin\java.exe
0x00007ffd74d70000 - 0x00007ffd74f1c000 	C:\WINDOWS\SYSTEM32\ntdll.dll
0x00007ffd748e0000 - 0x00007ffd74a1e000 	C:\WINDOWS\system32\KERNEL32.DLL
0x00007ffd72020000 - 0x00007ffd72135000 	C:\WINDOWS\system32\KERNELBASE.dll
0x00007ffd70960000 - 0x00007ffd709ee000 	C:\WINDOWS\system32\apphelp.dll
0x00007ffd52fe0000 - 0x00007ffd53033000 	C:\WINDOWS\AppPatch\AppPatch64\AcGenral.DLL
0x00007ffd72680000 - 0x00007ffd7272a000 	C:\WINDOWS\system32\msvcrt.dll
0x00007ffd71cd0000 - 0x00007ffd71cfe000 	C:\WINDOWS\SYSTEM32\SspiCli.dll
0x00007ffd74c50000 - 0x00007ffd74ca4000 	C:\WINDOWS\system32\SHLWAPI.dll
0x00007ffd72e00000 - 0x00007ffd72f77000 	C:\WINDOWS\system32\USER32.dll
0x00007ffd72ae0000 - 0x00007ffd72c74000 	C:\WINDOWS\system32\ole32.dll
0x00007ffd731e0000 - 0x00007ffd746f8000 	C:\WINDOWS\system32\SHELL32.dll
0x00007ffd714a0000 - 0x00007ffd714c1000 	C:\WINDOWS\SYSTEM32\USERENV.dll
0x00007ffd747c0000 - 0x00007ffd7486a000 	C:\WINDOWS\system32\ADVAPI32.dll
0x00007ffd61350000 - 0x00007ffd6136e000 	C:\WINDOWS\SYSTEM32\MPR.dll
0x00007ffd72730000 - 0x00007ffd72871000 	C:\WINDOWS\system32\RPCRT4.dll
0x00007ffd74880000 - 0x00007ffd748d9000 	C:\WINDOWS\SYSTEM32\sechost.dll
0x00007ffd74a30000 - 0x00007ffd74c41000 	C:\WINDOWS\SYSTEM32\combase.dll
0x00007ffd72980000 - 0x00007ffd72ad1000 	C:\WINDOWS\system32\GDI32.dll
0x00007ffd71ea0000 - 0x00007ffd71eb5000 	C:\WINDOWS\SYSTEM32\profapi.dll
0x00007ffd709f0000 - 0x00007ffd70aa2000 	C:\WINDOWS\SYSTEM32\SHCORE.dll
0x00007ffd72940000 - 0x00007ffd72976000 	C:\WINDOWS\system32\IMM32.DLL
0x00007ffd72c80000 - 0x00007ffd72dd2000 	C:\WINDOWS\system32\MSCTF.dll
0x00007ffd6f830000 - 0x00007ffd6faab000 	C:\WINDOWS\WinSxS\amd64_microsoft.windows.common-controls_6595b64144ccf1df_6.0.9600.17415_none_6240486fecbd8abb\COMCTL32.dll
0x00000000762f0000 - 0x00000000763c2000 	C:\Program Files\Java\jdk1.7.0_75\jre\bin\msvcr100.dll
0x0000000076940000 - 0x0000000077114000 	C:\Program Files\Java\jdk1.7.0_75\jre\bin\server\jvm.dll
0x00007ffd6a1b0000 - 0x00007ffd6a1b9000 	C:\WINDOWS\SYSTEM32\WSOCK32.dll
0x00007ffd6fca0000 - 0x00007ffd6fcc2000 	C:\WINDOWS\SYSTEM32\WINMM.dll
0x00007ffd731d0000 - 0x00007ffd731d7000 	C:\WINDOWS\system32\PSAPI.DLL
0x00007ffd74cb0000 - 0x00007ffd74d0a000 	C:\WINDOWS\system32\WS2_32.dll
0x00007ffd6f790000 - 0x00007ffd6f7ba000 	C:\WINDOWS\SYSTEM32\WINMMBASE.dll
0x00007ffd73010000 - 0x00007ffd73019000 	C:\WINDOWS\system32\NSI.dll
0x00007ffd71fd0000 - 0x00007ffd7201f000 	C:\WINDOWS\SYSTEM32\cfgmgr32.dll
0x00007ffd70c90000 - 0x00007ffd70cb8000 	C:\WINDOWS\SYSTEM32\DEVOBJ.dll
0x0000000050450000 - 0x000000005045f000 	C:\Program Files\Java\jdk1.7.0_75\jre\bin\verify.dll
0x0000000076910000 - 0x0000000076938000 	C:\Program Files\Java\jdk1.7.0_75\jre\bin\java.dll
0x00000000768f0000 - 0x0000000076905000 	C:\Program Files\Java\jdk1.7.0_75\jre\bin\zip.dll
0x00000000768d0000 - 0x00000000768e9000 	C:\Program Files\Java\jdk1.7.0_75\jre\bin\net.dll
0x00007ffd715b0000 - 0x00007ffd71609000 	C:\WINDOWS\system32\mswsock.dll
0x00000000768b0000 - 0x00000000768c1000 	C:\Program Files\Java\jdk1.7.0_75\jre\bin\nio.dll

VM Arguments:
jvm_args: -Xmx1024M -Dfile.encoding=windows-1252 -Duser.country=US -Duser.language=en -Duser.variant 
java_command: com.android.dx.command.Main --dex --output C:\Users\jasonhk1020\Documents\GitHub\Hmmm\app\build\intermediates\dex\debug C:\Users\jasonhk1020\Documents\GitHub\Hmmm\app\build\intermediates\classes\debug C:\Users\jasonhk1020\Documents\GitHub\Hmmm\app\build\intermediates\pre-dexed\debug\classes-066690b2b5b1fb936cbb92603d9f7933b9347f9b.jar C:\Users\jasonhk1020\Documents\GitHub\Hmmm\app\build\intermediates\pre-dexed\debug\support-annotations-22.1.1-d513078ce9974b71179ef3871712260855159bb0.jar C:\Users\jasonhk1020\Documents\GitHub\Hmmm\app\build\intermediates\pre-dexed\debug\classes-5fe36934b74a4f5a41c5e8fdd9c4f3b5185404eb.jar C:\Users\jasonhk1020\Documents\GitHub\Hmmm\app\build\intermediates\pre-dexed\debug\classes-be3be9538af65f3f8e674728095c7e4eeb802344.jar C:\Users\jasonhk1020\Documents\GitHub\Hmmm\app\build\intermediates\pre-dexed\debug\classes-1c381797dd24e16374851acb2cc1b087392ebf5f.jar C:\Users\jasonhk1020\Documents\GitHub\Hmmm\app\build\intermediates\pre-dexed\debug\classes-cac28231d57148c62eec2acbab6c7ffd7e31b39f.jar C:\Users\jasonhk1020\Documents\GitHub\Hmmm\app\build\intermediates\pre-dexed\debug\classes-f72fbbffab5b9a51a3a316d5d5b20d69fd1a618d.jar C:\Users\jasonhk1020\Documents\GitHub\Hmmm\app\build\intermediates\pre-dexed\debug\jackson-annotations-2.2.2-d6698349758c63df3f786a497b2841d844547de6.jar C:\Users\jasonhk1020\Documents\GitHub\Hmmm\app\build\intermediates\pre-dexed\debug\firebase-client-android-2.2.3-e5b3e71d61ed1f4038b6a4c62b91c75ba60aeee0.jar C:\Users\jasonhk1020\Documents\GitHub\Hmmm\app\build\intermediates\pre-dexed\debug\tubesock-0.0.11-3c3b7d10595fc2836979d38fa76de74468bf89b3.jar C:\Users\jasonhk1020\Documents\GitHub\Hmmm\app\build\intermediates\pre-dexed\debug\classes-92911fd1552da7615d717d65eb63ba9307ce6ef0.jar C:\Users\jasonhk1020\Documents\GitHub\Hmmm\app\build\intermediates\pre-dexed\debug\classes-13cef7d651a18b087d1ebcdeaa6f15c1fd0ce794.jar C:\Users\jasonhk1020\Documents\GitHub\Hmmm\app\build\intermediates\pre-dexed\debug\c
Launcher Type: SUN_STANDARD

Environment Variables:
PATH=C:\ProgramData\Oracle\Java\javapath;C:\Program Files (x86)\Common Files\Intel\Shared Files\cpp\bin\Intel64;C:\Program Files (x86)\NVIDIA Corporation\PhysX\Common;C:\Program Files (x86)\Intel\iCLS Client\;C:\Program Files\Intel\iCLS Client\;C:\WINDOWS\system32;C:\WINDOWS;C:\WINDOWS\System32\Wbem;C:\WINDOWS\System32\WindowsPowerShell\v1.0\;C:\Program Files\Intel\Intel(R) Management Engine Components\DAL;C:\Program Files\Intel\Intel(R) Management Engine Components\IPT;C:\Program Files (x86)\Intel\Intel(R) Management Engine Components\DAL;C:\Program Files (x86)\Intel\Intel(R) Management Engine Components\IPT;C:\Program Files (x86)\QuickTime\QTSystem\;C:\Program Files (x86)\Skype\Phone\;C:\Program Files\nodejs\;C:\Users\jasonhk1020\AppData\Roaming\npm
USERNAME=jasonhk1020
OS=Windows_NT
PROCESSOR_IDENTIFIER=Intel64 Family 6 Model 58 Stepping 9, GenuineIntel



---------------  S Y S T E M  ---------------

OS: Windows 8.1 , 64 bit Build 9600 

CPU:total 4 (4 cores per cpu, 1 threads per core) family 6 model 58 stepping 9, cmov, cx8, fxsr, mmx, sse, sse2, sse3, ssse3, sse4.1, sse4.2, popcnt, avx, aes, erms, tsc, tscinvbit, tscinv

Memory: 4k page, physical 8342752k(940176k free), swap 33508576k(5388k free)

vm_info: Java HotSpot(TM) 64-Bit Server VM (24.75-b04) for windows-amd64 JRE (1.7.0_75-b13), built on Dec 18 2014 17:15:01 by "java_re" with unknown MS VC++:1600

time: Sat May 09 02:06:07 2015
elapsed time: 3 seconds

