#
# There is insufficient memory for the Java Runtime Environment to continue.
# Native memory allocation (malloc) failed to allocate 65552 bytes for Chunk::new
# Possible reasons:
#   The system is out of physical RAM or swap space
#   In 32 bit mode, the process size limit was hit
# Possible solutions:
#   Reduce memory load on the system
#   Increase physical memory or swap space
#   Check if swap backing store is full
#   Use 64 bit Java on a 64 bit OS
#   Decrease Java heap size (-Xmx/-Xms)
#   Decrease number of Java threads
#   Decrease Java thread stack sizes (-Xss)
#   Set larger code cache with -XX:ReservedCodeCacheSize=
# This output file may be truncated or incomplete.
#
#  Out of Memory Error (allocation.cpp:323), pid=4780, tid=5944
#
# JRE version: Java(TM) SE Runtime Environment (7.0_75-b13) (build 1.7.0_75-b13)
# Java VM: Java HotSpot(TM) 64-Bit Server VM (24.75-b04 mixed mode windows-amd64 compressed oops)
# Failed to write core dump. Minidumps are not enabled by default on client versions of Windows
#

---------------  T H R E A D  ---------------

Current thread (0x00000000086de800):  JavaThread "C2 CompilerThread1" daemon [_thread_in_native, id=5944, stack(0x0000000009d60000,0x0000000009e60000)]

Stack: [0x0000000009d60000,0x0000000009e60000]
[error occurred during error reporting (printing stack bounds), id 0xc0000005]


Current CompileTask:
C2:   1816  328             com.android.dx.ssa.back.SsaToRop::convertBasicBlocks (151 bytes)


---------------  P R O C E S S  ---------------

Java Threads: ( => current thread )
  0x00000000086e4800 JavaThread "Service Thread" daemon [_thread_blocked, id=9548, stack(0x0000000009e60000,0x0000000009f60000)]
=>0x00000000086de800 JavaThread "C2 CompilerThread1" daemon [_thread_in_native, id=5944, stack(0x0000000009d60000,0x0000000009e60000)]
  0x00000000086d4800 JavaThread "C2 CompilerThread0" daemon [_thread_in_native, id=3824, stack(0x0000000009c60000,0x0000000009d60000)]
  0x00000000086d3800 JavaThread "Attach Listener" daemon [_thread_blocked, id=7968, stack(0x0000000009b60000,0x0000000009c60000)]
  0x00000000086d0800 JavaThread "Signal Dispatcher" daemon [_thread_blocked, id=6992, stack(0x0000000009a60000,0x0000000009b60000)]
  0x0000000008699000 JavaThread "Finalizer" daemon [_thread_blocked, id=7404, stack(0x0000000009960000,0x0000000009a60000)]
  0x0000000008696000 JavaThread "Reference Handler" daemon [_thread_blocked, id=7192, stack(0x0000000009860000,0x0000000009960000)]
  0x0000000002740800 JavaThread "main" [_thread_in_vm, id=6384, stack(0x0000000002590000,0x0000000002690000)]

Other Threads:
  0x0000000008692000 VMThread [stack: 0x0000000009760000,0x0000000009860000] [id=10452]
  0x00000000086f3000 WatcherThread [stack: 0x0000000009f60000,0x000000000a060000] [id=5664]

VM state:not at safepoint (normal execution)

VM Mutex/Monitor currently owned by a thread: None

Heap
 PSYoungGen      total 38400K, used 23068K [0x00000000eaa80000, 0x00000000ed500000, 0x0000000100000000)
  eden space 33280K, 54% used [0x00000000eaa80000,0x00000000ebc0d6b0,0x00000000ecb00000)
  from space 5120K, 99% used [0x00000000ecb00000,0x00000000ecff9c78,0x00000000ed000000)
  to   space 5120K, 0% used [0x00000000ed000000,0x00000000ed000000,0x00000000ed500000)
 ParOldGen       total 86528K, used 1734K [0x00000000c0000000, 0x00000000c5480000, 0x00000000eaa80000)
  object space 86528K, 2% used [0x00000000c0000000,0x00000000c01b19c8,0x00000000c5480000)
 PSPermGen       total 21504K, used 5563K [0x00000000bae00000, 0x00000000bc300000, 0x00000000c0000000)
  object space 21504K, 25% used [0x00000000bae00000,0x00000000bb36edc0,0x00000000bc300000)

Card table byte_map: [0x0000000005900000,0x0000000005b30000] byte_map_base: 0x0000000005329000

Polling page: 0x00000000024e0000

Code Cache  [0x0000000002840000, 0x0000000002ab0000, 0x0000000005840000)
 total_blobs=560 nmethods=326 adapters=186 free_code_cache=47791Kb largest_free_block=48911040

Compilation events (10 events):
Event: 1.722 Thread 0x00000000086de800  323             com.android.dx.util.FixedSizeList::shrinkToFit (103 bytes)
Event: 1.725 Thread 0x00000000086de800 nmethod 323 0x000000000297b810 code [0x000000000297b960, 0x000000000297bcd8]
Event: 1.727 Thread 0x00000000086d4800  324             com.android.dx.ssa.back.LivenessAnalyzer::coInterferePhis (128 bytes)
Event: 1.730 Thread 0x00000000086de800  325             com.android.dx.cf.iface.StdAttributeList::get (9 bytes)
Event: 1.731 Thread 0x00000000086de800 nmethod 325 0x0000000002960650 code [0x00000000029607a0, 0x0000000002960898]
Event: 1.733 Thread 0x00000000086d4800 nmethod 324 0x00000000029920d0 code [0x00000000029922a0, 0x00000000029929e8]
Event: 1.806 Thread 0x00000000086de800  326             com.android.dx.rop.code.ThrowingCstInsn::withNewRegisters (25 bytes)
Event: 1.807 Thread 0x00000000086de800 nmethod 326 0x000000000297b210 code [0x000000000297b360, 0x000000000297b578]
Event: 1.808 Thread 0x00000000086d4800  327             com.android.dx.ssa.SsaMethod::makeExitBlock (134 bytes)
Event: 1.810 Thread 0x00000000086de800  328             com.android.dx.ssa.back.SsaToRop::convertBasicBlocks (151 bytes)

GC Heap History (2 events):
Event: 1.253 GC heap before
{Heap before GC invocations=1 (full 0):
 PSYoungGen      total 38400K, used 33280K [0x00000000eaa80000, 0x00000000ed500000, 0x0000000100000000)
  eden space 33280K, 100% used [0x00000000eaa80000,0x00000000ecb00000,0x00000000ecb00000)
  from space 5120K, 0% used [0x00000000ed000000,0x00000000ed000000,0x00000000ed500000)
  to   space 5120K, 0% used [0x00000000ecb00000,0x00000000ecb00000,0x00000000ed000000)
 ParOldGen       total 86528K, used 0K [0x00000000c0000000, 0x00000000c5480000, 0x00000000eaa80000)
  object space 86528K, 0% used [0x00000000c0000000,0x00000000c0000000,0x00000000c5480000)
 PSPermGen       total 21504K, used 5526K [0x00000000bae00000, 0x00000000bc300000, 0x00000000c0000000)
  object space 21504K, 25% used [0x00000000bae00000,0x00000000bb365a50,0x00000000bc300000)
Event: 1.308 GC heap after
Heap after GC invocations=1 (full 0):
 PSYoungGen      total 38400K, used 5095K [0x00000000eaa80000, 0x00000000ed500000, 0x0000000100000000)
  eden space 33280K, 0% used [0x00000000eaa80000,0x00000000eaa80000,0x00000000ecb00000)
  from space 5120K, 99% used [0x00000000ecb00000,0x00000000ecff9c78,0x00000000ed000000)
  to   space 5120K, 0% used [0x00000000ed000000,0x00000000ed000000,0x00000000ed500000)
 ParOldGen       total 86528K, used 1734K [0x00000000c0000000, 0x00000000c5480000, 0x00000000eaa80000)
  object space 86528K, 2% used [0x00000000c0000000,0x00000000c01b19c8,0x00000000c5480000)
 PSPermGen       total 21504K, used 5526K [0x00000000bae00000, 0x00000000bc300000, 0x00000000c0000000)
  object space 21504K, 25% used [0x00000000bae00000,0x00000000bb365a50,0x00000000bc300000)
}

Deoptimization events (10 events):
Event: 0.423 Thread 0x0000000002740800 Uncommon trap: reason=bimorphic action=maybe_recompile pc=0x00000000028b58cc method=com.android.dx.ssa.NormalSsaInsn.accept(Lcom/android/dx/ssa/SsaInsn$Visitor;)V @ 9
Event: 0.424 Thread 0x0000000002740800 Uncommon trap: reason=bimorphic action=maybe_recompile pc=0x00000000028b58cc method=com.android.dx.ssa.NormalSsaInsn.accept(Lcom/android/dx/ssa/SsaInsn$Visitor;)V @ 9
Event: 0.424 Thread 0x0000000002740800 Uncommon trap: reason=bimorphic action=maybe_recompile pc=0x00000000028b58cc method=com.android.dx.ssa.NormalSsaInsn.accept(Lcom/android/dx/ssa/SsaInsn$Visitor;)V @ 9
Event: 0.715 Thread 0x0000000002740800 Uncommon trap: reason=null_check action=make_not_entrant pc=0x00000000028f3bc0 method=com.android.dx.rop.code.RegisterSpec.equals(Ljava/lang/Object;)Z @ 1
Event: 0.838 Thread 0x0000000002740800 Uncommon trap: reason=null_check action=make_not_entrant pc=0x00000000028fb83c method=com.android.dx.ssa.SsaRenamer.getLocalForNewReg(I)Lcom/android/dx/rop/code/LocalItem; @ 19
Event: 1.118 Thread 0x0000000002740800 Uncommon trap: reason=unreached action=reinterpret pc=0x000000000290558c method=com.android.dx.ssa.SCCP.simulateBranch(Lcom/android/dx/ssa/SsaInsn;)V @ 132
Event: 1.329 Thread 0x0000000002740800 Uncommon trap: reason=unreached action=reinterpret pc=0x00000000028bcc44 method=com.android.dx.rop.cst.Constant.compareTo(Lcom/android/dx/rop/cst/Constant;)I @ 12
Event: 1.338 Thread 0x0000000002740800 Uncommon trap: reason=bimorphic action=maybe_recompile pc=0x0000000002912788 method=java.util.HashMap.put(Ljava/lang/Object;Ljava/lang/Object;)Ljava/lang/Object; @ 83
Event: 1.472 Thread 0x0000000002740800 Uncommon trap: reason=null_check action=make_not_entrant pc=0x0000000002954b70 method=com.android.dx.cf.code.Ropper$CatchInfo.getSetup(Lcom/android/dx/rop/type/Type;)Lcom/android/dx/cf/code/Ropper$ExceptionHandlerSetup; @ 10
Event: 1.615 Thread 0x0000000002740800 Uncommon trap: reason=unreached action=reinterpret pc=0x0000000002989d44 method=com.android.dx.cf.code.Ropper.processBlock(Lcom/android/dx/cf/code/ByteBlock;Lcom/android/dx/cf/code/Frame;[I)V @ 963

Internal exceptions (10 events):
Event: 0.322 Thread 0x0000000002740800 Threw 0x00000000eb4928f0 at C:\re\jdk7u75\1940\hotspot\src\share\vm\prims\jvm.cpp:1281
Event: 0.404 Thread 0x0000000002740800 Threw 0x00000000eb635628 at C:\re\jdk7u75\1940\hotspot\src\share\vm\prims\jvm.cpp:1281
Event: 0.418 Thread 0x0000000002740800 Implicit null exception at 0x00000000028bd4a3 to 0x00000000028bd7cd
Event: 0.447 Thread 0x0000000002740800 Threw 0x00000000eb7862c0 at C:\re\jdk7u75\1940\hotspot\src\share\vm\prims\jvm.cpp:1281
Event: 0.715 Thread 0x0000000002740800 Implicit null exception at 0x00000000028f2bd2 to 0x00000000028f3b91
Event: 0.731 Thread 0x0000000002740800 Threw 0x00000000ebe6ad30 at C:\re\jdk7u75\1940\hotspot\src\share\vm\prims\jvm.cpp:1281
Event: 0.838 Thread 0x0000000002740800 Implicit null exception at 0x00000000028fa5ca to 0x00000000028fb811
Event: 1.024 Thread 0x0000000002740800 Threw 0x00000000ec2ef340 at C:\re\jdk7u75\1940\hotspot\src\share\vm\prims\jvm.cpp:1281
Event: 1.118 Thread 0x0000000002740800 Threw 0x00000000ec54d6a8 at C:\re\jdk7u75\1940\hotspot\src\share\vm\prims\jvm.cpp:1281
Event: 1.472 Thread 0x0000000002740800 Implicit null exception at 0x0000000002952a50 to 0x0000000002954b59

Events (10 events):
Event: 1.329 Thread 0x0000000002740800 DEOPT UNPACKING pc=0x00000000028775a4 sp=0x000000000268e8b0 mode 2
Event: 1.338 Thread 0x0000000002740800 Uncommon trap: trap_request=0xffffffc6 fr.pc=0x0000000002912788
Event: 1.338 Thread 0x0000000002740800 DEOPT PACKING pc=0x0000000002912788 sp=0x000000000268ec10
Event: 1.338 Thread 0x0000000002740800 DEOPT UNPACKING pc=0x00000000028775a4 sp=0x000000000268ebb8 mode 2
Event: 1.472 Thread 0x0000000002740800 Uncommon trap: trap_request=0xfffffff4 fr.pc=0x0000000002954b70
Event: 1.472 Thread 0x0000000002740800 DEOPT PACKING pc=0x0000000002954b70 sp=0x000000000268ede0
Event: 1.472 Thread 0x0000000002740800 DEOPT UNPACKING pc=0x00000000028775a4 sp=0x000000000268ed18 mode 2
Event: 1.615 Thread 0x0000000002740800 Uncommon trap: trap_request=0xffffffad fr.pc=0x0000000002989d44
Event: 1.615 Thread 0x0000000002740800 DEOPT PACKING pc=0x0000000002989d44 sp=0x000000000268ede0
Event: 1.615 Thread 0x0000000002740800 DEOPT UNPACKING pc=0x00000000028775a4 sp=0x000000000268ed88 mode 2


Dynamic libraries:
0x00007ff7edae0000 - 0x00007ff7edb13000 	C:\Program Files\Java\jdk1.7.0_75\bin\java.exe
0x00007ffd74d70000 - 0x00007ffd74f1c000 	C:\WINDOWS\SYSTEM32\ntdll.dll
0x00007ffd748e0000 - 0x00007ffd74a1e000 	C:\WINDOWS\system32\KERNEL32.DLL
0x00007ffd72020000 - 0x00007ffd72135000 	C:\WINDOWS\system32\KERNELBASE.dll
0x00007ffd70960000 - 0x00007ffd709ee000 	C:\WINDOWS\system32\apphelp.dll
0x00007ffd6f730000 - 0x00007ffd6f783000 	C:\WINDOWS\AppPatch\AppPatch64\AcGenral.DLL
0x00007ffd72680000 - 0x00007ffd7272a000 	C:\WINDOWS\system32\msvcrt.dll
0x00007ffd71cd0000 - 0x00007ffd71cfe000 	C:\WINDOWS\SYSTEM32\SspiCli.dll
0x00007ffd74c50000 - 0x00007ffd74ca4000 	C:\WINDOWS\system32\SHLWAPI.dll
0x00007ffd72e00000 - 0x00007ffd72f77000 	C:\WINDOWS\system32\USER32.dll
0x00007ffd72ae0000 - 0x00007ffd72c74000 	C:\WINDOWS\system32\ole32.dll
0x00007ffd731e0000 - 0x00007ffd746f8000 	C:\WINDOWS\system32\SHELL32.dll
0x00007ffd714a0000 - 0x00007ffd714c1000 	C:\WINDOWS\SYSTEM32\USERENV.dll
0x00007ffd747c0000 - 0x00007ffd7486a000 	C:\WINDOWS\system32\ADVAPI32.dll
0x00007ffd61350000 - 0x00007ffd6136e000 	C:\WINDOWS\SYSTEM32\MPR.dll
0x00007ffd72730000 - 0x00007ffd72871000 	C:\WINDOWS\system32\RPCRT4.dll
0x00007ffd74880000 - 0x00007ffd748d9000 	C:\WINDOWS\SYSTEM32\sechost.dll
0x00007ffd74a30000 - 0x00007ffd74c41000 	C:\WINDOWS\SYSTEM32\combase.dll
0x00007ffd72980000 - 0x00007ffd72ad1000 	C:\WINDOWS\system32\GDI32.dll
0x00007ffd71ea0000 - 0x00007ffd71eb5000 	C:\WINDOWS\SYSTEM32\profapi.dll
0x00007ffd709f0000 - 0x00007ffd70aa2000 	C:\WINDOWS\SYSTEM32\SHCORE.dll
0x00007ffd72940000 - 0x00007ffd72976000 	C:\WINDOWS\system32\IMM32.DLL
0x00007ffd72c80000 - 0x00007ffd72dd2000 	C:\WINDOWS\system32\MSCTF.dll
0x00007ffd6f830000 - 0x00007ffd6faab000 	C:\WINDOWS\WinSxS\amd64_microsoft.windows.common-controls_6595b64144ccf1df_6.0.9600.17415_none_6240486fecbd8abb\COMCTL32.dll
0x00000000763c0000 - 0x0000000076492000 	C:\Program Files\Java\jdk1.7.0_75\jre\bin\msvcr100.dll
0x0000000076850000 - 0x0000000077024000 	C:\Program Files\Java\jdk1.7.0_75\jre\bin\server\jvm.dll
0x00007ffd6a1b0000 - 0x00007ffd6a1b9000 	C:\WINDOWS\SYSTEM32\WSOCK32.dll
0x00007ffd6fca0000 - 0x00007ffd6fcc2000 	C:\WINDOWS\SYSTEM32\WINMM.dll
0x00007ffd731d0000 - 0x00007ffd731d7000 	C:\WINDOWS\system32\PSAPI.DLL
0x00007ffd74cb0000 - 0x00007ffd74d0a000 	C:\WINDOWS\system32\WS2_32.dll
0x00007ffd6f790000 - 0x00007ffd6f7ba000 	C:\WINDOWS\SYSTEM32\WINMMBASE.dll
0x00007ffd73010000 - 0x00007ffd73019000 	C:\WINDOWS\system32\NSI.dll
0x00007ffd71fd0000 - 0x00007ffd7201f000 	C:\WINDOWS\SYSTEM32\cfgmgr32.dll
0x00007ffd70c90000 - 0x00007ffd70cb8000 	C:\WINDOWS\SYSTEM32\DEVOBJ.dll
0x00000000513e0000 - 0x00000000513ef000 	C:\Program Files\Java\jdk1.7.0_75\jre\bin\verify.dll
0x00000000513b0000 - 0x00000000513d8000 	C:\Program Files\Java\jdk1.7.0_75\jre\bin\java.dll
0x0000000051390000 - 0x00000000513a5000 	C:\Program Files\Java\jdk1.7.0_75\jre\bin\zip.dll
0x0000000051370000 - 0x0000000051389000 	C:\Program Files\Java\jdk1.7.0_75\jre\bin\net.dll
0x00007ffd715b0000 - 0x00007ffd71609000 	C:\WINDOWS\system32\mswsock.dll
0x0000000051350000 - 0x0000000051361000 	C:\Program Files\Java\jdk1.7.0_75\jre\bin\nio.dll

VM Arguments:
jvm_args: -Xmx1024M -Dfile.encoding=windows-1252 -Duser.country=US -Duser.language=en -Duser.variant 
java_command: com.android.dx.command.Main --dex --output C:\Users\jasonhk1020\Desktop\Hmmm\app\build\intermediates\pre-dexed\debug\classes-1c95189bada429ccaf6bd5094d3e7772fd188f3d.jar C:\Users\jasonhk1020\Desktop\Hmmm\app\build\intermediates\exploded-aar\com.android.support\support-v4\22.1.1\classes.jar
Launcher Type: SUN_STANDARD

Environment Variables:
PATH=C:\ProgramData\Oracle\Java\javapath;C:\Program Files (x86)\Common Files\Intel\Shared Files\cpp\bin\Intel64;C:\Program Files (x86)\NVIDIA Corporation\PhysX\Common;C:\Program Files (x86)\Intel\iCLS Client\;C:\Program Files\Intel\iCLS Client\;C:\WINDOWS\system32;C:\WINDOWS;C:\WINDOWS\System32\Wbem;C:\WINDOWS\System32\WindowsPowerShell\v1.0\;C:\Program Files\Intel\Intel(R) Management Engine Components\DAL;C:\Program Files\Intel\Intel(R) Management Engine Components\IPT;C:\Program Files (x86)\Intel\Intel(R) Management Engine Components\DAL;C:\Program Files (x86)\Intel\Intel(R) Management Engine Components\IPT;C:\Program Files\MATLAB\R2012b\bin;C:\Program Files (x86)\QuickTime\QTSystem\;C:\Program Files (x86)\Skype\Phone\;C:\Program Files\nodejs\;C:\Users\jasonhk1020\AppData\Roaming\npm
USERNAME=jasonhk1020
OS=Windows_NT
PROCESSOR_IDENTIFIER=Intel64 Family 6 Model 58 Stepping 9, GenuineIntel



---------------  S Y S T E M  ---------------

OS: Windows 8.1 , 64 bit Build 9600 

CPU:total 4 (4 cores per cpu, 1 threads per core) family 6 model 58 stepping 9, cmov, cx8, fxsr, mmx, sse, sse2, sse3, ssse3, sse4.1, sse4.2, popcnt, avx, aes, erms, tsc, tscinvbit, tscinv

Memory: 4k page, physical 8342752k(1666324k free), swap 33508576k(5080k free)

vm_info: Java HotSpot(TM) 64-Bit Server VM (24.75-b04) for windows-amd64 JRE (1.7.0_75-b13), built on Dec 18 2014 17:15:01 by "java_re" with unknown MS VC++:1600

time: Fri May 08 20:10:05 2015
elapsed time: 1 seconds

