#
# There is insufficient memory for the Java Runtime Environment to continue.
# Native memory allocation (malloc) failed to allocate 533696 bytes for Chunk::new
# Possible reasons:
#   The system is out of physical RAM or swap space
#   In 32 bit mode, the process size limit was hit
# Possible solutions:
#   Reduce memory load on the system
#   Increase physical memory or swap space
#   Check if swap backing store is full
#   Use 64 bit Java on a 64 bit OS
#   Decrease Java heap size (-Xmx/-Xms)
#   Decrease number of Java threads
#   Decrease Java thread stack sizes (-Xss)
#   Set larger code cache with -XX:ReservedCodeCacheSize=
# This output file may be truncated or incomplete.
#
#  Out of Memory Error (allocation.cpp:323), pid=2148, tid=320
#
# JRE version: Java(TM) SE Runtime Environment (7.0_75-b13) (build 1.7.0_75-b13)
# Java VM: Java HotSpot(TM) 64-Bit Server VM (24.75-b04 mixed mode windows-amd64 compressed oops)
# Failed to write core dump. Minidumps are not enabled by default on client versions of Windows
#

---------------  T H R E A D  ---------------

Current thread (0x000000000836c000):  JavaThread "C2 CompilerThread0" daemon [_thread_in_native, id=320, stack(0x00000000098d0000,0x00000000099d0000)]

Stack: [0x00000000098d0000,0x00000000099d0000]
[error occurred during error reporting (printing stack bounds), id 0xc0000005]


Current CompileTask:
C2:   2968  505             com.android.dx.cf.code.Simulator$SimVisitor::visitConstant (332 bytes)


---------------  P R O C E S S  ---------------

Java Threads: ( => current thread )
  0x0000000008374000 JavaThread "Service Thread" daemon [_thread_blocked, id=5964, stack(0x0000000009ad0000,0x0000000009bd0000)]
  0x000000000836e000 JavaThread "C2 CompilerThread1" daemon [_thread_in_native, id=2168, stack(0x00000000099d0000,0x0000000009ad0000)]
=>0x000000000836c000 JavaThread "C2 CompilerThread0" daemon [_thread_in_native, id=320, stack(0x00000000098d0000,0x00000000099d0000)]
  0x000000000836b000 JavaThread "Attach Listener" daemon [_thread_blocked, id=8672, stack(0x00000000097d0000,0x00000000098d0000)]
  0x0000000008368000 JavaThread "Signal Dispatcher" daemon [_thread_blocked, id=7472, stack(0x00000000096d0000,0x00000000097d0000)]
  0x000000000832f000 JavaThread "Finalizer" daemon [_thread_blocked, id=10200, stack(0x00000000095d0000,0x00000000096d0000)]
  0x0000000008326000 JavaThread "Reference Handler" daemon [_thread_blocked, id=12204, stack(0x00000000094d0000,0x00000000095d0000)]
  0x00000000023d0800 JavaThread "main" [_thread_in_Java, id=7252, stack(0x0000000002290000,0x0000000002390000)]

Other Threads:
  0x0000000008322000 VMThread [stack: 0x00000000093d0000,0x00000000094d0000] [id=7492]
  0x0000000008382800 WatcherThread [stack: 0x0000000009bd0000,0x0000000009cd0000] [id=5816]

VM state:not at safepoint (normal execution)

VM Mutex/Monitor currently owned by a thread: None

Heap
 PSYoungGen      total 71680K, used 11689K [0x00000000eaa80000, 0x00000000f3680000, 0x0000000100000000)
  eden space 66560K, 9% used [0x00000000eaa80000,0x00000000eb0ef118,0x00000000eeb80000)
  from space 5120K, 99% used [0x00000000eeb80000,0x00000000ef07b688,0x00000000ef080000)
  to   space 5120K, 0% used [0x00000000f3180000,0x00000000f3180000,0x00000000f3680000)
 ParOldGen       total 86528K, used 17592K [0x00000000c0000000, 0x00000000c5480000, 0x00000000eaa80000)
  object space 86528K, 20% used [0x00000000c0000000,0x00000000c112e3f8,0x00000000c5480000)
 PSPermGen       total 21504K, used 5642K [0x00000000bae00000, 0x00000000bc300000, 0x00000000c0000000)
  object space 21504K, 26% used [0x00000000bae00000,0x00000000bb382870,0x00000000bc300000)

Card table byte_map: [0x0000000005590000,0x00000000057c0000] byte_map_base: 0x0000000004fb9000

Polling page: 0x0000000000ae0000

Code Cache  [0x00000000024d0000, 0x0000000002740000, 0x00000000054d0000)
 total_blobs=735 nmethods=501 adapters=186 free_code_cache=47112Kb largest_free_block=48191168

Compilation events (10 events):
Event: 2.952 Thread 0x000000000836e000  503             com.android.dx.ssa.SsaBasicBlock::replaceSuccessor (125 bytes)
Event: 2.958 Thread 0x000000000836c000  504             com.android.dx.cf.code.BaseMachine::auxCstArg (20 bytes)
Event: 2.958 Thread 0x000000000836c000 nmethod 504 0x00000000026cde90 code [0x00000000026cdfc0, 0x00000000026ce038]
Event: 2.959 Thread 0x000000000836c000  505             com.android.dx.cf.code.Simulator$SimVisitor::visitConstant (332 bytes)
Event: 2.960 Thread 0x000000000836e000 nmethod 503 0x00000000026ce510 code [0x00000000026ce6c0, 0x00000000026cee78]
Event: 2.960 Thread 0x000000000836e000  506             com.android.dx.rop.code.RegisterSpec::getBasicType (10 bytes)
Event: 2.960 Thread 0x000000000836e000 nmethod 506 0x00000000026ce250 code [0x00000000026ce3a0, 0x00000000026ce438]
Event: 2.961 Thread 0x000000000836e000  507             com.android.dx.cf.direct.DirectClassFile::getConstantPool (9 bytes)
Event: 2.961 Thread 0x000000000836e000 nmethod 507 0x0000000002544f90 code [0x00000000025450e0, 0x0000000002545168]
Event: 2.964 Thread 0x000000000836e000  508             com.android.dx.cf.code.ByteCatchList::toTargetList (114 bytes)

GC Heap History (6 events):
Event: 1.329 GC heap before
{Heap before GC invocations=1 (full 0):
 PSYoungGen      total 38400K, used 33280K [0x00000000eaa80000, 0x00000000ed500000, 0x0000000100000000)
  eden space 33280K, 100% used [0x00000000eaa80000,0x00000000ecb00000,0x00000000ecb00000)
  from space 5120K, 0% used [0x00000000ed000000,0x00000000ed000000,0x00000000ed500000)
  to   space 5120K, 0% used [0x00000000ecb00000,0x00000000ecb00000,0x00000000ed000000)
 ParOldGen       total 86528K, used 0K [0x00000000c0000000, 0x00000000c5480000, 0x00000000eaa80000)
  object space 86528K, 0% used [0x00000000c0000000,0x00000000c0000000,0x00000000c5480000)
 PSPermGen       total 21504K, used 5542K [0x00000000bae00000, 0x00000000bc300000, 0x00000000c0000000)
  object space 21504K, 25% used [0x00000000bae00000,0x00000000bb369ad8,0x00000000bc300000)
Event: 1.389 GC heap after
Heap after GC invocations=1 (full 0):
 PSYoungGen      total 38400K, used 5101K [0x00000000eaa80000, 0x00000000ef580000, 0x0000000100000000)
  eden space 33280K, 0% used [0x00000000eaa80000,0x00000000eaa80000,0x00000000ecb00000)
  from space 5120K, 99% used [0x00000000ecb00000,0x00000000ecffb7f0,0x00000000ed000000)
  to   space 5120K, 0% used [0x00000000ef080000,0x00000000ef080000,0x00000000ef580000)
 ParOldGen       total 86528K, used 1667K [0x00000000c0000000, 0x00000000c5480000, 0x00000000eaa80000)
  object space 86528K, 1% used [0x00000000c0000000,0x00000000c01a0e68,0x00000000c5480000)
 PSPermGen       total 21504K, used 5542K [0x00000000bae00000, 0x00000000bc300000, 0x00000000c0000000)
  object space 21504K, 25% used [0x00000000bae00000,0x00000000bb369ad8,0x00000000bc300000)
}
Event: 2.085 GC heap before
{Heap before GC invocations=2 (full 0):
 PSYoungGen      total 38400K, used 38381K [0x00000000eaa80000, 0x00000000ef580000, 0x0000000100000000)
  eden space 33280K, 100% used [0x00000000eaa80000,0x00000000ecb00000,0x00000000ecb00000)
  from space 5120K, 99% used [0x00000000ecb00000,0x00000000ecffb7f0,0x00000000ed000000)
  to   space 5120K, 0% used [0x00000000ef080000,0x00000000ef080000,0x00000000ef580000)
 ParOldGen       total 86528K, used 1667K [0x00000000c0000000, 0x00000000c5480000, 0x00000000eaa80000)
  object space 86528K, 1% used [0x00000000c0000000,0x00000000c01a0e68,0x00000000c5480000)
 PSPermGen       total 21504K, used 5593K [0x00000000bae00000, 0x00000000bc300000, 0x00000000c0000000)
  object space 21504K, 26% used [0x00000000bae00000,0x00000000bb3765d8,0x00000000bc300000)
Event: 2.097 GC heap after
Heap after GC invocations=2 (full 0):
 PSYoungGen      total 71680K, used 5109K [0x00000000eaa80000, 0x00000000ef580000, 0x0000000100000000)
  eden space 66560K, 0% used [0x00000000eaa80000,0x00000000eaa80000,0x00000000eeb80000)
  from space 5120K, 99% used [0x00000000ef080000,0x00000000ef57d6e0,0x00000000ef580000)
  to   space 5120K, 0% used [0x00000000eeb80000,0x00000000eeb80000,0x00000000ef080000)
 ParOldGen       total 86528K, used 6749K [0x00000000c0000000, 0x00000000c5480000, 0x00000000eaa80000)
  object space 86528K, 7% used [0x00000000c0000000,0x00000000c0697748,0x00000000c5480000)
 PSPermGen       total 21504K, used 5593K [0x00000000bae00000, 0x00000000bc300000, 0x00000000c0000000)
  object space 21504K, 26% used [0x00000000bae00000,0x00000000bb3765d8,0x00000000bc300000)
}
Event: 2.930 GC heap before
{Heap before GC invocations=3 (full 0):
 PSYoungGen      total 71680K, used 71669K [0x00000000eaa80000, 0x00000000ef580000, 0x0000000100000000)
  eden space 66560K, 100% used [0x00000000eaa80000,0x00000000eeb80000,0x00000000eeb80000)
  from space 5120K, 99% used [0x00000000ef080000,0x00000000ef57d6e0,0x00000000ef580000)
  to   space 5120K, 0% used [0x00000000eeb80000,0x00000000eeb80000,0x00000000ef080000)
 ParOldGen       total 86528K, used 6749K [0x00000000c0000000, 0x00000000c5480000, 0x00000000eaa80000)
  object space 86528K, 7% used [0x00000000c0000000,0x00000000c0697748,0x00000000c5480000)
 PSPermGen       total 21504K, used 5639K [0x00000000bae00000, 0x00000000bc300000, 0x00000000c0000000)
  object space 21504K, 26% used [0x00000000bae00000,0x00000000bb381e78,0x00000000bc300000)
Event: 2.948 GC heap after
Heap after GC invocations=3 (full 0):
 PSYoungGen      total 71680K, used 5101K [0x00000000eaa80000, 0x00000000f3680000, 0x0000000100000000)
  eden space 66560K, 0% used [0x00000000eaa80000,0x00000000eaa80000,0x00000000eeb80000)
  from space 5120K, 99% used [0x00000000eeb80000,0x00000000ef07b688,0x00000000ef080000)
  to   space 5120K, 0% used [0x00000000f3180000,0x00000000f3180000,0x00000000f3680000)
 ParOldGen       total 86528K, used 17592K [0x00000000c0000000, 0x00000000c5480000, 0x00000000eaa80000)
  object space 86528K, 20% used [0x00000000c0000000,0x00000000c112e3f8,0x00000000c5480000)
 PSPermGen       total 21504K, used 5639K [0x00000000bae00000, 0x00000000bc300000, 0x00000000c0000000)
  object space 21504K, 26% used [0x00000000bae00000,0x00000000bb381e78,0x00000000bc300000)
}

Deoptimization events (10 events):
Event: 2.073 Thread 0x00000000023d0800 Uncommon trap: reason=unreached action=reinterpret pc=0x00000000025ad794 method=com.android.dx.rop.code.LocalVariableExtractor.processBlock(I)V @ 195
Event: 2.080 Thread 0x00000000023d0800 Uncommon trap: reason=class_check action=maybe_recompile pc=0x000000000259def0 method=java.util.HashMap.put(Ljava/lang/Object;Ljava/lang/Object;)Ljava/lang/Object; @ 83
Event: 2.240 Thread 0x00000000023d0800 Uncommon trap: reason=unreached action=reinterpret pc=0x00000000026418f8 method=com.android.dx.rop.code.LocalItem.compareHandlesNulls(Lcom/android/dx/rop/cst/CstString;Lcom/android/dx/rop/cst/CstString;)I @ 8
Event: 2.240 Thread 0x00000000023d0800 Uncommon trap: reason=unreached action=reinterpret pc=0x00000000026075ac method=com.android.dx.rop.code.LocalItem.compareHandlesNulls(Lcom/android/dx/rop/cst/CstString;Lcom/android/dx/rop/cst/CstString;)I @ 8
Event: 2.243 Thread 0x00000000023d0800 Uncommon trap: reason=unreached action=reinterpret pc=0x00000000025c7f78 method=com.android.dx.rop.code.LocalItem.compareHandlesNulls(Lcom/android/dx/rop/cst/CstString;Lcom/android/dx/rop/cst/CstString;)I @ 8
Event: 2.288 Thread 0x00000000023d0800 Uncommon trap: reason=null_check action=make_not_entrant pc=0x000000000258d2c8 method=com.android.dx.dex.file.MethodIdsSection.intern(Lcom/android/dx/rop/cst/CstBaseMethodRef;)Lcom/android/dx/dex/file/MethodIdItem; @ 26
Event: 2.558 Thread 0x00000000023d0800 Uncommon trap: reason=bimorphic action=maybe_recompile pc=0x000000000268046c method=java.util.HashMap.put(Ljava/lang/Object;Ljava/lang/Object;)Ljava/lang/Object; @ 83
Event: 2.566 Thread 0x00000000023d0800 Uncommon trap: reason=bimorphic action=maybe_recompile pc=0x000000000268046c method=java.util.HashMap.put(Ljava/lang/Object;Ljava/lang/Object;)Ljava/lang/Object; @ 83
Event: 2.763 Thread 0x00000000023d0800 Uncommon trap: reason=null_check action=make_not_entrant pc=0x00000000026c8258 method=com.android.dx.dex.file.FieldIdsSection.intern(Lcom/android/dx/rop/cst/CstFieldRef;)Lcom/android/dx/dex/file/FieldIdItem; @ 26
Event: 2.956 Thread 0x00000000023d0800 Uncommon trap: reason=unreached action=reinterpret pc=0x0000000002663304 method=com.android.dx.cf.code.RopperMachine.jopToRopOpcode(ILcom/android/dx/rop/cst/Constant;)I @ 1044

Internal exceptions (10 events):
Event: 0.920 Thread 0x00000000023d0800 Implicit null exception at 0x0000000002586981 to 0x0000000002587be5
Event: 0.940 Thread 0x00000000023d0800 Implicit null exception at 0x000000000258be06 to 0x000000000258cd4d
Event: 1.078 Thread 0x00000000023d0800 Implicit null exception at 0x0000000002576412 to 0x0000000002576502
Event: 1.119 Thread 0x00000000023d0800 Threw 0x00000000ec4c9b70 at C:\re\jdk7u75\1940\hotspot\src\share\vm\prims\jvm.cpp:1281
Event: 1.478 Thread 0x00000000023d0800 Implicit null exception at 0x00000000025c51f3 to 0x00000000025c58d1
Event: 2.240 Thread 0x00000000023d0800 Implicit null exception at 0x00000000026416a4 to 0x00000000026418e5
Event: 2.240 Thread 0x00000000023d0800 Implicit null exception at 0x0000000002606c8c to 0x0000000002607571
Event: 2.241 Thread 0x00000000023d0800 Threw 0x00000000eaf29068 at C:\re\jdk7u75\1940\hotspot\src\share\vm\prims\jvm.cpp:1281
Event: 2.243 Thread 0x00000000023d0800 Implicit null exception at 0x00000000025c7e58 to 0x00000000025c7f65
Event: 2.288 Thread 0x00000000023d0800 Implicit null exception at 0x000000000258c438 to 0x000000000258d2b9

Events (10 events):
Event: 2.763 Thread 0x00000000023d0800 Uncommon trap: trap_request=0xfffffff4 fr.pc=0x00000000026c8258
Event: 2.763 Thread 0x00000000023d0800 DEOPT PACKING pc=0x00000000026c8258 sp=0x000000000238f010
Event: 2.763 Thread 0x00000000023d0800 DEOPT UNPACKING pc=0x00000000025075a4 sp=0x000000000238ef68 mode 2
Event: 2.930 Executing VM operation: ParallelGCFailedAllocation
Event: 2.948 Executing VM operation: ParallelGCFailedAllocation done
Event: 2.956 Thread 0x00000000023d0800 Uncommon trap: trap_request=0xffffffad fr.pc=0x0000000002663304
Event: 2.956 Thread 0x00000000023d0800 DEOPT PACKING pc=0x0000000002663304 sp=0x000000000238eb60
Event: 2.956 Thread 0x00000000023d0800 DEOPT UNPACKING pc=0x00000000025075a4 sp=0x000000000238eae8 mode 2
Event: 2.960 Thread 0x000000000836e000 flushing nmethod 0x0000000002544a90
Event: 2.961 Thread 0x000000000836e000 flushing nmethod 0x000000000255c9d0


Dynamic libraries:
0x00007ff7edae0000 - 0x00007ff7edb13000 	C:\Program Files\Java\jdk1.7.0_75\bin\java.exe
0x00007ffd74d70000 - 0x00007ffd74f1c000 	C:\WINDOWS\SYSTEM32\ntdll.dll
0x00007ffd748e0000 - 0x00007ffd74a1e000 	C:\WINDOWS\system32\KERNEL32.DLL
0x00007ffd72020000 - 0x00007ffd72135000 	C:\WINDOWS\system32\KERNELBASE.dll
0x00007ffd70960000 - 0x00007ffd709ee000 	C:\WINDOWS\system32\apphelp.dll
0x00007ffd6f730000 - 0x00007ffd6f783000 	C:\WINDOWS\AppPatch\AppPatch64\AcGenral.DLL
0x00007ffd72680000 - 0x00007ffd7272a000 	C:\WINDOWS\system32\msvcrt.dll
0x00007ffd71cd0000 - 0x00007ffd71cfe000 	C:\WINDOWS\SYSTEM32\SspiCli.dll
0x00007ffd74c50000 - 0x00007ffd74ca4000 	C:\WINDOWS\system32\SHLWAPI.dll
0x00007ffd72e00000 - 0x00007ffd72f77000 	C:\WINDOWS\system32\USER32.dll
0x00007ffd72ae0000 - 0x00007ffd72c74000 	C:\WINDOWS\system32\ole32.dll
0x00007ffd731e0000 - 0x00007ffd746f8000 	C:\WINDOWS\system32\SHELL32.dll
0x00007ffd714a0000 - 0x00007ffd714c1000 	C:\WINDOWS\SYSTEM32\USERENV.dll
0x00007ffd747c0000 - 0x00007ffd7486a000 	C:\WINDOWS\system32\ADVAPI32.dll
0x00007ffd61350000 - 0x00007ffd6136e000 	C:\WINDOWS\SYSTEM32\MPR.dll
0x00007ffd72730000 - 0x00007ffd72871000 	C:\WINDOWS\system32\RPCRT4.dll
0x00007ffd74880000 - 0x00007ffd748d9000 	C:\WINDOWS\SYSTEM32\sechost.dll
0x00007ffd74a30000 - 0x00007ffd74c41000 	C:\WINDOWS\SYSTEM32\combase.dll
0x00007ffd72980000 - 0x00007ffd72ad1000 	C:\WINDOWS\system32\GDI32.dll
0x00007ffd71ea0000 - 0x00007ffd71eb5000 	C:\WINDOWS\SYSTEM32\profapi.dll
0x00007ffd709f0000 - 0x00007ffd70aa2000 	C:\WINDOWS\SYSTEM32\SHCORE.dll
0x00007ffd72940000 - 0x00007ffd72976000 	C:\WINDOWS\system32\IMM32.DLL
0x00007ffd72c80000 - 0x00007ffd72dd2000 	C:\WINDOWS\system32\MSCTF.dll
0x00007ffd6f830000 - 0x00007ffd6faab000 	C:\WINDOWS\WinSxS\amd64_microsoft.windows.common-controls_6595b64144ccf1df_6.0.9600.17415_none_6240486fecbd8abb\COMCTL32.dll
0x00000000763c0000 - 0x0000000076492000 	C:\Program Files\Java\jdk1.7.0_75\jre\bin\msvcr100.dll
0x0000000076850000 - 0x0000000077024000 	C:\Program Files\Java\jdk1.7.0_75\jre\bin\server\jvm.dll
0x00007ffd6a1b0000 - 0x00007ffd6a1b9000 	C:\WINDOWS\SYSTEM32\WSOCK32.dll
0x00007ffd6fca0000 - 0x00007ffd6fcc2000 	C:\WINDOWS\SYSTEM32\WINMM.dll
0x00007ffd731d0000 - 0x00007ffd731d7000 	C:\WINDOWS\system32\PSAPI.DLL
0x00007ffd74cb0000 - 0x00007ffd74d0a000 	C:\WINDOWS\system32\WS2_32.dll
0x00007ffd6f790000 - 0x00007ffd6f7ba000 	C:\WINDOWS\SYSTEM32\WINMMBASE.dll
0x00007ffd73010000 - 0x00007ffd73019000 	C:\WINDOWS\system32\NSI.dll
0x00007ffd71fd0000 - 0x00007ffd7201f000 	C:\WINDOWS\SYSTEM32\cfgmgr32.dll
0x00007ffd70c90000 - 0x00007ffd70cb8000 	C:\WINDOWS\SYSTEM32\DEVOBJ.dll
0x00000000513e0000 - 0x00000000513ef000 	C:\Program Files\Java\jdk1.7.0_75\jre\bin\verify.dll
0x00000000513b0000 - 0x00000000513d8000 	C:\Program Files\Java\jdk1.7.0_75\jre\bin\java.dll
0x0000000051390000 - 0x00000000513a5000 	C:\Program Files\Java\jdk1.7.0_75\jre\bin\zip.dll
0x0000000051370000 - 0x0000000051389000 	C:\Program Files\Java\jdk1.7.0_75\jre\bin\net.dll
0x00007ffd715b0000 - 0x00007ffd71609000 	C:\WINDOWS\system32\mswsock.dll
0x0000000051350000 - 0x0000000051361000 	C:\Program Files\Java\jdk1.7.0_75\jre\bin\nio.dll

VM Arguments:
jvm_args: -Xmx1024M -Dfile.encoding=windows-1252 -Duser.country=US -Duser.language=en -Duser.variant 
java_command: com.android.dx.command.Main --dex --output C:\Users\jasonhk1020\Desktop\Hmmm\app\build\intermediates\pre-dexed\debug\firebase-client-jvm-2.2.3-ef5b3fac8dba8ae0e7597396417d61db22cd7e2b.jar C:\Users\jasonhk1020\.gradle\caches\modules-2\files-2.1\com.firebase\firebase-client-jvm\2.2.3\e787a02a644f2681e4af82cdc88dd2f69877692b\firebase-client-jvm-2.2.3.jar
Launcher Type: SUN_STANDARD

Environment Variables:
PATH=C:\ProgramData\Oracle\Java\javapath;C:\Program Files (x86)\Common Files\Intel\Shared Files\cpp\bin\Intel64;C:\Program Files (x86)\NVIDIA Corporation\PhysX\Common;C:\Program Files (x86)\Intel\iCLS Client\;C:\Program Files\Intel\iCLS Client\;C:\WINDOWS\system32;C:\WINDOWS;C:\WINDOWS\System32\Wbem;C:\WINDOWS\System32\WindowsPowerShell\v1.0\;C:\Program Files\Intel\Intel(R) Management Engine Components\DAL;C:\Program Files\Intel\Intel(R) Management Engine Components\IPT;C:\Program Files (x86)\Intel\Intel(R) Management Engine Components\DAL;C:\Program Files (x86)\Intel\Intel(R) Management Engine Components\IPT;C:\Program Files\MATLAB\R2012b\bin;C:\Program Files (x86)\QuickTime\QTSystem\;C:\Program Files (x86)\Skype\Phone\;C:\Program Files\nodejs\;C:\Users\jasonhk1020\AppData\Roaming\npm
USERNAME=jasonhk1020
OS=Windows_NT
PROCESSOR_IDENTIFIER=Intel64 Family 6 Model 58 Stepping 9, GenuineIntel



---------------  S Y S T E M  ---------------

OS: Windows 8.1 , 64 bit Build 9600 

CPU:total 4 (4 cores per cpu, 1 threads per core) family 6 model 58 stepping 9, cmov, cx8, fxsr, mmx, sse, sse2, sse3, ssse3, sse4.1, sse4.2, popcnt, avx, aes, erms, tsc, tscinvbit, tscinv

Memory: 4k page, physical 8342752k(1623896k free), swap 33508576k(5816k free)

vm_info: Java HotSpot(TM) 64-Bit Server VM (24.75-b04) for windows-amd64 JRE (1.7.0_75-b13), built on Dec 18 2014 17:15:01 by "java_re" with unknown MS VC++:1600

time: Fri May 08 20:11:44 2015
elapsed time: 2 seconds

