#
# There is insufficient memory for the Java Runtime Environment to continue.
# Native memory allocation (malloc) failed to allocate 813856 bytes for Chunk::new
# Possible reasons:
#   The system is out of physical RAM or swap space
#   In 32 bit mode, the process size limit was hit
# Possible solutions:
#   Reduce memory load on the system
#   Increase physical memory or swap space
#   Check if swap backing store is full
#   Use 64 bit Java on a 64 bit OS
#   Decrease Java heap size (-Xmx/-Xms)
#   Decrease number of Java threads
#   Decrease Java thread stack sizes (-Xss)
#   Set larger code cache with -XX:ReservedCodeCacheSize=
# This output file may be truncated or incomplete.
#
#  Out of Memory Error (allocation.cpp:323), pid=5884, tid=9336
#
# JRE version: Java(TM) SE Runtime Environment (7.0_75-b13) (build 1.7.0_75-b13)
# Java VM: Java HotSpot(TM) 64-Bit Server VM (24.75-b04 mixed mode windows-amd64 compressed oops)
# Failed to write core dump. Minidumps are not enabled by default on client versions of Windows
#

---------------  T H R E A D  ---------------

Current thread (0x0000000008c4b800):  JavaThread "C2 CompilerThread0" daemon [_thread_in_native, id=9336, stack(0x000000000a1b0000,0x000000000a2b0000)]

Stack: [0x000000000a1b0000,0x000000000a2b0000]
[error occurred during error reporting (printing stack bounds), id 0xc0000005]


[error occurred during error reporting (printing native stack), id 0xc0000005]


Current CompileTask:
C2:   1174  206             com.android.dx.ssa.SCCP::run (298 bytes)


---------------  P R O C E S S  ---------------

Java Threads: ( => current thread )
  0x0000000008c5c000 JavaThread "Service Thread" daemon [_thread_blocked, id=11400, stack(0x000000000a3b0000,0x000000000a4b0000)]
  0x0000000008c4f800 JavaThread "C2 CompilerThread1" daemon [_thread_blocked, id=8724, stack(0x000000000a2b0000,0x000000000a3b0000)]
=>0x0000000008c4b800 JavaThread "C2 CompilerThread0" daemon [_thread_in_native, id=9336, stack(0x000000000a1b0000,0x000000000a2b0000)]
  0x0000000008c4a800 JavaThread "Attach Listener" daemon [_thread_blocked, id=10800, stack(0x000000000a0b0000,0x000000000a1b0000)]
  0x0000000008c47800 JavaThread "Signal Dispatcher" daemon [_thread_blocked, id=8448, stack(0x0000000009fb0000,0x000000000a0b0000)]
  0x0000000008c0f000 JavaThread "Finalizer" daemon [_thread_blocked, id=11324, stack(0x0000000009eb0000,0x0000000009fb0000)]
  0x0000000008c06000 JavaThread "Reference Handler" daemon [_thread_blocked, id=8152, stack(0x0000000009db0000,0x0000000009eb0000)]
  0x0000000002d70800 JavaThread "main" [_thread_in_Java, id=10560, stack(0x0000000002b70000,0x0000000002c70000)]

Other Threads:
  0x0000000008c02000 VMThread [stack: 0x0000000009cb0000,0x0000000009db0000] [id=4256]
  0x0000000008c6a800 WatcherThread [stack: 0x000000000a4b0000,0x000000000a5b0000] [id=8416]

VM state:not at safepoint (normal execution)

VM Mutex/Monitor currently owned by a thread: None

Heap
 PSYoungGen      total 38400K, used 26654K [0x00000000eaa80000, 0x00000000ed500000, 0x0000000100000000)
  eden space 33280K, 80% used [0x00000000eaa80000,0x00000000ec487a38,0x00000000ecb00000)
  from space 5120K, 0% used [0x00000000ed000000,0x00000000ed000000,0x00000000ed500000)
  to   space 5120K, 0% used [0x00000000ecb00000,0x00000000ecb00000,0x00000000ed000000)
 ParOldGen       total 86528K, used 0K [0x00000000c0000000, 0x00000000c5480000, 0x00000000eaa80000)
  object space 86528K, 0% used [0x00000000c0000000,0x00000000c0000000,0x00000000c5480000)
 PSPermGen       total 21504K, used 5517K [0x00000000bae00000, 0x00000000bc300000, 0x00000000c0000000)
  object space 21504K, 25% used [0x00000000bae00000,0x00000000bb3635f8,0x00000000bc300000)

Card table byte_map: [0x0000000005e70000,0x00000000060a0000] byte_map_base: 0x0000000005899000

Polling page: 0x0000000001330000

Code Cache  [0x0000000002e70000, 0x00000000030e0000, 0x0000000005e70000)
 total_blobs=443 nmethods=209 adapters=186 free_code_cache=48321Kb largest_free_block=49455232

Compilation events (10 events):
Event: 1.163 Thread 0x0000000008c4f800 nmethod 204 0x0000000002f13890 code [0x0000000002f139e0, 0x0000000002f13ad8]
Event: 1.164 Thread 0x0000000008c4b800 nmethod 202 0x0000000002f3d950 code [0x0000000002f3dac0, 0x0000000002f3dff8]
Event: 1.164 Thread 0x0000000008c4f800  205             com.android.dx.util.IntList::mutableCopy (39 bytes)
Event: 1.165 Thread 0x0000000008c4b800  206             com.android.dx.ssa.SCCP::run (298 bytes)
Event: 1.168 Thread 0x0000000008c4f800 nmethod 205 0x0000000002f3ce90 code [0x0000000002f3d000, 0x0000000002f3d5b8]
Event: 1.169 Thread 0x0000000008c4f800  207             com.android.dx.rop.type.Type::equals (31 bytes)
Event: 1.170 Thread 0x0000000008c4f800 nmethod 207 0x0000000002f37b50 code [0x0000000002f37ca0, 0x0000000002f37e18]
Event: 1.172 Thread 0x0000000008c4f800  208             java.util.ArrayList::ensureCapacity (28 bytes)
Event: 1.172 Thread 0x0000000008c4f800 nmethod 208 0x0000000002f13450 code [0x0000000002f135a0, 0x0000000002f136b8]
Event: 1.173 Thread 0x0000000008c4f800  209             com.android.dx.rop.code.PlainInsn::<init> (73 bytes)

GC Heap History (0 events):
No events

Deoptimization events (10 events):
Event: 0.310 Thread 0x0000000002d70800 Uncommon trap: reason=bimorphic action=maybe_recompile pc=0x0000000002eded44 method=java.util.HashMap.getEntry(Ljava/lang/Object;)Ljava/util/HashMap$Entry; @ 68
Event: 0.505 Thread 0x0000000002d70800 Uncommon trap: reason=class_check action=maybe_recompile pc=0x0000000002ee6f58 method=com.android.dx.ssa.NormalSsaInsn.accept(Lcom/android/dx/ssa/SsaInsn$Visitor;)V @ 9
Event: 0.505 Thread 0x0000000002d70800 Uncommon trap: reason=class_check action=maybe_recompile pc=0x0000000002ee6f58 method=com.android.dx.ssa.NormalSsaInsn.accept(Lcom/android/dx/ssa/SsaInsn$Visitor;)V @ 9
Event: 0.507 Thread 0x0000000002d70800 Uncommon trap: reason=class_check action=maybe_recompile pc=0x0000000002ee6f58 method=com.android.dx.ssa.NormalSsaInsn.accept(Lcom/android/dx/ssa/SsaInsn$Visitor;)V @ 9
Event: 0.507 Thread 0x0000000002d70800 Uncommon trap: reason=class_check action=maybe_recompile pc=0x0000000002ee6f58 method=com.android.dx.ssa.NormalSsaInsn.accept(Lcom/android/dx/ssa/SsaInsn$Visitor;)V @ 9
Event: 0.515 Thread 0x0000000002d70800 Uncommon trap: reason=null_check action=make_not_entrant pc=0x0000000002eee36c method=com.android.dx.rop.code.LocalItem.equals(Ljava/lang/Object;)Z @ 1
Event: 0.562 Thread 0x0000000002d70800 Uncommon trap: reason=bimorphic action=maybe_recompile pc=0x0000000002efc1e8 method=com.android.dx.ssa.NormalSsaInsn.accept(Lcom/android/dx/ssa/SsaInsn$Visitor;)V @ 9
Event: 0.564 Thread 0x0000000002d70800 Uncommon trap: reason=bimorphic action=maybe_recompile pc=0x0000000002efc1e8 method=com.android.dx.ssa.NormalSsaInsn.accept(Lcom/android/dx/ssa/SsaInsn$Visitor;)V @ 9
Event: 0.565 Thread 0x0000000002d70800 Uncommon trap: reason=bimorphic action=maybe_recompile pc=0x0000000002efc1e8 method=com.android.dx.ssa.NormalSsaInsn.accept(Lcom/android/dx/ssa/SsaInsn$Visitor;)V @ 9
Event: 0.569 Thread 0x0000000002d70800 Uncommon trap: reason=bimorphic action=maybe_recompile pc=0x0000000002efc1e8 method=com.android.dx.ssa.NormalSsaInsn.accept(Lcom/android/dx/ssa/SsaInsn$Visitor;)V @ 9

Internal exceptions (10 events):
Event: 0.475 Thread 0x0000000002d70800 Threw 0x00000000eb6d3f70 at C:\re\jdk7u75\1940\hotspot\src\share\vm\prims\jvm.cpp:1281
Event: 0.476 Thread 0x0000000002d70800 Threw 0x00000000eb6d8d90 at C:\re\jdk7u75\1940\hotspot\src\share\vm\prims\jvm.cpp:1281
Event: 0.482 Thread 0x0000000002d70800 Threw 0x00000000eb713490 at C:\re\jdk7u75\1940\hotspot\src\share\vm\prims\jvm.cpp:1281
Event: 0.515 Thread 0x0000000002d70800 Implicit null exception at 0x0000000002eee028 to 0x0000000002eee359
Event: 0.531 Thread 0x0000000002d70800 Threw 0x00000000eb852040 at C:\re\jdk7u75\1940\hotspot\src\share\vm\prims\jvm.cpp:1281
Event: 0.591 Thread 0x0000000002d70800 Threw 0x00000000eb9fe2b8 at C:\re\jdk7u75\1940\hotspot\src\share\vm\prims\jvm.cpp:1281
Event: 0.609 Thread 0x0000000002d70800 Threw 0x00000000eba3f188 at C:\re\jdk7u75\1940\hotspot\src\share\vm\prims\jvm.cpp:1281
Event: 0.609 Thread 0x0000000002d70800 Threw 0x00000000eba415b0 at C:\re\jdk7u75\1940\hotspot\src\share\vm\prims\jvm.cpp:1281
Event: 0.671 Thread 0x0000000002d70800 Threw 0x00000000ebb6fba0 at C:\re\jdk7u75\1940\hotspot\src\share\vm\prims\jvm.cpp:1281
Event: 0.924 Thread 0x0000000002d70800 Threw 0x00000000ebfed488 at C:\re\jdk7u75\1940\hotspot\src\share\vm\prims\jvm.cpp:1281

Events (10 events):
Event: 0.591 loading class 0x000000000a78d490
Event: 0.591 loading class 0x000000000a78d490 done
Event: 0.608 loading class 0x0000000008c8fed0
Event: 0.608 loading class 0x0000000008c8fed0 done
Event: 0.609 loading class 0x0000000008c96550
Event: 0.609 loading class 0x0000000008c96550 done
Event: 0.671 loading class 0x0000000008c967d0
Event: 0.671 loading class 0x0000000008c967d0 done
Event: 0.924 loading class 0x000000000a794310
Event: 0.924 loading class 0x000000000a794310 done


Dynamic libraries:
0x00007ff7edae0000 - 0x00007ff7edb13000 	C:\Program Files\Java\jdk1.7.0_75\bin\java.exe
0x00007ffd74d70000 - 0x00007ffd74f1c000 	C:\WINDOWS\SYSTEM32\ntdll.dll
0x00007ffd748e0000 - 0x00007ffd74a1e000 	C:\WINDOWS\system32\KERNEL32.DLL
0x00007ffd72020000 - 0x00007ffd72135000 	C:\WINDOWS\system32\KERNELBASE.dll
0x00007ffd70960000 - 0x00007ffd709ee000 	C:\WINDOWS\system32\apphelp.dll
0x00007ffd6f730000 - 0x00007ffd6f783000 	C:\WINDOWS\AppPatch\AppPatch64\AcGenral.DLL
0x00007ffd72680000 - 0x00007ffd7272a000 	C:\WINDOWS\system32\msvcrt.dll
0x00007ffd71cd0000 - 0x00007ffd71cfe000 	C:\WINDOWS\SYSTEM32\SspiCli.dll
0x00007ffd74c50000 - 0x00007ffd74ca4000 	C:\WINDOWS\system32\SHLWAPI.dll
0x00007ffd72e00000 - 0x00007ffd72f77000 	C:\WINDOWS\system32\USER32.dll
0x00007ffd72ae0000 - 0x00007ffd72c74000 	C:\WINDOWS\system32\ole32.dll
0x00007ffd731e0000 - 0x00007ffd746f8000 	C:\WINDOWS\system32\SHELL32.dll
0x00007ffd714a0000 - 0x00007ffd714c1000 	C:\WINDOWS\SYSTEM32\USERENV.dll
0x00007ffd747c0000 - 0x00007ffd7486a000 	C:\WINDOWS\system32\ADVAPI32.dll
0x00007ffd61350000 - 0x00007ffd6136e000 	C:\WINDOWS\SYSTEM32\MPR.dll
0x00007ffd72730000 - 0x00007ffd72871000 	C:\WINDOWS\system32\RPCRT4.dll
0x00007ffd74880000 - 0x00007ffd748d9000 	C:\WINDOWS\SYSTEM32\sechost.dll
0x00007ffd74a30000 - 0x00007ffd74c41000 	C:\WINDOWS\SYSTEM32\combase.dll
0x00007ffd72980000 - 0x00007ffd72ad1000 	C:\WINDOWS\system32\GDI32.dll
0x00007ffd71ea0000 - 0x00007ffd71eb5000 	C:\WINDOWS\SYSTEM32\profapi.dll
0x00007ffd709f0000 - 0x00007ffd70aa2000 	C:\WINDOWS\SYSTEM32\SHCORE.dll
0x00007ffd72940000 - 0x00007ffd72976000 	C:\WINDOWS\system32\IMM32.DLL
0x00007ffd72c80000 - 0x00007ffd72dd2000 	C:\WINDOWS\system32\MSCTF.dll
0x00007ffd6f830000 - 0x00007ffd6faab000 	C:\WINDOWS\WinSxS\amd64_microsoft.windows.common-controls_6595b64144ccf1df_6.0.9600.17415_none_6240486fecbd8abb\COMCTL32.dll
0x00000000763c0000 - 0x0000000076492000 	C:\Program Files\Java\jdk1.7.0_75\jre\bin\msvcr100.dll
0x0000000076850000 - 0x0000000077024000 	C:\Program Files\Java\jdk1.7.0_75\jre\bin\server\jvm.dll
0x00007ffd6a1b0000 - 0x00007ffd6a1b9000 	C:\WINDOWS\SYSTEM32\WSOCK32.dll
0x00007ffd6fca0000 - 0x00007ffd6fcc2000 	C:\WINDOWS\SYSTEM32\WINMM.dll
0x00007ffd731d0000 - 0x00007ffd731d7000 	C:\WINDOWS\system32\PSAPI.DLL
0x00007ffd74cb0000 - 0x00007ffd74d0a000 	C:\WINDOWS\system32\WS2_32.dll
0x00007ffd6f790000 - 0x00007ffd6f7ba000 	C:\WINDOWS\SYSTEM32\WINMMBASE.dll
0x00007ffd73010000 - 0x00007ffd73019000 	C:\WINDOWS\system32\NSI.dll
0x00007ffd71fd0000 - 0x00007ffd7201f000 	C:\WINDOWS\SYSTEM32\cfgmgr32.dll
0x00007ffd70c90000 - 0x00007ffd70cb8000 	C:\WINDOWS\SYSTEM32\DEVOBJ.dll
0x00000000513e0000 - 0x00000000513ef000 	C:\Program Files\Java\jdk1.7.0_75\jre\bin\verify.dll
0x00000000513b0000 - 0x00000000513d8000 	C:\Program Files\Java\jdk1.7.0_75\jre\bin\java.dll
0x0000000051390000 - 0x00000000513a5000 	C:\Program Files\Java\jdk1.7.0_75\jre\bin\zip.dll
0x0000000051370000 - 0x0000000051389000 	C:\Program Files\Java\jdk1.7.0_75\jre\bin\net.dll
0x00007ffd715b0000 - 0x00007ffd71609000 	C:\WINDOWS\system32\mswsock.dll
0x0000000051350000 - 0x0000000051361000 	C:\Program Files\Java\jdk1.7.0_75\jre\bin\nio.dll

VM Arguments:
jvm_args: -Xmx1024M -Dfile.encoding=windows-1252 -Duser.country=US -Duser.language=en -Duser.variant 
java_command: com.android.dx.command.Main --dex --output C:\Users\jasonhk1020\Desktop\Hmmm\app\build\intermediates\pre-dexed\debug\internal_impl-22.1.1-1b454ba2eed57e06cb4432c35fb5578f1da23950.jar C:\Users\jasonhk1020\Desktop\Hmmm\app\build\intermediates\exploded-aar\com.android.support\support-v4\22.1.1\libs\internal_impl-22.1.1.jar
Launcher Type: SUN_STANDARD

Environment Variables:
PATH=C:\ProgramData\Oracle\Java\javapath;C:\Program Files (x86)\Common Files\Intel\Shared Files\cpp\bin\Intel64;C:\Program Files (x86)\NVIDIA Corporation\PhysX\Common;C:\Program Files (x86)\Intel\iCLS Client\;C:\Program Files\Intel\iCLS Client\;C:\WINDOWS\system32;C:\WINDOWS;C:\WINDOWS\System32\Wbem;C:\WINDOWS\System32\WindowsPowerShell\v1.0\;C:\Program Files\Intel\Intel(R) Management Engine Components\DAL;C:\Program Files\Intel\Intel(R) Management Engine Components\IPT;C:\Program Files (x86)\Intel\Intel(R) Management Engine Components\DAL;C:\Program Files (x86)\Intel\Intel(R) Management Engine Components\IPT;C:\Program Files\MATLAB\R2012b\bin;C:\Program Files (x86)\QuickTime\QTSystem\;C:\Program Files (x86)\Skype\Phone\;C:\Program Files\nodejs\;C:\Users\jasonhk1020\AppData\Roaming\npm
USERNAME=jasonhk1020
OS=Windows_NT
PROCESSOR_IDENTIFIER=Intel64 Family 6 Model 58 Stepping 9, GenuineIntel



---------------  S Y S T E M  ---------------

OS: Windows 8.1 , 64 bit Build 9600 

CPU:total 4 (4 cores per cpu, 1 threads per core) family 6 model 58 stepping 9, cmov, cx8, fxsr, mmx, sse, sse2, sse3, ssse3, sse4.1, sse4.2, popcnt, avx, aes, erms, tsc, tscinvbit, tscinv

Memory: 4k page, physical 8342752k(1711860k free), swap 33508576k(5208k free)

vm_info: Java HotSpot(TM) 64-Bit Server VM (24.75-b04) for windows-amd64 JRE (1.7.0_75-b13), built on Dec 18 2014 17:15:01 by "java_re" with unknown MS VC++:1600

time: Fri May 08 20:10:37 2015
elapsed time: 1 seconds

