#
# There is insufficient memory for the Java Runtime Environment to continue.
# Native memory allocation (malloc) failed to allocate 450336 bytes for Chunk::new
# Possible reasons:
#   The system is out of physical RAM or swap space
#   In 32 bit mode, the process size limit was hit
# Possible solutions:
#   Reduce memory load on the system
#   Increase physical memory or swap space
#   Check if swap backing store is full
#   Use 64 bit Java on a 64 bit OS
#   Decrease Java heap size (-Xmx/-Xms)
#   Decrease number of Java threads
#   Decrease Java thread stack sizes (-Xss)
#   Set larger code cache with -XX:ReservedCodeCacheSize=
# This output file may be truncated or incomplete.
#
#  Out of Memory Error (allocation.cpp:323), pid=12088, tid=10392
#
# JRE version: Java(TM) SE Runtime Environment (7.0_75-b13) (build 1.7.0_75-b13)
# Java VM: Java HotSpot(TM) 64-Bit Server VM (24.75-b04 mixed mode windows-amd64 compressed oops)
# Failed to write core dump. Minidumps are not enabled by default on client versions of Windows
#

---------------  T H R E A D  ---------------

Current thread (0x0000000008033800):  JavaThread "C2 CompilerThread0" daemon [_thread_in_native, id=10392, stack(0x00000000095d0000,0x00000000096d0000)]

Stack: [0x00000000095d0000,0x00000000096d0000]
[error occurred during error reporting (printing stack bounds), id 0xc0000005]


[error occurred during error reporting (printing native stack), id 0xc0000005]


Current CompileTask:
C2:    630  150             com.android.dx.ssa.SsaConverter::placePhiFunctions (394 bytes)


---------------  P R O C E S S  ---------------

Java Threads: ( => current thread )
  0x0000000008045800 JavaThread "Service Thread" daemon [_thread_blocked, id=8316, stack(0x00000000097d0000,0x00000000098d0000)]
  0x000000000803f800 JavaThread "C2 CompilerThread1" daemon [_thread_in_native, id=7516, stack(0x00000000096d0000,0x00000000097d0000)]
=>0x0000000008033800 JavaThread "C2 CompilerThread0" daemon [_thread_in_native, id=10392, stack(0x00000000095d0000,0x00000000096d0000)]
  0x0000000008032800 JavaThread "Attach Listener" daemon [_thread_blocked, id=8544, stack(0x00000000094d0000,0x00000000095d0000)]
  0x000000000802f000 JavaThread "Signal Dispatcher" daemon [_thread_blocked, id=7932, stack(0x00000000093d0000,0x00000000094d0000)]
  0x0000000007fff000 JavaThread "Finalizer" daemon [_thread_blocked, id=9540, stack(0x00000000092d0000,0x00000000093d0000)]
  0x0000000007ff5800 JavaThread "Reference Handler" daemon [_thread_blocked, id=8332, stack(0x00000000091d0000,0x00000000092d0000)]
  0x0000000002040800 JavaThread "main" [_thread_in_Java, id=10104, stack(0x0000000001f10000,0x0000000002010000)]

Other Threads:
  0x0000000007ff1800 VMThread [stack: 0x00000000090d0000,0x00000000091d0000] [id=1812]
  0x0000000008054000 WatcherThread [stack: 0x00000000098d0000,0x00000000099d0000] [id=10280]

VM state:not at safepoint (normal execution)

VM Mutex/Monitor currently owned by a thread: None

Heap
 PSYoungGen      total 38400K, used 18004K [0x00000000eaa80000, 0x00000000ed500000, 0x0000000100000000)
  eden space 33280K, 54% used [0x00000000eaa80000,0x00000000ebc150d8,0x00000000ecb00000)
  from space 5120K, 0% used [0x00000000ed000000,0x00000000ed000000,0x00000000ed500000)
  to   space 5120K, 0% used [0x00000000ecb00000,0x00000000ecb00000,0x00000000ed000000)
 ParOldGen       total 86528K, used 0K [0x00000000c0000000, 0x00000000c5480000, 0x00000000eaa80000)
  object space 86528K, 0% used [0x00000000c0000000,0x00000000c0000000,0x00000000c5480000)
 PSPermGen       total 21504K, used 5408K [0x00000000bae00000, 0x00000000bc300000, 0x00000000c0000000)
  object space 21504K, 25% used [0x00000000bae00000,0x00000000bb348068,0x00000000bc300000)

Card table byte_map: [0x0000000005210000,0x0000000005440000] byte_map_base: 0x0000000004c39000

Polling page: 0x0000000002010000

Code Cache  [0x0000000002150000, 0x00000000023c0000, 0x0000000005150000)
 total_blobs=382 nmethods=148 adapters=186 free_code_cache=48543Kb largest_free_block=49689920

Compilation events (10 events):
Event: 0.615 Thread 0x0000000008033800 nmethod 145 0x00000000021e8ed0 code [0x00000000021e9000, 0x00000000021e9058]
Event: 0.618 Thread 0x0000000008033800  146             com.android.dx.ssa.SsaInsn::getBlock (5 bytes)
Event: 0.619 Thread 0x0000000008033800 nmethod 146 0x00000000021e8cd0 code [0x00000000021e8e00, 0x00000000021e8e58]
Event: 0.619 Thread 0x0000000008033800  147             com.android.dx.rop.code.BasicBlockList$RegCountVisitor::visit (52 bytes)
Event: 0.621 Thread 0x0000000008033800 nmethod 147 0x00000000021e8550 code [0x00000000021e86a0, 0x00000000021e88f8]
Event: 0.621 Thread 0x0000000008033800  148             com.android.dx.ssa.NormalSsaInsn::mapSourceRegisters (48 bytes)
Event: 0.623 Thread 0x0000000008033800 nmethod 148 0x00000000021ea590 code [0x00000000021ea720, 0x00000000021eaaa8]
Event: 0.623 Thread 0x0000000008033800  149             com.android.dx.rop.code.Insn::<init> (69 bytes)
Event: 0.624 Thread 0x0000000008033800 nmethod 149 0x00000000021e8250 code [0x00000000021e8380, 0x00000000021e8478]
Event: 0.624 